 * Serving Flask app "server" (lazy loading)
 * Environment: production
   WARNING: This is a development server. Do not use it in a production deployment.
   Use a production WSGI server instead.
 * Debug mode: off
 * Running on http://localhost:1235/ (Press CTRL+C to quit)
127.0.0.1 - - [06/Apr/2020 17:57:51] "[37mPOST /start_client HTTP/1.1[0m" 200 -
127.0.0.1 - - [06/Apr/2020 17:57:51] "[37mGET /notify_start HTTP/1.1[0m" 200 -
127.0.0.1 - - [06/Apr/2020 17:57:51] "[37mGET /notify_start HTTP/1.1[0m" 200 -
127.0.0.1 - - [06/Apr/2020 17:57:51] "[37mPOST /receive_info HTTP/1.1[0m" 200 -
RECEIVE  : Current Transactions not in block: 0
For node  0 : 400
For node  1 : 100
For node  2 : 0
For node  3 : 0
For node  4 : 0
All money :  500
127.0.0.1 - - [06/Apr/2020 17:57:51] "[37mPOST /receive_transaction HTTP/1.1[0m" 200 -
127.0.0.1 - - [06/Apr/2020 17:57:51] "[37mGET /notify_start HTTP/1.1[0m" 200 -
127.0.0.1 - - [06/Apr/2020 17:57:52] "[37mGET /notify_start HTTP/1.1[0m" 200 -
1586185072.3101075 :: Inital block was valid, no need to resolve conflict
Average time by now None
Number of blocks 0
For node  0 : 400
For node  1 : 100
For node  2 : 0
For node  3 : 0
For node  4 : 0
All money :  500
127.0.0.1 - - [06/Apr/2020 17:57:52] "[37mPOST /receive_block HTTP/1.1[0m" 200 -
RECEIVE  : Current Transactions not in block: 0
For node  0 : 300
For node  1 : 100
For node  2 : 100
For node  3 : 0
For node  4 : 0
All money :  500
127.0.0.1 - - [06/Apr/2020 17:57:52] "[37mPOST /receive_transaction HTTP/1.1[0m" 200 -
127.0.0.1 - - [06/Apr/2020 17:57:52] "[37mGET /notify_start HTTP/1.1[0m" 200 -
1586185072.4090335 :: Inital block was valid, no need to resolve conflict
Average time by now None
Number of blocks 1
For node  0 : 300
For node  1 : 100
For node  2 : 100
For node  3 : 0
For node  4 : 0
All money :  500
127.0.0.1 - - [06/Apr/2020 17:57:52] "[37mPOST /receive_block HTTP/1.1[0m" 200 -
RECEIVE  : Current Transactions not in block: 0
For node  0 : 200
For node  1 : 100
For node  2 : 100
For node  3 : 100
For node  4 : 0
All money :  500
127.0.0.1 - - [06/Apr/2020 17:57:52] "[37mPOST /receive_transaction HTTP/1.1[0m" 200 -
127.0.0.1 - - [06/Apr/2020 17:57:52] "[37mGET /notify_start HTTP/1.1[0m" 200 -
127.0.0.1 - - [06/Apr/2020 17:57:52] "[37mGET /notify_start HTTP/1.1[0m" 200 -
127.0.0.1 - - [06/Apr/2020 17:57:53] "[37mGET /notify_start HTTP/1.1[0m" 200 -
127.0.0.1 - - [06/Apr/2020 17:57:53] "[37mGET /notify_start HTTP/1.1[0m" 200 -
127.0.0.1 - - [06/Apr/2020 17:57:53] "[37mGET /notify_start HTTP/1.1[0m" 200 -
127.0.0.1 - - [06/Apr/2020 17:57:53] "[37mGET /notify_start HTTP/1.1[0m" 200 -
127.0.0.1 - - [06/Apr/2020 17:57:53] "[37mGET /notify_start HTTP/1.1[0m" 200 -
127.0.0.1 - - [06/Apr/2020 17:57:54] "[37mGET /notify_start HTTP/1.1[0m" 200 -
127.0.0.1 - - [06/Apr/2020 17:57:54] "[37mGET /notify_start HTTP/1.1[0m" 200 -
1586185074.3461843 :: Inital block was valid, no need to resolve conflict
Average time by now None
Number of blocks 2
For node  0 : 200
For node  1 : 100
For node  2 : 100
For node  3 : 100
For node  4 : 0
All money :  500
127.0.0.1 - - [06/Apr/2020 17:57:54] "[37mPOST /receive_block HTTP/1.1[0m" 200 -
RECEIVE  : Current Transactions not in block: 0
For node  0 : 100
For node  1 : 100
For node  2 : 100
For node  3 : 100
For node  4 : 100
All money :  500
127.0.0.1 - - [06/Apr/2020 17:57:54] "[37mPOST /receive_transaction HTTP/1.1[0m" 200 -
127.0.0.1 - - [06/Apr/2020 17:57:54] "[37mPOST /start HTTP/1.1[0m" 200 -
127.0.0.1 - - [06/Apr/2020 17:57:54] "[37mGET /notify_start HTTP/1.1[0m" 200 -
NEW: Current Transactions not in block: 1
NEW: I have to mine the block, if this tx is valid, I have to make a new one.
Block mined
1586185074.781156 :: Inital block was valid, no need to resolve conflict
Average time by now None
Number of blocks 3
For node  0 : 100
For node  1 : 100
For node  2 : 100
For node  3 : 100
For node  4 : 100
All money :  500
127.0.0.1 - - [06/Apr/2020 17:57:54] "[37mGET /request_chain HTTP/1.1[0m" 200 -
Successful mining and broadcast
127.0.0.1 - - [06/Apr/2020 17:57:55] "[37mGET /request_chain HTTP/1.1[0m" 200 -
127.0.0.1 - - [06/Apr/2020 17:57:55] "[37mGET /request_chain HTTP/1.1[0m" 200 -
Average time by now None
Number of blocks 4
For node  0 : 100
For node  1 : 91
For node  2 : 100
For node  3 : 109
For node  4 : 100
All money :  500
127.0.0.1 - - [06/Apr/2020 17:57:55] "[37mPOST /receive_block HTTP/1.1[0m" 200 -
For node  0 : 100
For node  1 : 91
For node  2 : 100
For node  3 : 109
For node  4 : 100
All money :  500
127.0.0.1 - - [06/Apr/2020 17:57:55] "[37mPOST /new_transaction HTTP/1.1[0m" 200 -
NEW: Current Transactions not in block: 1
NEW: I have to mine the block, if this tx is valid, I have to make a new one.
127.0.0.1 - - [06/Apr/2020 17:57:55] "[37mGET /request_chain HTTP/1.1[0m" 200 -
Block mined
Average time by now None
Number of blocks 5
For node  0 : 100
For node  1 : 91
For node  2 : 100
For node  3 : 109
For node  4 : 100
All money :  500
127.0.0.1 - - [06/Apr/2020 17:57:55] "[37mPOST /receive_block HTTP/1.1[0m" 200 -
1586185075.3580432 :: Inital block was valid, no need to resolve conflict
Average time by now 0.5079853137334188
Number of blocks 6
For node  0 : 100
For node  1 : 91
For node  2 : 100
For node  3 : 109
For node  4 : 100
All money :  500
127.0.0.1 - - [06/Apr/2020 17:57:55] "[37mGET /request_chain HTTP/1.1[0m" 200 -
127.0.0.1 - - [06/Apr/2020 17:57:55] "[37mGET /request_chain HTTP/1.1[0m" 200 -
127.0.0.1 - - [06/Apr/2020 17:57:55] "[37mGET /request_chain HTTP/1.1[0m" 200 -
127.0.0.1 - - [06/Apr/2020 17:57:55] "[37mGET /request_chain HTTP/1.1[0m" 200 -
127.0.0.1 - - [06/Apr/2020 17:57:55] "[37mGET /request_chain HTTP/1.1[0m" 200 -
127.0.0.1 - - [06/Apr/2020 17:57:55] "[37mGET /request_chain HTTP/1.1[0m" 200 -
Average time by now 0.4837286131722586
Number of blocks 7
For node  0 : 100
For node  1 : 91
For node  2 : 100
For node  3 : 109
For node  4 : 100
All money :  500
127.0.0.1 - - [06/Apr/2020 17:57:55] "[37mPOST /receive_block HTTP/1.1[0m" 200 -
RECEIVE  : Current Transactions not in block: 0
For node  0 : 93
For node  1 : 98
For node  2 : 100
For node  3 : 109
For node  4 : 100
All money :  500
127.0.0.1 - - [06/Apr/2020 17:57:55] "[37mPOST /receive_transaction HTTP/1.1[0m" 200 -
127.0.0.1 - - [06/Apr/2020 17:57:55] "[37mGET /request_chain HTTP/1.1[0m" 200 -
1586185075.8174224 :: Inital block was valid, no need to resolve conflict
Average time by now 0.43841269612312317
Number of blocks 8
For node  0 : 93
For node  1 : 98
For node  2 : 100
For node  3 : 109
For node  4 : 100
All money :  500
127.0.0.1 - - [06/Apr/2020 17:57:55] "[37mPOST /receive_block HTTP/1.1[0m" 200 -
127.0.0.1 - - [06/Apr/2020 17:57:55] "[37mGET /request_chain HTTP/1.1[0m" 200 -
127.0.0.1 - - [06/Apr/2020 17:57:55] "[37mGET /request_chain HTTP/1.1[0m" 200 -
127.0.0.1 - - [06/Apr/2020 17:57:55] "[37mGET /request_chain HTTP/1.1[0m" 200 -
127.0.0.1 - - [06/Apr/2020 17:57:56] "[37mGET /request_chain HTTP/1.1[0m" 200 -
127.0.0.1 - - [06/Apr/2020 17:57:56] "[37mGET /request_chain HTTP/1.1[0m" 200 -
127.0.0.1 - - [06/Apr/2020 17:57:56] "[37mGET /request_chain HTTP/1.1[0m" 200 -
127.0.0.1 - - [06/Apr/2020 17:57:56] "[37mGET /request_chain HTTP/1.1[0m" 200 -
Successful mining and broadcast
127.0.0.1 - - [06/Apr/2020 17:57:56] "[37mGET /request_chain HTTP/1.1[0m" 200 -
Average time by now 0.4263031217787001
Number of blocks 9
For node  0 : 99
For node  1 : 92
For node  2 : 100
For node  3 : 109
For node  4 : 100
All money :  500
127.0.0.1 - - [06/Apr/2020 17:57:56] "[37mPOST /receive_block HTTP/1.1[0m" 200 -
127.0.0.1 - - [06/Apr/2020 17:57:56] "[37mGET /request_chain HTTP/1.1[0m" 200 -
127.0.0.1 - - [06/Apr/2020 17:57:56] "[37mGET /request_chain HTTP/1.1[0m" 200 -
127.0.0.1 - - [06/Apr/2020 17:57:56] "[37mGET /request_chain HTTP/1.1[0m" 200 -
RECEIVE  : Current Transactions not in block: 1
RECEIVE: I have to mine the block, if this tx is valid, I have to make a new one.
127.0.0.1 - - [06/Apr/2020 17:57:56] "[37mGET /request_chain HTTP/1.1[0m" 200 -
127.0.0.1 - - [06/Apr/2020 17:57:56] "[37mGET /request_chain HTTP/1.1[0m" 200 -
Average time by now 0.4456854104995728
Number of blocks 10
For node  0 : 99
For node  1 : 92
For node  2 : 100
For node  3 : 109
For node  4 : 100
All money :  500
127.0.0.1 - - [06/Apr/2020 17:57:56] "[37mPOST /receive_block HTTP/1.1[0m" 200 -
127.0.0.1 - - [06/Apr/2020 17:57:56] "[37mGET /request_chain HTTP/1.1[0m" 200 -
127.0.0.1 - - [06/Apr/2020 17:57:57] "[37mGET /request_chain HTTP/1.1[0m" 200 -
1586185077.2373924 :: Inital block was valid, no need to resolve conflict
Average time by now 0.4479331103238193
Number of blocks 11
Block mined
127.0.0.1 - - [06/Apr/2020 17:57:57] "[37mGET /request_chain HTTP/1.1[0m" 200 -
For node  0 : 99
For node  1 : 92
For node  2 : 100
For node  3 : 109
For node  4 : 100
All money :  500
127.0.0.1 - - [06/Apr/2020 17:57:57] "[37mPOST /receive_block HTTP/1.1[0m" 200 -
127.0.0.1 - - [06/Apr/2020 17:57:57] "[37mGET /request_chain HTTP/1.1[0m" 200 -
Average time by now 0.4199254910151164
Number of blocks 12
For node  0 : 99
For node  1 : 92
For node  2 : 100
For node  3 : 109
For node  4 : 100
All money :  500
127.0.0.1 - - [06/Apr/2020 17:57:57] "[37mGET /request_chain HTTP/1.1[0m" 200 -
Average time by now 0.39393232418940616
Number of blocks 13
For node  0 : 99
For node  1 : 92
For node  2 : 100
For node  3 : 109
For node  4 : 100
All money :  500
127.0.0.1 - - [06/Apr/2020 17:57:57] "[37mPOST /receive_block HTTP/1.1[0m" 200 -
127.0.0.1 - - [06/Apr/2020 17:57:57] "[37mGET /request_chain HTTP/1.1[0m" 200 -
RECEIVE  : Current Transactions not in block: 0
For node  0 : 99
For node  1 : 92
For node  2 : 96
For node  3 : 109
For node  4 : 104
All money :  500
127.0.0.1 - - [06/Apr/2020 17:57:57] "[37mPOST /receive_transaction HTTP/1.1[0m" 200 -
127.0.0.1 - - [06/Apr/2020 17:57:57] "[37mGET /request_chain HTTP/1.1[0m" 200 -
127.0.0.1 - - [06/Apr/2020 17:57:57] "[37mGET /request_chain HTTP/1.1[0m" 200 -
127.0.0.1 - - [06/Apr/2020 17:57:57] "[37mGET /request_chain HTTP/1.1[0m" 200 -
Average time by now 0.3749337707247053
Number of blocks 14
For node  0 : 99
For node  1 : 92
For node  2 : 96
For node  3 : 109
For node  4 : 104
All money :  500
127.0.0.1 - - [06/Apr/2020 17:57:57] "[37mPOST /receive_block HTTP/1.1[0m" 200 -
127.0.0.1 - - [06/Apr/2020 17:57:57] "[37mGET /request_chain HTTP/1.1[0m" 200 -
127.0.0.1 - - [06/Apr/2020 17:57:57] "[37mGET /request_chain HTTP/1.1[0m" 200 -
127.0.0.1 - - [06/Apr/2020 17:57:57] "[37mGET /request_chain HTTP/1.1[0m" 200 -
RECEIVE  : Current Transactions not in block: 1
RECEIVE: I have to mine the block, if this tx is valid, I have to make a new one.
127.0.0.1 - - [06/Apr/2020 17:57:58] "[37mGET /request_chain HTTP/1.1[0m" 200 -
127.0.0.1 - - [06/Apr/2020 17:57:58] "[37mGET /request_chain HTTP/1.1[0m" 200 -
Successful mining and broadcast
For node  0 : 99
For node  1 : 92
For node  2 : 102
For node  3 : 103
For node  4 : 104
All money :  500
127.0.0.1 - - [06/Apr/2020 17:57:58] "[37mPOST /receive_transaction HTTP/1.1[0m" 200 -
1586185078.4551458 :: Inital block was valid, no need to resolve conflict
Average time by now 0.409668493270874
Number of blocks 15
For node  0 : 99
For node  1 : 92
For node  2 : 102
For node  3 : 108
For node  4 : 99
All money :  500
127.0.0.1 - - [06/Apr/2020 17:57:58] "[37mPOST /receive_block HTTP/1.1[0m" 200 -
127.0.0.1 - - [06/Apr/2020 17:57:58] "[37mGET /request_chain HTTP/1.1[0m" 200 -
127.0.0.1 - - [06/Apr/2020 17:57:58] "[37mGET /request_chain HTTP/1.1[0m" 200 -
127.0.0.1 - - [06/Apr/2020 17:57:58] "[37mGET /request_chain HTTP/1.1[0m" 200 -
Average time by now 0.4229288250207901
Number of blocks 16
For node  0 : 99
For node  1 : 92
For node  2 : 102
For node  3 : 108
For node  4 : 99
All money :  500
127.0.0.1 - - [06/Apr/2020 17:57:59] "[37mPOST /receive_block HTTP/1.1[0m" 200 -
127.0.0.1 - - [06/Apr/2020 17:57:59] "[37mGET /request_chain HTTP/1.1[0m" 200 -
127.0.0.1 - - [06/Apr/2020 17:57:59] "[37mGET /request_chain HTTP/1.1[0m" 200 -
127.0.0.1 - - [06/Apr/2020 17:57:59] "[37mGET /request_chain HTTP/1.1[0m" 200 -
127.0.0.1 - - [06/Apr/2020 17:57:59] "[37mGET /request_chain HTTP/1.1[0m" 200 -
127.0.0.1 - - [06/Apr/2020 17:57:59] "[37mGET /request_chain HTTP/1.1[0m" 200 -
127.0.0.1 - - [06/Apr/2020 17:57:59] "[37mGET /request_chain HTTP/1.1[0m" 200 -
Average time by now 0.41889068659614115
Number of blocks 17
For node  0 : 99
For node  1 : 92
For node  2 : 102
For node  3 : 108
For node  4 : 99
All money :  500
127.0.0.1 - - [06/Apr/2020 17:57:59] "[37mPOST /receive_block HTTP/1.1[0m" 200 -
For node  0 : 99
For node  1 : 92
For node  2 : 102
For node  3 : 108
For node  4 : 99
All money :  500
127.0.0.1 - - [06/Apr/2020 17:57:59] "[37mPOST /new_transaction HTTP/1.1[0m" 200 -
NEW: Current Transactions not in block: 2
NEW: I have to mine the block, if this tx is valid, I have to make a new one.
127.0.0.1 - - [06/Apr/2020 17:57:59] "[37mGET /request_chain HTTP/1.1[0m" 200 -
Average time by now 0.41492560174730087
Number of blocks 18
For node  0 : 99
For node  1 : 92
For node  2 : 102
For node  3 : 108
For node  4 : 99
All money :  500
127.0.0.1 - - [06/Apr/2020 17:57:59] "[37mPOST /receive_block HTTP/1.1[0m" 200 -
127.0.0.1 - - [06/Apr/2020 17:57:59] "[37mGET /request_chain HTTP/1.1[0m" 200 -
127.0.0.1 - - [06/Apr/2020 17:58:00] "[37mGET /request_chain HTTP/1.1[0m" 200 -
127.0.0.1 - - [06/Apr/2020 17:58:00] "[37mGET /request_chain HTTP/1.1[0m" 200 -
1586185080.4138885 :: Inital block was valid, no need to resolve conflict
Average time by now 0.42704777968557256
Number of blocks 19
For node  0 : 99
For node  1 : 92
For node  2 : 102
For node  3 : 108
For node  4 : 99
All money :  500
127.0.0.1 - - [06/Apr/2020 17:58:00] "[37mPOST /receive_block HTTP/1.1[0m" 200 -
RECEIVE  : Current Transactions not in block: 1
RECEIVE: I have to mine the block, if this tx is valid, I have to make a new one.
Block mined
Average time by now 0.45050973892211915
Number of blocks 20
For node  0 : 99
For node  1 : 92
For node  2 : 102
For node  3 : 108
For node  4 : 99
All money :  500
127.0.0.1 - - [06/Apr/2020 17:58:01] "[37mGET /request_chain HTTP/1.1[0m" 200 -
127.0.0.1 - - [06/Apr/2020 17:58:01] "[37mGET /request_chain HTTP/1.1[0m" 200 -
127.0.0.1 - - [06/Apr/2020 17:58:01] "[37mGET /request_chain HTTP/1.1[0m" 200 -
127.0.0.1 - - [06/Apr/2020 17:58:02] "[37mGET /request_chain HTTP/1.1[0m" 200 -
Successful mining and broadcast
127.0.0.1 - - [06/Apr/2020 17:58:02] "[37mGET /request_chain HTTP/1.1[0m" 200 -
127.0.0.1 - - [06/Apr/2020 17:58:02] "[37mGET /request_chain HTTP/1.1[0m" 200 -
127.0.0.1 - - [06/Apr/2020 17:58:02] "[37mGET /request_chain HTTP/1.1[0m" 200 -
127.0.0.1 - - [06/Apr/2020 17:58:02] "[37mGET /request_chain HTTP/1.1[0m" 200 -
Average time by now 0.49761159079415457
Number of blocks 21
For node  0 : 99
For node  1 : 87
For node  2 : 102
For node  3 : 113
For node  4 : 99
All money :  500
127.0.0.1 - - [06/Apr/2020 17:58:02] "[37mPOST /receive_block HTTP/1.1[0m" 200 -
1586185082.8222718 :: Inital block was valid, no need to resolve conflict
Average time by now 0.4780558781190352
Number of blocks 22
For node  0 : 99
For node  1 : 87
For node  2 : 102
For node  3 : 127.0.0.1 - - [06/Apr/2020 17:58:02] "[37mGET /request_chain HTTP/1.1[0m" 200 -
113
For node  4 : 99
All money :  500
127.0.0.1 - - [06/Apr/2020 17:58:02] "[37mPOST /receive_block HTTP/1.1[0m" 200 -
127.0.0.1 - - [06/Apr/2020 17:58:02] "[37mGET /request_chain HTTP/1.1[0m" 200 -
127.0.0.1 - - [06/Apr/2020 17:58:03] "[37mGET /request_chain HTTP/1.1[0m" 200 -
127.0.0.1 - - [06/Apr/2020 17:58:03] "[37mGET /request_chain HTTP/1.1[0m" 200 -
Average time by now 0.47857449365698773
Number of blocks 23
For node  0 : 99
For node  1 : 87
For node  2 : 102
For node  3 : 113
For node  4 : 99
All money :  500
127.0.0.1 - - [06/Apr/2020 17:58:03] "[37mPOST /receive_block HTTP/1.1[0m" 200 -
Block mined
127.0.0.1 - - [06/Apr/2020 17:58:03] "[37mGET /request_chain HTTP/1.1[0m" 200 -
Actually found a different chain
127.0.0.1 - - [06/Apr/2020 17:58:03] "[37mGET /request_chain HTTP/1.1[0m" 200 -
Average time by now 0.47939292589823407
Number of blocks 24
For node  0 : 91
For node  1 : 87
For node  2 : 110
For node  3 : 113
For node  4 : 99
All money :  500
127.0.0.1 - - [06/Apr/2020 17:58:03] "[37mGET /request_chain HTTP/1.1[0m" 200 -
Average time by now 0.46615430831909177
Number of blocks 25
For node  0 : 91
For node  1 : 87
For node  2 : 110
For node  3 : 113
For node  4 : 99
All money :  500
127.0.0.1 - - [06/Apr/2020 17:58:03] "[37mPOST /receive_block HTTP/1.1[0m" 200 -
127.0.0.1 - - [06/Apr/2020 17:58:04] "[37mGET /request_chain HTTP/1.1[0m" 200 -
127.0.0.1 - - [06/Apr/2020 17:58:04] "[37mGET /request_chain HTTP/1.1[0m" 200 -
RECEIVE  : Current Transactions not in block: 1
RECEIVE: I have to mine the block, if this tx is valid, I have to make a new one.
127.0.0.1 - - [06/Apr/2020 17:58:04] "[37mGET /request_chain HTTP/1.1[0m" 200 -
127.0.0.1 - - [06/Apr/2020 17:58:04] "[37mGET /request_chain HTTP/1.1[0m" 200 -
Successful mining and broadcast
Given input UTXO is not found in utxo records
For node  0 : 91
For node  1 : 87
For node  2 : 110
For node  3 : 113
For node  4 : 99
All money :  500
127.0.0.1 - - [06/Apr/2020 17:58:04] "[37mPOST /receive_transaction HTTP/1.1[0m" 200 -
Block mined
1586185084.8678122 :: Inital block was valid, no need to resolve conflict
Average time by now 0.4829869453723614
Number of blocks 26
For node  0 : 91
For node  1 : 87
For node  2 : 110
For node  3 : 113
For node  4 : 99
All money :  500
Successful mining and broadcast
For node  0 : 91
For node  1 : 87
For node  2 : 110
For node  3 : 105
For node  4 : 107
All money :  500
127.0.0.1 - - [06/Apr/2020 17:58:05] "[37mPOST /receive_transaction HTTP/1.1[0m" 200 -
127.0.0.1 - - [06/Apr/2020 17:58:05] "[37mGET /request_chain HTTP/1.1[0m" 200 -
127.0.0.1 - - [06/Apr/2020 17:58:05] "[37mGET /request_chain HTTP/1.1[0m" 200 -
127.0.0.1 - - [06/Apr/2020 17:58:05] "[37mGET /request_chain HTTP/1.1[0m" 200 -
Average time by now 0.5003994305928549
Number of blocks 27
For node  0 : 91
For node  1 : 87
For node  2 : 110
For node  3 : 105
For node  4 : 107
All money :  500
127.0.0.1 - - [06/Apr/2020 17:58:05] "[37mPOST /receive_block HTTP/1.1[0m" 200 -
127.0.0.1 - - [06/Apr/2020 17:58:05] "[37mGET /request_chain HTTP/1.1[0m" 200 -
127.0.0.1 - - [06/Apr/2020 17:58:05] "[37mGET /request_chain HTTP/1.1[0m" 200 -
127.0.0.1 - - [06/Apr/2020 17:58:06] "[37mGET /request_chain HTTP/1.1[0m" 200 -
Average time by now 0.49816593953541355
Number of blocks 28
For node  0 : 91
For node  1 : 87
For node  2 : 110
For node  3 : 105
For node  4 : 107
All money :  500
127.0.0.1 - - [06/Apr/2020 17:58:06] "[37mPOST /receive_block HTTP/1.1[0m" 200 -
For node  0 : 91
For node  1 : 87
For node  2 : 110
For node  3 : 105
For node  4 : 107
All money :  500
127.0.0.1 - - [06/Apr/2020 17:58:06] "[37mPOST /new_transaction HTTP/1.1[0m" 200 -
NEW: Current Transactions not in block: 1
NEW: I have to mine the block, if this tx is valid, I have to make a new one.
127.0.0.1 - - [06/Apr/2020 17:58:06] "[37mGET /request_chain HTTP/1.1[0m" 200 -
127.0.0.1 - - [06/Apr/2020 17:58:06] "[37mGET /request_chain HTTP/1.1[0m" 200 -
1586185086.8135557 :: Inital block was valid, no need to resolve conflict
Average time by now 0.5002104989413558
Number of blocks 29
For node  0 : 91
For node  1 : 87
For node  2 : 104
For node  3 : 111
For node  4 : 107
All money :  500
127.0.0.1 - - [06/Apr/2020 17:58:06] "[37mPOST /receive_block HTTP/1.1[0m" 200 -
127.0.0.1 - - [06/Apr/2020 17:58:06] "[37mGET /request_chain HTTP/1.1[0m" 200 -
127.0.0.1 - - [06/Apr/2020 17:58:06] "[37mGET /request_chain HTTP/1.1[0m" 200 -
127.0.0.1 - - [06/Apr/2020 17:58:07] "[37mGET /request_chain HTTP/1.1[0m" 200 -
Block mined
127.0.0.1 - - [06/Apr/2020 17:58:07] "[37mGET /request_chain HTTP/1.1[0m" 200 -
Average time by now 0.5038635094960532
Number of blocks 30
For node  0 : 91
For node  1 : 87
For node  2 : 104
For node  3 : 111
For node  4 : 107
All money :  500
Average time by now 0.49500368487450397
Number of blocks 31
For node  0 : 91
For node  1 : 87
For node  2 : 104
For node  3 : 111
For node  4 : 107
All money :  500
127.0.0.1 - - [06/Apr/2020 17:58:07] "[37mPOST /receive_block HTTP/1.1[0m" 200 -
127.0.0.1 - - [06/Apr/2020 17:58:07] "[37mGET /request_chain HTTP/1.1[0m" 200 -
127.0.0.1 - - [06/Apr/2020 17:58:07] "[37mGET /request_chain HTTP/1.1[0m" 200 -
Average time by now 0.48425240069627773
Number of blocks 32
For node  0 : 91
For node  1 : 87
For node  2 : 104
For node  3 : 111
For node  4 : 107
All money :  500
127.0.0.1 - - [06/Apr/2020 17:58:07] "[37mPOST /receive_block HTTP/1.1[0m" 200 -
127.0.0.1 - - [06/Apr/2020 17:58:07] "[37mGET /request_chain HTTP/1.1[0m" 200 -
127.0.0.1 - - [06/Apr/2020 17:58:07] "[37mGET /request_chain HTTP/1.1[0m" 200 -
127.0.0.1 - - [06/Apr/2020 17:58:08] "[37mGET /request_chain HTTP/1.1[0m" 200 -
127.0.0.1 - - [06/Apr/2020 17:58:08] "[37mGET /request_chain HTTP/1.1[0m" 200 -
1586185088.1297698 :: Inital block was valid, no need to resolve conflict
Average time by now 0.47999042453187896
Number of blocks 33
For node  0 : 91
For node  1 : 87
For node  2 : 104
For node  3 : 111
For node  4 : 107
All money :  500
127.0.0.1 - - [06/Apr/2020 17:58:08] "[37mPOST /receive_block HTTP/1.1[0m" 200 -
127.0.0.1 - - [06/Apr/2020 17:58:08] "[37mGET /request_chain HTTP/1.1[0m" 200 -
127.0.0.1 - - [06/Apr/2020 17:58:08] "[37mGET /request_chain HTTP/1.1[0m" 200 -
RECEIVE  : Current Transactions not in block: 0
127.0.0.1 - - [06/Apr/2020 17:58:08] "[37mGET /request_chain HTTP/1.1[0m" 200 -
Given input UTXO is not found in utxo records
For node  0 : 91
For node  1 : 87
For node  2 : 104
For node  3 : 111
For node  4 : 107
All money :  500
127.0.0.1 - - [06/Apr/2020 17:58:08] "[37mPOST /receive_transaction HTTP/1.1[0m" 200 -
127.0.0.1 - - [06/Apr/2020 17:58:08] "[37mGET /request_chain HTTP/1.1[0m" 200 -
127.0.0.1 - - [06/Apr/2020 17:58:08] "[37mGET /request_chain HTTP/1.1[0m" 200 -
127.0.0.1 - - [06/Apr/2020 17:58:08] "[37mGET /request_chain HTTP/1.1[0m" 200 -
Successful mining and broadcast
Given input UTXO is not found in utxo records
For node  0 : 91
For node  1 : 87
For node  2 : 104
For node  3 : 111
For node  4 : 107
All money :  500
127.0.0.1 - - [06/Apr/2020 17:58:08] "[37mPOST /receive_transaction HTTP/1.1[0m" 200 -
RECEIVE  : Current Transactions not in block: 0
For node  0 : 84
For node  1 : Average time by now 0.4805678970673506
Number of blocks 34
For node  0 : 84
For node  1 : 87
For node  2 : 111
For node  3 : 111
For node  4 : 107
All money :  500
127.0.0.1 - - [06/Apr/2020 17:58:08] "[37mPOST /receive_block HTTP/1.1[0m" 200 -
87
For node  2 : 111
For node  3 : 111
For node  4 : 107
All money :  500
127.0.0.1 - - [06/Apr/2020 17:58:08] "[37mPOST /receive_transaction HTTP/1.1[0m" 200 -
1586185088.6630008 :: Inital block was valid, no need to resolve conflict
Average time by now 0.46722475460597457
Number of blocks 35
For node  0 : 93
For node  1 : 87
For node  2 : 111
For node  3 : 102
For node  4 : 107
All money :  500
127.0.0.1 - - [06/Apr/2020 17:58:08] "[37mPOST /receive_block HTTP/1.1[0m" 200 -
1586185088.8081284 :: Inital block was valid, no need to resolve conflict
Average time by now 0.4582776294814217
Number of blocks 36
For node  0 : 93
For node  1 : 87
For node  2 : 111
For node  3 : 102
127.0.0.1 - - [06/Apr/2020 17:58:08] "[37mGET /request_chain HTTP/1.1[0m" 200 -
For node  4 : 107
All money :  500
127.0.0.1 - - [06/Apr/2020 17:58:08] "[37mPOST /receive_block HTTP/1.1[0m" 200 -
127.0.0.1 - - [06/Apr/2020 17:58:09] "[37mGET /request_chain HTTP/1.1[0m" 200 -
127.0.0.1 - - [06/Apr/2020 17:58:09] "[37mGET /request_chain HTTP/1.1[0m" 200 -
127.0.0.1 - - [06/Apr/2020 17:58:09] "[37mGET /request_chain HTTP/1.1[0m" 200 -
127.0.0.1 - - [06/Apr/2020 17:58:09] "[37mGET /request_chain HTTP/1.1[0m" 200 -
RECEIVE  : Current Transactions not in block: 0
Given input UTXO is not found in utxo records
For node  0 : 93
For node  1 : 87
For node  2 : 111
For node  3 : 102
For node  4 : 107
All money :  500
127.0.0.1 - - [06/Apr/2020 17:58:09] "[37mPOST /receive_transaction HTTP/1.1[0m" 200 -
127.0.0.1 - - [06/Apr/2020 17:58:09] "[37mGET /request_chain HTTP/1.1[0m" 200 -
Block mined
127.0.0.1 - - [06/Apr/2020 17:58:09] "[37mGET /request_chain HTTP/1.1[0m" 200 -
127.0.0.1 - - [06/Apr/2020 17:58:09] "[37mGET /request_chain HTTP/1.1[0m" 200 -
Average time by now 0.4732350143226418
Number of blocks 37
For node  0 : 93
For node  1 : 87
For node  2 : 111
For node  3 : 102
For node  4 : 107
All money :  500
127.0.0.1 - - [06/Apr/2020 17:58:09] "[37mGET /request_chain HTTP/1.1[0m" 200 -
RECEIVE  : Current Transactions not in block: 0
For node  0 : 97
For node  1 : 87
For node  2 : 111
For node  3 : 102
For node  4 : 103
All money :  500
127.0.0.1 - - [06/Apr/2020 17:58:09] "[37mPOST /receive_transaction HTTP/1.1[0m" 200 -
127.0.0.1 - - [06/Apr/2020 17:58:09] "[37mGET /request_chain HTTP/1.1[0m" 200 -
Average time by now 0.46508848039727474
Number of blocks 38
For node  0 : 97
For node  1 : 87
For node  2 : 111
For node  3 : 102
For node  4 : 103
All money :  500
127.0.0.1 - - [06/Apr/2020 17:58:09] "[37mPOST /receive_block HTTP/1.1[0m" 200 -
127.0.0.1 - - [06/Apr/2020 17:58:09] "[37mGET /request_chain HTTP/1.1[0m" 200 -
127.0.0.1 - - [06/Apr/2020 17:58:10] "[37mGET /request_chain HTTP/1.1[0m" 200 -
127.0.0.1 - - [06/Apr/2020 17:58:10] "[37mGET /request_chain HTTP/1.1[0m" 200 -
127.0.0.1 - - [06/Apr/2020 17:58:10] "[37mGET /request_chain HTTP/1.1[0m" 200 -
127.0.0.1 - - [06/Apr/2020 17:58:10] "[37mGET /request_chain HTTP/1.1[0m" 200 -
Given input UTXO is not found in utxo records
Actually found a different chain
Average time by now 0.4609663608746652
Number of blocks 39
For node  0 : 97
For node  1 : 87
For node  2 : 111
For node  3 : 102
For node  4 : 103
All money :  500
127.0.0.1 - - [06/Apr/2020 17:58:10] "[37mPOST /receive_block HTTP/1.1[0m" 200 -
127.0.0.1 - - [06/Apr/2020 17:58:10] "[37mGET /request_chain HTTP/1.1[0m" 200 -
127.0.0.1 - - [06/Apr/2020 17:58:10] "[37mGET /request_chain HTTP/1.1[0m" 200 -
Average time by now 0.4517511188983918
Number of blocks 40
For node  0 : 97
For node  1 : 87
For node  2 : 111
For node  3 : 102
For node  4 : 103
All money :  500
127.0.0.1 - - [06/Apr/2020 17:58:10] "[37mPOST /receive_block HTTP/1.1[0m" 200 -
127.0.0.1 - - [06/Apr/2020 17:58:10] "[37mGET /request_chain HTTP/1.1[0m" 200 -
127.0.0.1 - - [06/Apr/2020 17:58:10] "[37mGET /request_chain HTTP/1.1[0m" 200 -
127.0.0.1 - - [06/Apr/2020 17:58:10] "[37mGET /request_chain HTTP/1.1[0m" 200 -
Successful mining and broadcast
RECEIVE  : Current Transactions not in block: 0
For node  0 : 94
127.0.0.1 - - [06/Apr/2020 17:58:10] "[37mGET /request_chain HTTP/1.1[0m" 200 -
For node  1 : 85
For node  2 : 116
For node  3 : 102
For node  4 : 103
All money :  500
127.0.0.1 - - [06/Apr/2020 17:58:10] "[37mPOST /receive_transaction HTTP/1.1[0m" 200 -
127.0.0.1 - - [06/Apr/2020 17:58:10] "[37mGET /request_chain HTTP/1.1[0m" 200 -
127.0.0.1 - - [06/Apr/2020 17:58:10] "[37mGET /request_chain HTTP/1.1[0m" 200 -
127.0.0.1 - - [06/Apr/2020 17:58:11] "[37mGET /request_chain HTTP/1.1[0m" 200 -
Actually found a different chain
Average time by now 0.4634777743641924
Number of blocks 41
For node  0 : 94
For node  1 : 85
For node  2 : 110
For node  3 : 102
For node  4 : 109
All money :  500
127.0.0.1 - - [06/Apr/2020 17:58:11] "[37mPOST /receive_block HTTP/1.1[0m" 200 -
127.0.0.1 - - [06/Apr/2020 17:58:11] "[37mGET /request_chain HTTP/1.1[0m" 200 -
127.0.0.1 - - [06/Apr/2020 17:58:11] "[37mGET /request_chain HTTP/1.1[0m" 200 -
127.0.0.1 - - [06/Apr/2020 17:58:11] "[37mGET /request_chain HTTP/1.1[0m" 200 -
Average time by now 0.4661596559342885
Number of blocks 42
For node  0 : 94
For node  1 : 85
For node  2 : 110
For node  3 : 102
For node  4 : 109
All money :  500
127.0.0.1 - - [06/Apr/2020 17:58:11] "[37mPOST /receive_block HTTP/1.1[0m" 200 -
127.0.0.1 - - [06/Apr/2020 17:58:12] "[37mGET /request_chain HTTP/1.1[0m" 200 -
127.0.0.1 - - [06/Apr/2020 17:58:12] "[37mGET /request_chain HTTP/1.1[0m" 200 -
Average time by now 0.4702077189157176
Number of blocks 43
For node  0 : 94
For node  1 : 85
For node  2 : 110
For node  3 : 102
For node  4 : 109
All money :  500
127.0.0.1 - - [06/Apr/2020 17:58:12] "[37mPOST /receive_block HTTP/1.1[0m" 200 -
127.0.0.1 - - [06/Apr/2020 17:58:12] "[37mGET /request_chain HTTP/1.1[0m" 200 -
127.0.0.1 - - [06/Apr/2020 17:58:12] "[37mGET /request_chain HTTP/1.1[0m" 200 -
Given input UTXO is not found in utxo records
Actually found a different chain
Average time by now 0.46901922334324236
Number of blocks 44
For node  0 : 94
For node  1 : 85
For node  2 : 110
For node  3 : 102
For node  4 : 109
All money :  500
127.0.0.1 - - [06/Apr/2020 17:58:12] "[37mPOST /receive_block HTTP/1.1[0m" 200 -
127.0.0.1 - - [06/Apr/2020 17:58:12] "[37mGET /request_chain HTTP/1.1[0m" 200 -
127.0.0.1 - - [06/Apr/2020 17:58:13] "[37mGET /request_chain HTTP/1.1[0m" 200 -
Average time by now 0.46084541214836977
Number of blocks 45
For node  0 : 94
For node  1 : 85
For node  2 : 110
For node  3 : 102
For node  4 : 109
All money :  500
127.0.0.1 - - [06/Apr/2020 17:58:13] "[37mPOST /receive_block HTTP/1.1[0m" 200 -
127.0.0.1 - - [06/Apr/2020 17:58:13] "[37mGET /request_chain HTTP/1.1[0m" 200 -
127.0.0.1 - - [06/Apr/2020 17:58:13] "[37mGET /request_chain HTTP/1.1[0m" 200 -
RECEIVE  : Current Transactions not in block: 1
RECEIVE: I have to mine the block, if this tx is valid, I have to make a new one.
127.0.0.1 - - [06/Apr/2020 17:58:13] "[37mGET /request_chain HTTP/1.1[0m" 200 -
127.0.0.1 - - [06/Apr/2020 17:58:13] "[37mGET /request_chain HTTP/1.1[0m" 200 -
127.0.0.1 - - [06/Apr/2020 17:58:13] "[37mGET /request_chain HTTP/1.1[0m" 200 -
127.0.0.1 - - [06/Apr/2020 17:58:13] "[37mGET /request_chain HTTP/1.1[0m" 200 -
Average time by now 0.4608194517052693
Number of blocks 46
For node  0 : 94
For node  1 : 85
For node  2 : 110
For node  3 : 102
For node  4 : 109
All money :  500
127.0.0.1 - - [06/Apr/2020 17:58:13] "[37mPOST /receive_block HTTP/1.1[0m" 200 -
127.0.0.1 - - [06/Apr/2020 17:58:13] "[37mGET /request_chain HTTP/1.1[0m" 200 -
RECEIVE  : Current Transactions not in block: 1
RECEIVE: I have to mine the block, if this tx is valid, I have to make a new one.
Block mined
1586185093.740006 :: Inital block was valid, no need to resolve conflict
Average time by now 0.45595475460620644
127.0.0.1 - - [06/Apr/2020 17:58:13] "[37mGET /request_chain HTTP/1.1[0m" 200 -
Number of blocks 47
For node  0 : 94
For node  1 : 85
For node  2 : 110
For node  3 : 102
For node  4 : 109
All money :  500
127.0.0.1 - - [06/Apr/2020 17:58:13] "[37mGET /request_chain HTTP/1.1[0m" 200 -
Block mined
127.0.0.1 - - [06/Apr/2020 17:58:13] "[37mGET /request_chain HTTP/1.1[0m" 200 -
Average time by now 0.4514463643232982
Number of blocks 48
For node  0 : 94
For node  1 : 85
For node  2 : 110
For node  3 : 102
For node  4 : 109
All money :  500
127.0.0.1 - - [06/Apr/2020 17:58:13] "[37mPOST /receive_block HTTP/1.1[0m" 200 -
127.0.0.1 - - [06/Apr/2020 17:58:14] "[37mGET /request_chain HTTP/1.1[0m" 200 -
Average time by now 0.4441164707650944
Number of blocks 49
For node  0 : 94
For node  1 : 85
For node  2 : 110
For node  3 : 102
For node  4 : 109
All money :  500
127.0.0.1 - - [06/Apr/2020 17:58:14] "[37mGET /request_chain HTTP/1.1[0m" 200 -
127.0.0.1 - - [06/Apr/2020 17:58:14] "[37mGET /request_chain HTTP/1.1[0m" 200 -
127.0.0.1 - - [06/Apr/2020 17:58:14] "[37mGET /request_chain HTTP/1.1[0m" 200 -
127.0.0.1 - - [06/Apr/2020 17:58:14] "[37mGET /request_chain HTTP/1.1[0m" 200 -
127.0.0.1 - - [06/Apr/2020 17:58:14] "[37mGET /request_chain HTTP/1.1[0m" 200 -
Successful mining and broadcast
For node  0 : 94
For node  1 : 86
For node  2 : 110
For node  3 : 102
For node  4 : 108
All money :  500
127.0.0.1 - - [06/Apr/2020 17:58:14] "[37mPOST /receive_transaction HTTP/1.1[0m" 200 -
127.0.0.1 - - [06/Apr/2020 17:58:14] "[37mGET /request_chain HTTP/1.1[0m" 200 -
127.0.0.1 - - [06/Apr/2020 17:58:14] "[37mGET /request_chain HTTP/1.1[0m" 200 -
127.0.0.1 - - [06/Apr/2020 17:58:14] "[37mGET /request_chain HTTP/1.1[0m" 200 -
Average time by now 0.45161150455474863
Number of blocks 50
For node  0 : 94
For node  1 : 86
For node  2 : 110
For node  3 : 102
For node  4 : 108
All money :  500
127.0.0.1 - - [06/Apr/2020 17:58:14] "[37mPOST /receive_block HTTP/1.1[0m" 200 -
RECEIVE  : Current Transactions not in block: 1
RECEIVE: I have to mine the block, if this tx is valid, I have to make a new one.
127.0.0.1 - - [06/Apr/2020 17:58:14] "[37mGET /request_chain HTTP/1.1[0m" 200 -
127.0.0.1 - - [06/Apr/2020 17:58:14] "[37mGET /request_chain HTTP/1.1[0m" 200 -
127.0.0.1 - - [06/Apr/2020 17:58:15] "[37mGET /request_chain HTTP/1.1[0m" 200 -
Successful mining and broadcast
For node  0 : 94
For node  1 : 86
For node  2 : 120
For node  3 : 92
For node  4 : 108
All money :  500
127.0.0.1 - - [06/Apr/2020 17:58:15] "[37mPOST /receive_transaction HTTP/1.1[0m" 200 -
1586185095.1951585 :: Inital block was valid, no need to resolve conflict
Average time by now 0.4489413149216597
Number of blocks 51
For node  0 : 94
For node  1 : 86
For node  2 : 120
For node  3 : 92
For node  4 : 108
All money :  500
127.0.0.1 - - [06/Apr/2020 17:58:15] "[37mPOST /receive_block HTTP/1.1[0m" 200 -
127.0.0.1 - - [06/Apr/2020 17:58:15] "[37mGET /request_chain HTTP/1.1[0m" 200 -
For node  0 : 94
For node  1 : 86
For node  2 : 120
For node  3 : 92
For node  4 : 108
All money :  500
127.0.0.1 - - [06/Apr/2020 17:58:15] "[37mPOST /new_transaction HTTP/1.1[0m" 200 -
NEW: Current Transactions not in block: 1
NEW: I have to mine the block, if this tx is valid, I have to make a new one.
127.0.0.1 - - [06/Apr/2020 17:58:15] "[37mGET /request_chain HTTP/1.1[0m" 200 -
127.0.0.1 - - [06/Apr/2020 17:58:15] "[37mGET /request_chain HTTP/1.1[0m" 200 -
127.0.0.1 - - [06/Apr/2020 17:58:15] "[37mGET /request_chain HTTP/1.1[0m" 200 -
127.0.0.1 - - [06/Apr/2020 17:58:15] "[37mGET /request_chain HTTP/1.1[0m" 200 -
Block mined
Average time by now 0.45402431488037115
Number of blocks 52
For node  0 : 94
For node  1 : 86
For node  2 : 120
For node  3 : 92
For node  4 : 108
All money :  500
127.0.0.1 - - [06/Apr/2020 17:58:15] "[37mPOST /receive_block HTTP/1.1[0m" 200 -
1586185095.971406 :: Inital block was valid, no need to resolve conflict
Average time by now 0.44653455716259083
Number of blocks 53
For node  0 : 94
For node  1 : 86
For node  2 : 120
For node  3 : 92
For node  4 : 108
All money :  500
127.0.0.1 - - [06/Apr/2020 17:58:16] "[37mGET /request_chain HTTP/1.1[0m" 200 -
127.0.0.1 - - [06/Apr/2020 17:58:16] "[37mGET /request_chain HTTP/1.1[0m" 200 -
127.0.0.1 - - [06/Apr/2020 17:58:16] "[37mGET /request_chain HTTP/1.1[0m" 200 -
Block mined
Average time by now 0.4446910531432541
Number of blocks 54
For node  0 : 94
For node  1 : 86
For node  2 : 120
For node  3 : 92
For node  4 : 108
All money :  500
127.0.0.1 - - [06/Apr/2020 17:58:16] "[37mPOST /receive_block HTTP/1.1[0m" 200 -
Average time by now 0.4378079544414174
Number of blocks 55
For node  0 : 94
For node  1 : 86
For node  2 : 120
For node  3 : 92
For node  4 : 108
All money :  500
127.0.0.1 - - [06/Apr/2020 17:58:16] "[37mGET /request_chain HTTP/1.1[0m" 200 -
RECEIVE  : Current Transactions not in block: 0
For node  0 : 99
For node  1 : 86
For node  2 : 120
For node  3 : 92
For node  4 : 103
All money :  500
127.0.0.1 - - [06/Apr/2020 17:58:16] "[37mPOST /receive_transaction HTTP/1.1[0m" 200 -
Successful mining and broadcast
127.0.0.1 - - [06/Apr/2020 17:58:16] "[37mGET /request_chain HTTP/1.1[0m" 200 -
127.0.0.1 - - [06/Apr/2020 17:58:16] "[37mGET /request_chain HTTP/1.1[0m" 200 -
127.0.0.1 - - [06/Apr/2020 17:58:16] "[37mGET /request_chain HTTP/1.1[0m" 200 -
127.0.0.1 - - [06/Apr/2020 17:58:17] "[37mGET /request_chain HTTP/1.1[0m" 200 -
127.0.0.1 - - [06/Apr/2020 17:58:17] "[37mGET /request_chain HTTP/1.1[0m" 200 -
127.0.0.1 - - [06/Apr/2020 17:58:17] "[37mGET /request_chain HTTP/1.1[0m" 200 -
1586185097.7994146 :: Inital block was valid, no need to resolve conflict
Average time by now 0.4551657438278199
Number of blocks 56
For node  0 : 99
For node  1 : 81
For node  2 : 120
For node  3 : 92
For node  4 : 108
All money :  500
127.0.0.1 - - [06/Apr/2020 17:58:17] "[37mPOST /receive_block HTTP/1.1[0m" 200 -
127.0.0.1 - - [06/Apr/2020 17:58:17] "[37mGET /request_chain HTTP/1.1[0m" 200 -
127.0.0.1 - - [06/Apr/2020 17:58:17] "[37mGET /request_chain HTTP/1.1[0m" 200 -
127.0.0.1 - - [06/Apr/2020 17:58:17] "[37mGET /request_chain HTTP/1.1[0m" 200 -
Average time by now 0.44946449681332246
Number of blocks 57
For node  0 : 99
For node  1 : 81
For node  2 : 120
For node  3 : 92
For node  4 : 108
All money :  500
127.0.0.1 - - [06/Apr/2020 17:58:17] "[37mPOST /receive_block HTTP/1.1[0m" 200 -
127.0.0.1 - - [06/Apr/2020 17:58:17] "[37mGET /request_chain HTTP/1.1[0m" 200 -
127.0.0.1 - - [06/Apr/2020 17:58:18] "[37mGET /request_chain HTTP/1.1[0m" 200 -
Average time by now 0.443915815188967
Successful mining and broadcast
Number of blocks 58
For node  0 : 99
For node  1 : 81
For node  2 : 120
For node  3 : 92
For node  4 : 108
All money :  500
127.0.0.1 - - [06/Apr/2020 17:58:18] "[37mPOST /receive_block HTTP/1.1[0m" 200 -
Given input UTXO is not found in utxo records
For node  0 : 99
For node  1 : 81
For node  2 : 120
For node  3 : 92
For node  4 : 108
All money :  500
127.0.0.1 - - [06/Apr/2020 17:58:18] "[37mPOST /receive_transaction HTTP/1.1[0m" 200 -
127.0.0.1 - - [06/Apr/2020 17:58:18] "[37mGET /request_chain HTTP/1.1[0m" 200 -
127.0.0.1 - - [06/Apr/2020 17:58:18] "[37mGET /request_chain HTTP/1.1[0m" 200 -
127.0.0.1 - - [06/Apr/2020 17:58:18] "[37mGET /request_chain HTTP/1.1[0m" 200 -
RECEIVE  : Current Transactions not in block: 1
RECEIVE: I have to mine the block, if this tx is valid, I have to make a new one.
127.0.0.1 - - [06/Apr/2020 17:58:18] "[37mGET /request_chain HTTP/1.1[0m" 200 -
127.0.0.1 - - [06/Apr/2020 17:58:18] "[37mGET /request_chain HTTP/1.1[0m" 200 -
Average time by now 0.44388639320761475
Number of blocks 59
For node  0 : 99
For node  1 : 81
For node  2 : 120
For node  3 : 92
For node  4 : 108
All money :  500
127.0.0.1 - - [06/Apr/2020 17:58:18] "[37mPOST /receive_block HTTP/1.1[0m" 200 -
127.0.0.1 - - [06/Apr/2020 17:58:18] "[37mGET /request_chain HTTP/1.1[0m" 200 -
127.0.0.1 - - [06/Apr/2020 17:58:18] "[37mGET /request_chain HTTP/1.1[0m" 200 -
RECEIVE  : Current Transactions not in block: 1
RECEIVE: I have to mine the block, if this tx is valid, I have to make a new one.
127.0.0.1 - - [06/Apr/2020 17:58:19] "[37mGET /request_chain HTTP/1.1[0m" 200 -
Block mined
1586185099.2791202 :: Inital block was valid, no need to resolve conflict
Average time by now 0.4494828383127849
Number of blocks 60
For node  0 : 99
For node  1 : 81
For node  2 : 120
For node  3 : 92
For node  4 : 108
All money :  500
127.0.0.1 - - [06/Apr/2020 17:58:19] "[37mGET /request_chain HTTP/1.1[0m" 200 -
127.0.0.1 - - [06/Apr/2020 17:58:19] "[37mGET /request_chain HTTP/1.1[0m" 200 -
127.0.0.1 - - [06/Apr/2020 17:58:19] "[37mGET /request_chain HTTP/1.1[0m" 200 -
Successful mining and broadcast
For node  0 : 94
For node  1 : 86
For node  2 : 120
For node  3 : 92
For node  4 : 108
All money :  500
127.0.0.1 - - [06/Apr/2020 17:58:19] "[37mPOST /receive_transaction HTTP/1.1[0m" 200 -
127.0.0.1 - - [06/Apr/2020 17:58:19] "[37mGET /request_chain HTTP/1.1[0m" 200 -
Block mined
Average time by now 0.4523227058473181
Number of blocks 61
For node  0 : 94
For node  1 : 86
For node  2 : 120
For node  3 : 92
For node  4 : 108
All money :  500
127.0.0.1 - - [06/Apr/2020 17:58:19] "[37mPOST /receive_block HTTP/1.1[0m" 200 -
Actually found a different chain
127.0.0.1 - - [06/Apr/2020 17:58:19] "[37mGET /request_chain HTTP/1.1[0m" 200 -
Average time by now 0.44700769839748267
Number of blocks 62
For node  0 : 94
For node  1 : 94
For node  2 : 120
For node  3 : 84
For node  4 : 108
All money :  500
127.0.0.1 - - [06/Apr/2020 17:58:20] "[37mPOST /receive_block HTTP/1.1[0m" 200 -
127.0.0.1 - - [06/Apr/2020 17:58:20] "[37mGET /request_chain HTTP/1.1[0m" 200 -
Average time by now 0.4411423206329346
Number of blocks 63
For node  0 : 94
For node  1 : 94
For node  2 : 120
For node  3 : 84
For node  4 : 108
All money :  500
127.0.0.1 - - [06/Apr/2020 17:58:20] "[37mGET /request_chain HTTP/1.1[0m" 200 -
Average time by now 0.4353522434830666
Number of blocks 64
For node  0 : 94
For node  1 : 94
For node  2 : 120
For node  3 : 84
For node  4 : 108
All money :  500
127.0.0.1 - - [06/Apr/2020 17:58:20] "[37mPOST /receive_block HTTP/1.1[0m" 200 -
127.0.0.1 - - [06/Apr/2020 17:58:20] "[37mGET /request_chain HTTP/1.1[0m" 200 -
127.0.0.1 - - [06/Apr/2020 17:58:20] "[37mGET /request_chain HTTP/1.1[0m" 200 -
127.0.0.1 - - [06/Apr/2020 17:58:20] "[37mGET /request_chain HTTP/1.1[0m" 200 -
127.0.0.1 - - [06/Apr/2020 17:58:20] "[37mGET /request_chain HTTP/1.1[0m" 200 -
127.0.0.1 - - [06/Apr/2020 17:58:20] "[37mGET /request_chain HTTP/1.1[0m" 200 -
127.0.0.1 - - [06/Apr/2020 17:58:20] "[37mGET /request_chain HTTP/1.1[0m" 200 -
127.0.0.1 - - [06/Apr/2020 17:58:20] "[37mGET /request_chain HTTP/1.1[0m" 200 -
127.0.0.1 - - [06/Apr/2020 17:58:21] "[37mGET /request_chain HTTP/1.1[0m" 200 -
RECEIVE  : Current Transactions not in block: 1
RECEIVE: I have to mine the block, if this tx is valid, I have to make a new one.
Block mined
1586185101.4939418 :: Inital block was valid, no need to resolve conflict
Average time by now 0.44898130710308376
Number of blocks 65
For node  0 : 94
For node  1 : 94
For node  2 : 120
For node  3 : 84
For node  4 : 108
All money :  500
Successful mining and broadcast
Given input UTXO is not found in utxo records
For node  0 : 94
For node  1 : 94
For node  2 : 120
For node  3 : 84
For node  4 : 108
All money :  500
127.0.0.1 - - [06/Apr/2020 17:58:21] "[37mPOST /receive_transaction HTTP/1.1[0m" 200 -
127.0.0.1 - - [06/Apr/2020 17:58:21] "[37mGET /request_chain HTTP/1.1[0m" 200 -
127.0.0.1 - - [06/Apr/2020 17:58:22] "[37mGET /request_chain HTTP/1.1[0m" 200 -
127.0.0.1 - - [06/Apr/2020 17:58:22] "[37mGET /request_chain HTTP/1.1[0m" 200 -
Average time by now 0.45282148953640106
Number of blocks 66
For node  0 : 94
For node  1 : 94
For node  2 : 120
For node  3 : 84
For node  4 : 108
All money :  500
127.0.0.1 - - [06/Apr/2020 17:58:22] "[37mPOST /receive_block HTTP/1.1[0m" 200 -
127.0.0.1 - - [06/Apr/2020 17:58:22] "[37mGET /request_chain HTTP/1.1[0m" 200 -
127.0.0.1 - - [06/Apr/2020 17:58:22] "[37mGET /request_chain HTTP/1.1[0m" 200 -
127.0.0.1 - - [06/Apr/2020 17:58:22] "[37mGET /request_chain HTTP/1.1[0m" 200 -
127.0.0.1 - - [06/Apr/2020 17:58:22] "[37mGET /request_chain HTTP/1.1[0m" 200 -
Average time by now 0.45191670887505836
Number of blocks 67
For node  0 : 94
For node  1 : 94
For node  2 : 120
For node  3 : 84
For node  4 : 108
All money :  500
127.0.0.1 - - [06/Apr/2020 17:58:22] "[37mPOST /receive_block HTTP/1.1[0m" 200 -
Successful mining and broadcast
For node  0 : 94
For node  1 : 94
For node  2 : 122
For node  3 : 84
For node  4 : 106
All money :  500
127.0.0.1 - - [06/Apr/2020 17:58:22] "[37mPOST /receive_transaction HTTP/1.1[0m" 200 -
127.0.0.1 - - [06/Apr/2020 17:58:22] "[37mGET /request_chain HTTP/1.1[0m" 200 -
127.0.0.1 - - [06/Apr/2020 17:58:22] "[37mGET /request_chain HTTP/1.1[0m" 200 -
127.0.0.1 - - [06/Apr/2020 17:58:22] "[37mGET /request_chain HTTP/1.1[0m" 200 -
For node  0 : 94
For node  1 : 94
For node  2 : 122
For node  3 : 84
For node  4 : 106
All money :  500
127.0.0.1 - - [06/Apr/2020 17:58:23] "[37mPOST /new_transaction HTTP/1.1[0m" 200 -
NEW: Current Transactions not in block: 1
NEW: I have to mine the block, if this tx is valid, I have to make a new one.
127.0.0.1 - - [06/Apr/2020 17:58:23] "[37mGET /request_chain HTTP/1.1[0m" 200 -
127.0.0.1 - - [06/Apr/2020 17:58:23] "[37mGET /request_chain HTTP/1.1[0m" 200 -
127.0.0.1 - - [06/Apr/2020 17:58:23] "[37mGET /request_chain HTTP/1.1[0m" 200 -
127.0.0.1 - - [06/Apr/2020 17:58:23] "[37mGET /request_chain HTTP/1.1[0m" 200 -
127.0.0.1 - - [06/Apr/2020 17:58:23] "[37mGET /request_chain HTTP/1.1[0m" 200 -
Given input UTXO is not found in utxo records
Actually found a different chain
Average time by now 0.4611348895465627
Number of blocks 68
For node  0 : 94
Block mined
For node  1 : 94
For node  2 : 122
For node  3 : 84
For node  4 : 106
All money :  500
127.0.0.1 - - [06/Apr/2020 17:58:23] "[37mPOST /receive_block HTTP/1.1[0m" 200 -
Average time by now 0.45514580132304766
Number of blocks 69
For node  0 : 94
For node  1 : 94
For node  2 : 122
For node  3 : 84
For node  4 : 106
All money :  500
127.0.0.1 - - [06/Apr/2020 17:58:23] "[37mPOST /receive_block HTTP/1.1[0m" 200 -
127.0.0.1 - - [06/Apr/2020 17:58:23] "[37mGET /request_chain HTTP/1.1[0m" 200 -
Average time by now 0.44945220947265635
Number of blocks 70
For node  0 : 94
For node  1 : 94
For node  2 : 122
For node  3 : 84
For node  4 : 106
All money :  500
127.0.0.1 - - [06/Apr/2020 17:58:23] "[37mPOST /receive_block HTTP/1.1[0m" 200 -
127.0.0.1 - - [06/Apr/2020 17:58:23] "[37mGET /request_chain HTTP/1.1[0m" 200 -
Average time by now 0.44363861016824224
Number of blocks 71
For node  0 : 94
For node  1 : 94
For node  2 : 122
For node  3 : 84
For node  4 : 106
All money :  500
127.0.0.1 - - [06/Apr/2020 17:58:23] "[37mPOST /receive_block HTTP/1.1[0m" 200 -
127.0.0.1 - - [06/Apr/2020 17:58:23] "[37mGET /request_chain HTTP/1.1[0m" 200 -
Average time by now 0.43804419702953773
Number of blocks 72
For node  0 : 94
For node  1 : 94
For node  2 : 122
For node  3 : 84
For node  4 : 106
All money :  500
127.0.0.1 - - [06/Apr/2020 17:58:23] "[37mGET /request_chain HTTP/1.1[0m" 200 -
127.0.0.1 - - [06/Apr/2020 17:58:23] "[37mGET /request_chain HTTP/1.1[0m" 200 -
RECEIVE  : Current Transactions not in block: 0
For node  0 : 94
For node  1 : 94
For node  2 : 131
For node  3 : 75
For node  4 : 127.0.0.1 - - [06/Apr/2020 17:58:23] "[37mGET /request_chain HTTP/1.1[0m" 200 -
106
All money :  500
127.0.0.1 - - [06/Apr/2020 17:58:23] "[37mPOST /receive_transaction HTTP/1.1[0m" 200 -
127.0.0.1 - - [06/Apr/2020 17:58:23] "[37mGET /request_chain HTTP/1.1[0m" 200 -
127.0.0.1 - - [06/Apr/2020 17:58:23] "[37mGET /request_chain HTTP/1.1[0m" 200 -
127.0.0.1 - - [06/Apr/2020 17:58:24] "[37mGET /request_chain HTTP/1.1[0m" 200 -
127.0.0.1 - - [06/Apr/2020 17:58:24] "[37mGET /request_chain HTTP/1.1[0m" 200 -
127.0.0.1 - - [06/Apr/2020 17:58:24] "[37mGET /request_chain HTTP/1.1[0m" 200 -
1586185104.2484276 :: Inital block was valid, no need to resolve conflict
Average time by now 0.4375108823384325
Number of blocks 73
For node  0 : 94
For node  1 : 94
For node  2 : 131
For node  3 : 75
For node  4 : 106
All money :  500
127.0.0.1 - - [06/Apr/2020 17:58:24] "[37mPOST /receive_block HTTP/1.1[0m" 200 -
127.0.0.1 - - [06/Apr/2020 17:58:24] "[37mGET /request_chain HTTP/1.1[0m" 200 -
127.0.0.1 - - [06/Apr/2020 17:58:24] "[37mGET /request_chain HTTP/1.1[0m" 200 -
127.0.0.1 - - [06/Apr/2020 17:58:24] "[37mGET /request_chain HTTP/1.1[0m" 200 -
127.0.0.1 - - [06/Apr/2020 17:58:24] "[37mGET /request_chain HTTP/1.1[0m" 200 -
Successful mining and broadcast
127.0.0.1 - - [06/Apr/2020 17:58:24] "[37mGET /request_chain HTTP/1.1[0m" 200 -
RECEIVE  : Current Transactions not in block: 1
RECEIVE: I have to mine the block, if this tx is valid, I have to make a new one.
Block mined
1586185104.9856615 :: Inital block was valid, no need to resolve conflict
Average time by now 0.44156089344540167
Number of blocks 74
For node  0 : 94
For node  1 : 93
For node  2 : 131
For node  3 : 76
For node  4 : 106
All money :  500
Average time by now 0.4411298147837322
Number of blocks 75
For node  0 : 94
For node  1 : 93
For node  2 : 131
For node  3 : 76
For node  4 : 106
All money :  500
127.0.0.1 - - [06/Apr/2020 17:58:25] "[37mPOST /receive_block HTTP/1.1[0m" 200 -
127.0.0.1 - - [06/Apr/2020 17:58:25] "[37mGET /request_chain HTTP/1.1[0m" 200 -
Successful mining and broadcast
For node  0 : 88
For node  1 : 93
For node  2 : 131
For node  3 : 82
For node  4 : 106
All money :  500
127.0.0.1 - - [06/Apr/2020 17:58:25] "[37mPOST /receive_transaction HTTP/1.1[0m" 200 -
127.0.0.1 - - [06/Apr/2020 17:58:25] "[37mGET /request_chain HTTP/1.1[0m" 200 -
127.0.0.1 - - [06/Apr/2020 17:58:25] "[37mGET /request_chain HTTP/1.1[0m" 200 -
127.0.0.1 - - [06/Apr/2020 17:58:25] "[37mGET /request_chain HTTP/1.1[0m" 200 -
Actually found a different chain
Average time by now 0.446430592160476
Number of blocks 76
For node  0 : 88
For node  1 : 93
For node  2 : 130
For node  3 : 83
For node  4 : 106
All money :  500
127.0.0.1 - - [06/Apr/2020 17:58:26] "[37mPOST /receive_block HTTP/1.1[0m" 200 -
127.0.0.1 - - [06/Apr/2020 17:58:26] "[37mGET /request_chain HTTP/1.1[0m" 200 -
Average time by now 0.444189096426035
Number of blocks 77
For node  0 : 88
For node  1 : 93
For node  2 : 130
For node  3 : 83
For node  4 : 106
All money :  500
127.0.0.1 - - [06/Apr/2020 17:58:26] "[37mPOST /receive_block HTTP/1.1[0m" 200 -
127.0.0.1 - - [06/Apr/2020 17:58:26] "[37mGET /request_chain HTTP/1.1[0m" 200 -
127.0.0.1 - - [06/Apr/2020 17:58:26] "[37mGET /request_chain HTTP/1.1[0m" 200 -
127.0.0.1 - - [06/Apr/2020 17:58:27] "[37mGET /request_chain HTTP/1.1[0m" 200 -
Average time by now 0.446424777691181
Number of blocks 78
For node  0 : 88
For node  1 : 93
For node  2 : 130
For node  3 : 83
For node  4 : 106
All money :  500
127.0.0.1 - - [06/Apr/2020 17:58:27] "[37mPOST /receive_block HTTP/1.1[0m" 200 -
127.0.0.1 - - [06/Apr/2020 17:58:27] "[37mGET /request_chain HTTP/1.1[0m" 200 -
127.0.0.1 - - [06/Apr/2020 17:58:27] "[37mGET /request_chain HTTP/1.1[0m" 200 -
127.0.0.1 - - [06/Apr/2020 17:58:27] "[37mGET /request_chain HTTP/1.1[0m" 200 -
Average time by now 0.44705055635186697
Number of blocks 79
For node  0 : 88
For node  1 : 93
For node  2 : 130
For node  3 : 83
For node  4 : 106
All money :  500
127.0.0.1 - - [06/Apr/2020 17:58:27] "[37mPOST /receive_block HTTP/1.1[0m" 200 -
1586185107.7879417 :: Inital block was valid, no need to resolve conflict
Average time by now 0.4434726148843766
Number of blocks 80
For node  0 : 88
For node  1 : 93
For node  2 : 137
For node  3 : 76
For node  4 : 106
All money :  500
127.0.0.1 - - [06/Apr/2020 17:58:27] "[37mPOST /receive_block HTTP/1.1[0m" 200 -
127.0.0.1 - - [06/Apr/2020 17:58:27] "[37mGET /request_chain HTTP/1.1[0m" 200 -
127.0.0.1 - - [06/Apr/2020 17:58:27] "[37mGET /request_chain HTTP/1.1[0m" 200 -
127.0.0.1 - - [06/Apr/2020 17:58:27] "[37mGET /request_chain HTTP/1.1[0m" 200 -
RECEIVE  : Current Transactions not in block: 1
RECEIVE: I have to mine the block, if this tx is valid, I have to make a new one.
127.0.0.1 - - [06/Apr/2020 17:58:28] "[37mGET /request_chain HTTP/1.1[0m" 200 -
127.0.0.1 - - [06/Apr/2020 17:58:28] "[37mGET /request_chain HTTP/1.1[0m" 200 -
127.0.0.1 - - [06/Apr/2020 17:58:28] "[37mGET /request_chain HTTP/1.1[0m" 200 -
Block mined
1586185108.1323154 :: Inital block was valid, no need to resolve conflict
Average time by now 0.4422489301657972
Number of blocks 81
For node  0 : 88
For node  1 : 93
For node  2 : 137
For node  3 : 76
For node  4 : 106
All money :  500
127.0.0.1 - - [06/Apr/2020 17:58:28] "[37mGET /request_chain HTTP/1.1[0m" 200 -
127.0.0.1 - - [06/Apr/2020 17:58:28] "[37mGET /request_chain HTTP/1.1[0m" 200 -
127.0.0.1 - - [06/Apr/2020 17:58:28] "[37mGET /request_chain HTTP/1.1[0m" 200 -
Average time by now 0.4394708377559011
Number of blocks 82
For node  0 : 88
For node  1 : 93
For node  2 : 137
For node  3 : 76
For node  4 : 106
All money :  500
127.0.0.1 - - [06/Apr/2020 17:58:28] "[37mPOST /receive_block HTTP/1.1[0m" 200 -
127.0.0.1 - - [06/Apr/2020 17:58:28] "[37mGET /request_chain HTTP/1.1[0m" 200 -
127.0.0.1 - - [06/Apr/2020 17:58:28] "[37mGET /request_chain HTTP/1.1[0m" 200 -
RECEIVE  : Current Transactions not in block: 0
For node  0 : 88
For node  1 : 102
For node  2 : 137
For node  3 : 76
For node  4 : 97
All money :  500
127.0.0.1 - - [06/Apr/2020 17:58:28] "[37mPOST /receive_transaction HTTP/1.1[0m" 200 -
Average time by now 0.43545100200607123
Number of blocks 83
For node  0 : 88
For node  1 : 102
For node  2 : 137
For node  3 : 76
For node  4 : 97
All money :  500
127.0.0.1 - - [06/Apr/2020 17:58:28] "[37mPOST /receive_block HTTP/1.1[0m" 200 -
127.0.0.1 - - [06/Apr/2020 17:58:28] "[37mGET /request_chain HTTP/1.1[0m" 200 -
127.0.0.1 - - [06/Apr/2020 17:58:28] "[37mGET /request_chain HTTP/1.1[0m" 200 -
127.0.0.1 - - [06/Apr/2020 17:58:28] "[37mGET /request_chain HTTP/1.1[0m" 200 -
127.0.0.1 - - [06/Apr/2020 17:58:28] "[37mGET /request_chain HTTP/1.1[0m" 200 -
127.0.0.1 - - [06/Apr/2020 17:58:28] "[37mGET /request_chain HTTP/1.1[0m" 200 -
127.0.0.1 - - [06/Apr/2020 17:58:28] "[37mGET /request_chain HTTP/1.1[0m" 200 -
Average time by now 0.43347415186110005
Number of blocks 84
For node  0 : 88
For node  1 : 102
For node  2 : 137
For node  3 : 76
For node  4 : 97
All money :  500
127.0.0.1 - - [06/Apr/2020 17:58:28] "[37mPOST /receive_block HTTP/1.1[0m" 200 -
Successful mining and broadcast
Given input UTXO is not found in utxo records
For node  0 : 88
For node  1 : 102
For node  2 : 137
For node  3 : 76
For node  4 : 97
All money :  500
127.0.0.1 - - [06/Apr/2020 17:58:28] "[37mPOST /receive_transaction HTTP/1.1[0m" 200 -
1586185108.8348029 :: Inital block was valid, no need to resolve conflict
Average time by now 0.4297410684473375
Number of blocks 85
For node  0 : 88
For node  1 : 102
For node  2 : 137
For node  3 : 76
For node  4 : 97
All money :  500
127.0.0.1 - - [06/Apr/2020 17:58:28] "[37mPOST /receive_block HTTP/1.1[0m" 200 -
RECEIVE  : Current Transactions not in block: 0
For node  0 : 88
For node  1 : 102
For node  2 : 137
For node  3 : 71
For node  4 : 102
All money :  500
127.0.0.1 - - [06/Apr/2020 17:58:28] "[37mPOST /receive_transaction HTTP/1.1[0m" 200 -
127.0.0.1 - - [06/Apr/2020 17:58:28] "[37mGET /request_chain HTTP/1.1[0m" 200 -
127.0.0.1 - - [06/Apr/2020 17:58:28] "[37mGET /request_chain HTTP/1.1[0m" 200 -
127.0.0.1 - - [06/Apr/2020 17:58:29] "[37mGET /request_chain HTTP/1.1[0m" 200 -
127.0.0.1 - - [06/Apr/2020 17:58:29] "[37mGET /request_chain HTTP/1.1[0m" 200 -
127.0.0.1 - - [06/Apr/2020 17:58:29] "[37mGET /request_chain HTTP/1.1[0m" 200 -
127.0.0.1 - - [06/Apr/2020 17:58:29] "[37mGET /request_chain HTTP/1.1[0m" 200 -
127.0.0.1 - - [06/Apr/2020 17:58:29] "[37mGET /request_chain HTTP/1.1[0m" 200 -
RECEIVE  : Current Transactions not in block: 1
RECEIVE: I have to mine the block, if this tx is valid, I have to make a new one.
127.0.0.1 - - [06/Apr/2020 17:58:29] "[37mGET /request_chain HTTP/1.1[0m" 200 -
Average time by now 0.43576192855834966
Number of blocks 86
For node  0 : 88
For node  1 : 102
For node  2 : 137
For node  3 : 71
For node  4 : 102
All money :  500
127.0.0.1 - - [06/Apr/2020 17:58:29] "[37mPOST /receive_block HTTP/1.1[0m" 200 -
Block mined
For node  0 : 1586185109.829089 :: Inital block was valid, no need to resolve conflict
88
Average time by now 0.4312526659033765
For node  1 : Number of blocks 87
102
For node  0 : For node  2 : 88
137
For node  1 : For node  3 : 102
71
For node  2 : For node  4 : 137
102
For node  3 : All money :  500
127.0.0.1 - - [06/Apr/2020 17:58:29] "[37mPOST /new_transaction HTTP/1.1[0m" 200 -
71
For node  4 : 102
All money :  500
NEW: Current Transactions not in block: 0
127.0.0.1 - - [06/Apr/2020 17:58:29] "[37mGET /request_chain HTTP/1.1[0m" 200 -
127.0.0.1 - - [06/Apr/2020 17:58:30] "[37mGET /request_chain HTTP/1.1[0m" 200 -
127.0.0.1 - - [06/Apr/2020 17:58:30] "[37mGET /request_chain HTTP/1.1[0m" 200 -
127.0.0.1 - - [06/Apr/2020 17:58:30] "[37mGET /request_chain HTTP/1.1[0m" 200 -
Successful mining and broadcast
Given input UTXO is not found in utxo records
For node  0 : 88
For node  1 : 92
For node  2 : 147
For node  3 : 71
For node  4 : 102
All money :  500
127.0.0.1 - - [06/Apr/2020 17:58:30] "[37mPOST /receive_transaction HTTP/1.1[0m" 200 -
127.0.0.1 - - [06/Apr/2020 17:58:31] "[37mGET /request_chain HTTP/1.1[0m" 200 -
127.0.0.1 - - [06/Apr/2020 17:58:31] "[37mGET /request_chain HTTP/1.1[0m" 200 -
127.0.0.1 - - [06/Apr/2020 17:58:31] "[37mGET /request_chain HTTP/1.1[0m" 200 -
Given input UTXO is not found in utxo records
Actually found a different chain
Average time by now 0.4459555203264411
Number of blocks 88
For node  0 : 88
For node  1 : 92
For node  2 : 147
For node  3 : 71
For node  4 : 102
All money :  500
127.0.0.1 - - [06/Apr/2020 17:58:31] "[37mPOST /receive_block HTTP/1.1[0m" 200 -
127.0.0.1 - - [06/Apr/2020 17:58:31] "[37mGET /request_chain HTTP/1.1[0m" 200 -
Average time by now 0.4422932742686755
Number of blocks 89
For node  0 : 88
For node  1 : 92
For node  2 : 147
For node  3 : 71
For node  4 : 102
All money :  500
127.0.0.1 - - [06/Apr/2020 17:58:31] "[37mPOST /receive_block HTTP/1.1[0m" 200 -
Average time by now 0.4381695244047378
Number of blocks 90
For node  0 : 88
For node  1 : 92
For node  2 : 147
For node  3 : 71
For node  4 : 102
All money :  500
127.0.0.1 - - [06/Apr/2020 17:58:31] "[37mPOST /receive_block HTTP/1.1[0m" 200 -
127.0.0.1 - - [06/Apr/2020 17:58:31] "[37mGET /request_chain HTTP/1.1[0m" 200 -
127.0.0.1 - - [06/Apr/2020 17:58:32] "[37mGET /request_chain HTTP/1.1[0m" 200 -
127.0.0.1 - - [06/Apr/2020 17:58:32] "[37mGET /request_chain HTTP/1.1[0m" 200 -
127.0.0.1 - - [06/Apr/2020 17:58:32] "[37mGET /request_chain HTTP/1.1[0m" 200 -
127.0.0.1 - - [06/Apr/2020 17:58:32] "[37mGET /request_chain HTTP/1.1[0m" 200 -
127.0.0.1 - - [06/Apr/2020 17:58:32] "[37mGET /request_chain HTTP/1.1[0m" 200 -
RECEIVE  : Current Transactions not in block: 0
For node  0 : 82
127.0.0.1 - - [06/Apr/2020 17:58:33] "[37mGET /request_chain HTTP/1.1[0m" 200 -
For node  1 : 98
For node  2 : 147
For node  3 : 71
For node  4 : 102
All money :  500
127.0.0.1 - - [06/Apr/2020 17:58:33] "[37mPOST /receive_transaction HTTP/1.1[0m" 200 -
127.0.0.1 - - [06/Apr/2020 17:58:33] "[37mGET /request_chain HTTP/1.1[0m" 200 -
127.0.0.1 - - [06/Apr/2020 17:58:33] "[37mGET /request_chain HTTP/1.1[0m" 200 -
127.0.0.1 - - [06/Apr/2020 17:58:33] "[37mGET /request_chain HTTP/1.1[0m" 200 -
127.0.0.1 - - [06/Apr/2020 17:58:33] "[37mGET /request_chain HTTP/1.1[0m" 200 -
Actually found a different chain
127.0.0.1 - - [06/Apr/2020 17:58:33] "[37mGET /request_chain HTTP/1.1[0m" 200 -
RECEIVE  : Current Transactions not in block: 1
RECEIVE: I have to mine the block, if this tx is valid, I have to make a new one.
127.0.0.1 - - [06/Apr/2020 17:58:33] "[37mGET /request_chain HTTP/1.1[0m" 200 -
Average time by now 0.4524635246821813
Number of blocks 91
For node  0 : 82
For node  1 : 98
For node  2 : 147
For node  3 : 69
For node  4 : 104
All money :  500
127.0.0.1 - - [06/Apr/2020 17:58:33] "[37mPOST /receive_block HTTP/1.1[0m" 200 -
127.0.0.1 - - [06/Apr/2020 17:58:33] "[37mGET /request_chain HTTP/1.1[0m" 200 -
127.0.0.1 - - [06/Apr/2020 17:58:33] "[37mGET /request_chain HTTP/1.1[0m" 200 -
For node  0 : 82
For node  1 : 98
For node  2 : 147
For node  3 : 69
For node  4 : 104
All money :  500
127.0.0.1 - - [06/Apr/2020 17:58:33] "[37mPOST /new_transaction HTTP/1.1[0m" 200 -
Average time by now 0.45114229554715374
Number of blocks 92
For node  0 : Block mined
82
NEW: Current Transactions not in block: 1
NEW: I have to mine the block, if this tx is valid, I have to make a new one.
For node  1 : 98
For node  2 : 147
For node  3 : 69
For node  4 : 104
All money :  500
127.0.0.1 - - [06/Apr/2020 17:58:33] "[37mPOST /receive_block HTTP/1.1[0m" 200 -
127.0.0.1 - - [06/Apr/2020 17:58:33] "[37mGET /request_chain HTTP/1.1[0m" 200 -
127.0.0.1 - - [06/Apr/2020 17:58:34] "[37mGET /request_chain HTTP/1.1[0m" 200 -
Block mined
Average time by now 0.44949443622301993
Number of blocks 93
For node  0 : 82
For node  1 : 98
For node  2 : 147
For node  3 : 69
For node  4 : 104
All money :  500
127.0.0.1 - - [06/Apr/2020 17:58:34] "[37mPOST /receive_block HTTP/1.1[0m" 200 -
127.0.0.1 - - [06/Apr/2020 17:58:34] "[37mGET /request_chain HTTP/1.1[0m" 200 -
Average time by now 0.44563461871857346
Number of blocks 94
For node  0 : 82
For node  1 : 98
For node  2 : 147
For node  3 : 69
For node  4 : 104
All money :  500
127.0.0.1 - - [06/Apr/2020 17:58:34] "[37mPOST /receive_block HTTP/1.1[0m" 200 -
127.0.0.1 - - [06/Apr/2020 17:58:34] "[37mGET /request_chain HTTP/1.1[0m" 200 -
127.0.0.1 - - [06/Apr/2020 17:58:34] "[37mGET /request_chain HTTP/1.1[0m" 200 -
Average time by now 0.44229855788381484
Number of blocks 95
For node  0 : 82
For node  1 : 98
For node  2 : 147
For node  3 : 69
For node  4 : 104
All money :  500
1586185114.3292687 :: Inital block was valid, no need to resolve conflict
Average time by now 0.43769929558038717
Number of blocks 96
For node  0 : 82
For node  1 : 98
For node  2 : 147
For node  3 : 69
For node  4 : 104
All money :  500
127.0.0.1 - - [06/Apr/2020 17:58:34] "[37mGET /request_chain HTTP/1.1[0m" 200 -
127.0.0.1 - - [06/Apr/2020 17:58:34] "[37mGET /request_chain HTTP/1.1[0m" 200 -
127.0.0.1 - - [06/Apr/2020 17:58:34] "[37mGET /request_chain HTTP/1.1[0m" 200 -
127.0.0.1 - - [06/Apr/2020 17:58:34] "[37mGET /request_chain HTTP/1.1[0m" 200 -
127.0.0.1 - - [06/Apr/2020 17:58:34] "[37mGET /request_chain HTTP/1.1[0m" 200 -
127.0.0.1 - - [06/Apr/2020 17:58:34] "[37mGET /request_chain HTTP/1.1[0m" 200 -
127.0.0.1 - - [06/Apr/2020 17:58:35] "[37mGET /request_chain HTTP/1.1[0m" 200 -
127.0.0.1 - - [06/Apr/2020 17:58:35] "[37mGET /request_chain HTTP/1.1[0m" 200 -
Average time by now 0.44133086302845753
Number of blocks 97
For node  0 : 82
For node  1 : 98
For node  2 : 147
For node  3 : 69
For node  4 : 104
All money :  500
127.0.0.1 - - [06/Apr/2020 17:58:35] "[37mPOST /receive_block HTTP/1.1[0m" 200 -
Successful mining and broadcast
127.0.0.1 - - [06/Apr/2020 17:58:35] "[37mGET /request_chain HTTP/1.1[0m" 200 -
127.0.0.1 - - [06/Apr/2020 17:58:35] "[37mGET /request_chain HTTP/1.1[0m" 200 -
Successful mining and broadcast
Given input UTXO is not found in utxo records
For node  0 : 82
For node  1 : 90
For node  2 : 155
For node  3 : 69
For node  4 : 104
All money :  500
127.0.0.1 - - [06/Apr/2020 17:58:35] "[37mPOST /receive_transaction HTTP/1.1[0m" 200 -
127.0.0.1 - - [06/Apr/2020 17:58:35] "[37mGET /request_chain HTTP/1.1[0m" 200 -
For node  0 : 97
For node  1 : 87
For node  2 : 105
For node  3 : 102
For node  4 : 109
All money :  500
127.0.0.1 - - [06/Apr/2020 17:58:35] "[37mPOST /new_transaction HTTP/1.1[0m" 200 -
NEW: Current Transactions not in block: 35
NEW: I have to mine the block, if this tx is valid, I have to make a new one.
Actually found a different chain
Average time by now 0.4389872040067401
Number of blocks 98
For node  0 : 83
For node  1 : 98
For node  2 : 147
For node  3 : 69
For node  4 : 103
All money :  500
127.0.0.1 - - [06/Apr/2020 17:58:35] "[37mPOST /receive_block HTTP/1.1[0m" 200 -
127.0.0.1 - - [06/Apr/2020 17:58:35] "[37mGET /request_chain HTTP/1.1[0m" 200 -
Average time by now 0.4367153789057877
Number of blocks 99
For node  0 : 83
For node  1 : 98
For node  2 : 147
For node  3 : 69
For node  4 : 103
All money :  500
127.0.0.1 - - [06/Apr/2020 17:58:35] "[37mPOST /receive_block HTTP/1.1[0m" 200 -
RECEIVE  : Current Transactions not in block: 0
Given input UTXO is not found in utxo records
For node  0 : 83
127.0.0.1 - - [06/Apr/2020 17:58:35] "[37mGET /request_chain HTTP/1.1[0m" 200 -
For node  1 : 98
For node  2 : 147
For node  3 : 69
For node  4 : 103
All money :  500
127.0.0.1 - - [06/Apr/2020 17:58:35] "[37mPOST /receive_transaction HTTP/1.1[0m" 200 -
127.0.0.1 - - [06/Apr/2020 17:58:35] "[37mGET /request_chain HTTP/1.1[0m" 200 -
127.0.0.1 - - [06/Apr/2020 17:58:36] "[37mGET /request_chain HTTP/1.1[0m" 200 -
Block mined
127.0.0.1 - - [06/Apr/2020 17:58:36] "[37mGET /request_chain HTTP/1.1[0m" 200 -
Average time by now 0.44279403448104865
Number of blocks 100
For node  0 : 83
For node  1 : 98
For node  2 : 147
For node  3 : 69
For node  4 : 103
All money :  500
127.0.0.1 - - [06/Apr/2020 17:58:36] "[37mGET /request_chain HTTP/1.1[0m" 200 -
127.0.0.1 - - [06/Apr/2020 17:58:36] "[37mGET /request_chain HTTP/1.1[0m" 200 -
1586185116.8462636 :: Inital block was valid, no need to resolve conflict
Average time by now 0.44095202247695175
Number of blocks 101
For node  0 : 83
For node  1 : 90
For node  2 : 155
For node  3 : 69
For node  4 : 103
All money :  500
127.0.0.1 - - [06/Apr/2020 17:58:36] "[37mPOST /receive_block HTTP/1.1[0m" 200 -
127.0.0.1 - - [06/Apr/2020 17:58:37] "[37mGET /request_chain HTTP/1.1[0m" 200 -
127.0.0.1 - - [06/Apr/2020 17:58:37] "[37mGET /request_chain HTTP/1.1[0m" 200 -
Average time by now 0.4461518900067199
Number of blocks 102
For node  0 : 83
For node  1 : 90
For node  2 : 155
For node  3 : 69
For node  4 : 103
All money :  500
127.0.0.1 - - [06/Apr/2020 17:58:37] "[37mPOST /receive_block HTTP/1.1[0m" 200 -
127.0.0.1 - - [06/Apr/2020 17:58:37] "[37mGET /request_chain HTTP/1.1[0m" 200 -
127.0.0.1 - - [06/Apr/2020 17:58:38] "[37mGET /request_chain HTTP/1.1[0m" 200 -
127.0.0.1 - - [06/Apr/2020 17:58:38] "[37mGET /request_chain HTTP/1.1[0m" 200 -
127.0.0.1 - - [06/Apr/2020 17:58:38] "[37mGET /request_chain HTTP/1.1[0m" 200 -
127.0.0.1 - - [06/Apr/2020 17:58:38] "[37mGET /request_chain HTTP/1.1[0m" 200 -
Successful mining and broadcast
127.0.0.1 - - [06/Apr/2020 17:58:38] "[37mGET /request_chain HTTP/1.1[0m" 200 -
127.0.0.1 - - [06/Apr/2020 17:58:38] "[37mGET /request_chain HTTP/1.1[0m" 200 -
127.0.0.1 - - [06/Apr/2020 17:58:38] "[37mGET /request_chain HTTP/1.1[0m" 200 -
127.0.0.1 - - [06/Apr/2020 17:58:38] "[37mGET /request_chain HTTP/1.1[0m" 200 -
127.0.0.1 - - [06/Apr/2020 17:58:39] "[37mGET /request_chain HTTP/1.1[0m" 200 -
127.0.0.1 - - [06/Apr/2020 17:58:39] "[37mGET /request_chain HTTP/1.1[0m" 200 -
Average time by now 0.45576135163168313
Number of blocks 103
For node  0 : 92
For node  1 : 81
For node  2 : 155
For node  3 : 69
For node  4 : 103
All money :  500
127.0.0.1 - - [06/Apr/2020 17:58:39] "[37mPOST /receive_block HTTP/1.1[0m" 200 -
RECEIVE  : Current Transactions not in block: 1
RECEIVE: I have to mine the block, if this tx is valid, I have to make a new one.
127.0.0.1 - - [06/Apr/2020 17:58:39] "[37mGET /request_chain HTTP/1.1[0m" 200 -
Actually found a different chain
127.0.0.1 - - [06/Apr/2020 17:58:39] "[37mGET /request_chain HTTP/1.1[0m" 200 -
Average time by now 0.45731594700079703
Number of blocks 104
For node  0 : 99
For node  1 : 81
For node  2 : 155
For node  3 : 62
For node  4 : 103
All money :  500
127.0.0.1 - - [06/Apr/2020 17:58:39] "[37mGET /request_chain HTTP/1.1[0m" 200 -
127.0.0.1 - - [06/Apr/2020 17:58:39] "[37mPOST /receive_block HTTP/1.1[0m" 200 -
127.0.0.1 - - [06/Apr/2020 17:58:40] "[37mGET /request_chain HTTP/1.1[0m" 200 -
Average time by now 0.45513705753144773
Number of blocks 105
For node  0 : 99
For node  1 : 81
For node  2 : 155
For node  3 : 62
For node  4 : 103
All money :  500
127.0.0.1 - - [06/Apr/2020 17:58:40] "[37mPOST /receive_block HTTP/1.1[0m" 200 -
127.0.0.1 - - [06/Apr/2020 17:58:40] "[37mGET /request_chain HTTP/1.1[0m" 200 -
127.0.0.1 - - [06/Apr/2020 17:58:40] "[37mGET /request_chain HTTP/1.1[0m" 200 -
Average time by now 0.4541165086458315
Number of blocks 106
For node  0 : 99
For node  1 : 81
For node  2 : 155
For node  3 : 62
For node  4 : 103
All money :  500
127.0.0.1 - - [06/Apr/2020 17:58:40] "[37mPOST /receive_block HTTP/1.1[0m" 200 -
127.0.0.1 - - [06/Apr/2020 17:58:40] "[37mGET /request_chain HTTP/1.1[0m" 200 -
1586185120.7522311 :: Inital block was valid, no need to resolve conflict
Average time by now 0.4527301097584663
Number of blocks 107
For node  0 : 99
For node  1 : 81
For node  2 : 155
For node  3 : 67
For node  4 : 98
All money :  500
127.0.0.1 - - [06/Apr/2020 17:58:40] "[37mPOST /receive_block HTTP/1.1[0m" 200 -
127.0.0.1 - - [06/Apr/2020 17:58:40] "[37mGET /request_chain HTTP/1.1[0m" 200 -
Block mined
127.0.0.1 - - [06/Apr/2020 17:58:41] "[37mGET /request_chain HTTP/1.1[0m" 200 -
Average time by now 0.45226933338024006
Number of blocks 108
For node  0 : 99
For node  1 : 81
For node  2 : 155
For node  3 : 67
For node  4 : 98
All money :  500
127.0.0.1 - - [06/Apr/2020 17:58:41] "[37mGET /request_chain HTTP/1.1[0m" 200 -
127.0.0.1 - - [06/Apr/2020 17:58:41] "[37mGET /request_chain HTTP/1.1[0m" 200 -
For node  0 : 99
For node  1 : 81
For node  2 : 155
For node  3 : 67
For node  4 : 98
All money :  500
127.0.0.1 - - [06/Apr/2020 17:58:41] "[37mPOST /new_transaction HTTP/1.1[0m" 200 -
NEW: Current Transactions not in block: 1
NEW: I have to mine the block, if this tx is valid, I have to make a new one.
127.0.0.1 - - [06/Apr/2020 17:58:41] "[37mGET /request_chain HTTP/1.1[0m" 200 -
RECEIVE  : Current Transactions not in block: 1
RECEIVE: I have to mine the block, if this tx is valid, I have to make a new one.
Block mined
1586185122.3568192 :: Inital block was valid, no need to resolve conflict
Average time by now 0.4591904320848098
127.0.0.1 - - [06/Apr/2020 17:58:42] "[37mGET /request_chain HTTP/1.1[0m" 200 -
Number of blocks 109
For node  0 : 99
For node  1 : 81
For node  2 : 155
For node  3 : 67
For node  4 : 98
All money :  500
127.0.0.1 - - [06/Apr/2020 17:58:42] "[37mGET /request_chain HTTP/1.1[0m" 200 -
Block mined
Average time by now 0.4570933970538053
Number of blocks 110
For node  0 : 99
For node  1 : 81
For node  2 : 155
For node  3 : 67
For node  4 : 98
All money :  500
127.0.0.1 - - [06/Apr/2020 17:58:42] "[37mGET /request_chain HTTP/1.1[0m" 200 -
127.0.0.1 - - [06/Apr/2020 17:58:42] "[37mGET /request_chain HTTP/1.1[0m" 200 -
Successful mining and broadcast
For node  0 : 93
For node  1 : 81
For node  2 : 155
For node  3 : 67
For node  4 : 104
All money :  500
127.0.0.1 - - [06/Apr/2020 17:58:42] "[37mPOST /receive_transaction HTTP/1.1[0m" 200 -
127.0.0.1 - - [06/Apr/2020 17:58:43] "[37mGET /request_chain HTTP/1.1[0m" 200 -
Average time by now 0.45822511277757255
Number of blocks 111
For node  0 : 93
For node  1 : 81
For node  2 : 155
For node  3 : 67
For node  4 : 104
All money :  500
127.0.0.1 - - [06/Apr/2020 17:58:43] "[37mPOST /receive_block HTTP/1.1[0m" 200 -
127.0.0.1 - - [06/Apr/2020 17:58:43] "[37mGET /request_chain HTTP/1.1[0m" 200 -
127.0.0.1 - - [06/Apr/2020 17:58:43] "[37mGET /request_chain HTTP/1.1[0m" 200 -
127.0.0.1 - - [06/Apr/2020 17:58:43] "[37mGET /request_chain HTTP/1.1[0m" 200 -
127.0.0.1 - - [06/Apr/2020 17:58:43] "[37mGET /request_chain HTTP/1.1[0m" 200 -
127.0.0.1 - - [06/Apr/2020 17:58:43] "[37mGET /request_chain HTTP/1.1[0m" 200 -
RECEIVE  : Current Transactions not in block: 1
RECEIVE: I have to mine the block, if this tx is valid, I have to make a new one.
127.0.0.1 - - [06/Apr/2020 17:58:43] "[37mGET /request_chain HTTP/1.1[0m" 200 -
127.0.0.1 - - [06/Apr/2020 17:58:43] "[37mGET /request_chain HTTP/1.1[0m" 200 -
127.0.0.1 - - [06/Apr/2020 17:58:44] "[37mGET /request_chain HTTP/1.1[0m" 200 -
127.0.0.1 - - [06/Apr/2020 17:58:44] "[37mGET /request_chain HTTP/1.1[0m" 200 -
1586185124.0833826 :: Inital block was valid, no need to resolve conflict
Average time by now 0.4623598328658513
Number of blocks 112
For node  0 : 93
For node  1 : 85
For node  2 : 151
For node  3 : 67
127.0.0.1 - - [06/Apr/2020 17:58:44] "[37mGET /request_chain HTTP/1.1[0m" 200 -
For node  4 : 104
All money :  500
127.0.0.1 - - [06/Apr/2020 17:58:44] "[37mPOST /receive_block HTTP/1.1[0m" 200 -
127.0.0.1 - - [06/Apr/2020 17:58:44] "[37mGET /request_chain HTTP/1.1[0m" 200 -
Successful mining and broadcast
Given input UTXO is not found in utxo records
For node  0 : 93
For node  1 : 85
For node  2 : 127.0.0.1 - - [06/Apr/2020 17:58:44] "[37mGET /request_chain HTTP/1.1[0m" 200 -
151
For node  3 : 67
For node  4 : 104
All money :  500
127.0.0.1 - - [06/Apr/2020 17:58:44] "[37mPOST /receive_transaction HTTP/1.1[0m" 200 -
Block mined
127.0.0.1 - - [06/Apr/2020 17:58:44] "[37mGET /request_chain HTTP/1.1[0m" 200 -
Average time by now 0.4602003076435191
Number of blocks 113
For node  0 : 93
For node  1 : 85
For node  2 : 151
For node  3 : 67
For node  4 : 104
All money :  500
127.0.0.1 - - [06/Apr/2020 17:58:44] "[37mPOST /receive_block HTTP/1.1[0m" 200 -
Successful mining and broadcast
127.0.0.1 - - [06/Apr/2020 17:58:44] "[37mGET /request_chain HTTP/1.1[0m" 200 -
Average time by now 0.45665395678135395
Number of blocks 114
For node  0 : 93
For node  1 : 78
For node  2 : 158
For node  3 : 67
For node  4 : 104
All money :  500
127.0.0.1 - - [06/Apr/2020 17:58:44] "[37mGET /request_chain HTTP/1.1[0m" 200 -
127.0.0.1 - - [06/Apr/2020 17:58:44] "[37mGET /request_chain HTTP/1.1[0m" 200 -
127.0.0.1 - - [06/Apr/2020 17:58:44] "[37mGET /request_chain HTTP/1.1[0m" 200 -
127.0.0.1 - - [06/Apr/2020 17:58:44] "[37mGET /request_chain HTTP/1.1[0m" 200 -
RECEIVE  : Current Transactions not in block: 2
RECEIVE: I have to mine the block, if this tx is valid, I have to make a new one.
1586185125.1475797 :: Inital block was valid, no need to resolve conflict
Average time by now 0.4595572658207106
Number of blocks 115
For node  0 : 93
For node  1 : 78
For node  2 : 158
For node  3 : 59
For node  4 : 112
All money :  500
127.0.0.1 - - [06/Apr/2020 17:58:45] "[37mPOST /receive_block HTTP/1.1[0m" 200 -
Block mined
127.0.0.1 - - [06/Apr/2020 17:58:45] "[37mGET /request_chain HTTP/1.1[0m" 200 -
127.0.0.1 - - [06/Apr/2020 17:58:45] "[37mGET /request_chain HTTP/1.1[0m" 200 -
Average time by now 0.45753419193728223
Number of blocks 116
For node  0 : 93
For node  1 : 78
For node  2 : 158
For node  3 : 59
For node  4 : 112
All money :  500
127.0.0.1 - - [06/Apr/2020 17:58:45] "[37mGET /request_chain HTTP/1.1[0m" 200 -
127.0.0.1 - - [06/Apr/2020 17:58:45] "[37mGET /request_chain HTTP/1.1[0m" 200 -
127.0.0.1 - - [06/Apr/2020 17:58:45] "[37mGET /request_chain HTTP/1.1[0m" 200 -
127.0.0.1 - - [06/Apr/2020 17:58:45] "[37mGET /request_chain HTTP/1.1[0m" 200 -
Successful mining and broadcast
Given input UTXO is not found in utxo records
For node  0 : 93
For node  1 : 78
For node  2 : 158
For node  3 : 59
For node  4 : 112
All money :  500
127.0.0.1 - - [06/Apr/2020 17:58:45] "[37mPOST /receive_transaction HTTP/1.1[0m" 200 -
127.0.0.1 - - [06/Apr/2020 17:58:46] "[37mGET /request_chain HTTP/1.1[0m" 200 -
1586185126.6436174 :: Inital block was valid, no need to resolve conflict
Average time by now 0.4643893812456702
Number of blocks 117
For node  0 : 93
For node  1 : 78
For node  2 : 158
For node  3 : 59
For node  4 : 112
All money :  500
127.0.0.1 - - [06/Apr/2020 17:58:46] "[37mPOST /receive_block HTTP/1.1[0m" 200 -
127.0.0.1 - - [06/Apr/2020 17:58:46] "[37mGET /request_chain HTTP/1.1[0m" 200 -
127.0.0.1 - - [06/Apr/2020 17:58:46] "[37mGET /request_chain HTTP/1.1[0m" 200 -
127.0.0.1 - - [06/Apr/2020 17:58:46] "[37mGET /request_chain HTTP/1.1[0m" 200 -
127.0.0.1 - - [06/Apr/2020 17:58:46] "[37mGET /request_chain HTTP/1.1[0m" 200 -
RECEIVE  : Current Transactions not in block: 1
RECEIVE: I have to mine the block, if this tx is valid, I have to make a new one.
127.0.0.1 - - [06/Apr/2020 17:58:46] "[37mGET /request_chain HTTP/1.1[0m" 200 -
Successful mining and broadcast
Given input UTXO is not found in utxo records
For node  0 : 93
For node  1 : 78
For node  2 : 158
For node  3 : 59
For node  4 : 112
All money :  500
127.0.0.1 - - [06/Apr/2020 17:58:47] "[37mPOST /receive_transaction HTTP/1.1[0m" 200 -
127.0.0.1 - - [06/Apr/2020 17:58:47] "[37mGET /request_chain HTTP/1.1[0m" 200 -
Average time by now 0.4658028150008897
Number of blocks 118
For node  0 : 93
For node  1 : 78
For node  2 : 158
For node  3 : 59
For node  4 : 112
All money :  500
127.0.0.1 - - [06/Apr/2020 17:58:47] "[37mPOST /receive_block HTTP/1.1[0m" 200 -
127.0.0.1 - - [06/Apr/2020 17:58:47] "[37mGET /request_chain HTTP/1.1[0m" 200 -
Actually found a different chain
127.0.0.1 - - [06/Apr/2020 17:58:47] "[37mGET /request_chain HTTP/1.1[0m" 200 -
127.0.0.1 - - [06/Apr/2020 17:58:47] "[37mGET /request_chain HTTP/1.1[0m" 200 -
RECEIVE  : Current Transactions not in block: 1
RECEIVE: I have to mine the block, if this tx is valid, I have to make a new one.
Average time by now 0.46958548081021356
Number of blocks 119
For node  0 : 93
For node  1 : 81
For node  2 : 155
For node  3 : 59
For node  4 : 112
All money :  500
127.0.0.1 - - [06/Apr/2020 17:58:48] "[37mPOST /receive_block HTTP/1.1[0m" 200 -
127.0.0.1 - - [06/Apr/2020 17:58:48] "[37mGET /request_chain HTTP/1.1[0m" 200 -
Block mined
127.0.0.1 - - [06/Apr/2020 17:58:48] "[37mGET /request_chain HTTP/1.1[0m" 200 -
127.0.0.1 - - [06/Apr/2020 17:58:48] "[37mGET /request_chain HTTP/1.1[0m" 200 -
Average time by now 0.47010734677314764
Number of blocks 120
For node  0 : 93
For node  1 : 81
For node  2 : 155
For node  3 : 59
For node  4 : 112
All money :  500
127.0.0.1 - - [06/Apr/2020 17:58:48] "[37mPOST /receive_block HTTP/1.1[0m" 200 -
127.0.0.1 - - [06/Apr/2020 17:58:48] "[37mGET /request_chain HTTP/1.1[0m" 200 -
For node  0 : 93
For node  1 : 81
For node  2 : 155
For node  3 : 59
For node  4 : 112
All money :  500
127.0.0.1 - - [06/Apr/2020 17:58:48] "[37mPOST /new_transaction HTTP/1.1[0m" 200 -
127.0.0.1 - - [06/Apr/2020 17:58:48] "[37mGET /request_chain HTTP/1.1[0m" 200 -
NEW: Current Transactions not in block: 1
NEW: I have to mine the block, if this tx is valid, I have to make a new one.
127.0.0.1 - - [06/Apr/2020 17:58:49] "[37mGET /request_chain HTTP/1.1[0m" 200 -
Block mined
RECEIVE  : Current Transactions not in block: 1
RECEIVE: I have to mine the block, if this tx is valid, I have to make a new one.
Average time by now 0.4708781636450902
Number of blocks 121
For node  0 : 93
For node  1 : 81
For node  2 : 155
For node  3 : 59
For node  4 : 112
All money :  500
127.0.0.1 - - [06/Apr/2020 17:58:49] "[37mPOST /receive_block HTTP/1.1[0m" 200 -
127.0.0.1 - - [06/Apr/2020 17:58:49] "[37mGET /request_chain HTTP/1.1[0m" 200 -
127.0.0.1 - - [06/Apr/2020 17:58:49] "[37mGET /request_chain HTTP/1.1[0m" 200 -
Average time by now 0.47394326280375004
Number of blocks 122
For node  0 : 93
For node  1 : 81
For node  2 : 155
For node  3 : 59
For node  4 : 112
All money :  500
1586185130.1320431 :: Inital block was valid, no need to resolve conflict
Average time by now 0.47009674514212263
Number of blocks 123
For node  0 : 93
For node  1 : 81
For node  2 : 155
For node  3 : 59
For node  4 : 112
All money :  500
[2020-04-06 17:58:50,135] ERROR in app: Exception on /new_transaction [POST]
Traceback (most recent call last):
  File "/home/nikitas/anaconda3/lib/python3.7/site-packages/urllib3/connection.py", line 159, in _new_conn
    (self._dns_host, self.port), self.timeout, **extra_kw)
  File "/home/nikitas/anaconda3/lib/python3.7/site-packages/urllib3/util/connection.py", line 80, in create_connection
    raise err
  File "/home/nikitas/anaconda3/lib/python3.7/site-packages/urllib3/util/connection.py", line 70, in create_connection
    sock.connect(sa)
ConnectionRefusedError: [Errno 111] Connection refused

During handling of the above exception, another exception occurred:

Traceback (most recent call last):
  File "/home/nikitas/anaconda3/lib/python3.7/site-packages/urllib3/connectionpool.py", line 600, in urlopen
    chunked=chunked)
  File "/home/nikitas/anaconda3/lib/python3.7/site-packages/urllib3/connectionpool.py", line 354, in _make_request
    conn.request(method, url, **httplib_request_kw)
  File "/home/nikitas/anaconda3/lib/python3.7/http/client.py", line 1244, in request
    self._send_request(method, url, body, headers, encode_chunked)
  File "/home/nikitas/anaconda3/lib/python3.7/http/client.py", line 1290, in _send_request
    self.endheaders(body, encode_chunked=encode_chunked)
  File "/home/nikitas/anaconda3/lib/python3.7/http/client.py", line 1239, in endheaders
    self._send_output(message_body, encode_chunked=encode_chunked)
  File "/home/nikitas/anaconda3/lib/python3.7/http/client.py", line 1026, in _send_output
    self.send(msg)
  File "/home/nikitas/anaconda3/lib/python3.7/http/client.py", line 966, in send
    self.connect()
  File "/home/nikitas/anaconda3/lib/python3.7/site-packages/urllib3/connection.py", line 181, in connect
    conn = self._new_conn()
  File "/home/nikitas/anaconda3/lib/python3.7/site-packages/urllib3/connection.py", line 168, in _new_conn
    self, "Failed to establish a new connection: %s" % e)
urllib3.exceptions.NewConnectionError: <urllib3.connection.HTTPConnection object at 0x7f2024295e90>: Failed to establish a new connection: [Errno 111] Connection refused

During handling of the above exception, another exception occurred:

Traceback (most recent call last):
  File "/home/nikitas/anaconda3/lib/python3.7/site-packages/requests/adapters.py", line 449, in send
    timeout=timeout
  File "/home/nikitas/anaconda3/lib/python3.7/site-packages/urllib3/connectionpool.py", line 638, in urlopen
    _stacktrace=sys.exc_info()[2])
  File "/home/nikitas/anaconda3/lib/python3.7/site-packages/urllib3/util/retry.py", line 399, in increment
    raise MaxRetryError(_pool, url, error or ResponseError(cause))
urllib3.exceptions.MaxRetryError: HTTPConnectionPool(host='localhost', port=1234): Max retries exceeded with url: /receive_block (Caused by NewConnectionError('<urllib3.connection.HTTPConnection object at 0x7f2024295e90>: Failed to establish a new connection: [Errno 111] Connection refused'))

During handling of the above exception, another exception occurred:

Traceback (most recent call last):
  File "/home/nikitas/anaconda3/lib/python3.7/site-packages/flask/app.py", line 2446, in wsgi_app
    response = self.full_dispatch_request()
  File "/home/nikitas/anaconda3/lib/python3.7/site-packages/flask/app.py", line 1951, in full_dispatch_request
    rv = self.handle_user_exception(e)
  File "/home/nikitas/anaconda3/lib/python3.7/site-packages/flask/app.py", line 1820, in handle_user_exception
    reraise(exc_type, exc_value, tb)
  File "/home/nikitas/anaconda3/lib/python3.7/site-packages/flask/_compat.py", line 39, in reraise
    raise value
  File "/home/nikitas/anaconda3/lib/python3.7/site-packages/flask/app.py", line 1949, in full_dispatch_request
    rv = self.dispatch_request()
  File "/home/nikitas/anaconda3/lib/python3.7/site-packages/flask/app.py", line 1935, in dispatch_request
    return self.view_functions[rule.endpoint](**req.view_args)
  File "/home/nikitas/Desktop/distrib/noobcash/broadcast.py", line 224, in cli_new_transaction
    if (new_transaction(node['pub'], amount)):
  File "/home/nikitas/Desktop/distrib/noobcash/broadcast.py", line 80, in new_transaction
    ret = State.state.mine_and_broadcast_block()
  File "/home/nikitas/Desktop/distrib/noobcash/state.py", line 93, in mine_and_broadcast_block
    if not (broadcast.broadcast_block(block)):
  File "/home/nikitas/Desktop/distrib/noobcash/broadcast.py", line 24, in broadcast_block
    return broadcast(json_block,'receive_block',node_id)
  File "/home/nikitas/Desktop/distrib/noobcash/broadcast.py", line 44, in broadcast
    response = requests.post('{}/{}'.format(ip,rest_point), json=json_obj)
  File "/home/nikitas/anaconda3/lib/python3.7/site-packages/requests/api.py", line 116, in post
    return request('post', url, data=data, json=json, **kwargs)
  File "/home/nikitas/anaconda3/lib/python3.7/site-packages/requests/api.py", line 60, in request
    return session.request(method=method, url=url, **kwargs)
  File "/home/nikitas/anaconda3/lib/python3.7/site-packages/requests/sessions.py", line 533, in request
    resp = self.send(prep, **send_kwargs)
  File "/home/nikitas/anaconda3/lib/python3.7/site-packages/requests/sessions.py", line 646, in send
    r = adapter.send(request, **kwargs)
  File "/home/nikitas/anaconda3/lib/python3.7/site-packages/requests/adapters.py", line 516, in send
    raise ConnectionError(e, request=request)
requests.exceptions.ConnectionError: HTTPConnectionPool(host='localhost', port=1234): Max retries exceeded with url: /receive_block (Caused by NewConnectionError('<urllib3.connection.HTTPConnection object at 0x7f2024295e90>: Failed to establish a new connection: [Errno 111] Connection refused'))
127.0.0.1 - - [06/Apr/2020 17:58:50] "[1m[35mPOST /new_transaction HTTP/1.1[0m" 500 -
[2020-04-06 17:58:50,167] ERROR in app: Exception on /receive_transaction [POST]
Traceback (most recent call last):
  File "/home/nikitas/anaconda3/lib/python3.7/site-packages/urllib3/connection.py", line 159, in _new_conn
    (self._dns_host, self.port), self.timeout, **extra_kw)
  File "/home/nikitas/anaconda3/lib/python3.7/site-packages/urllib3/util/connection.py", line 80, in create_connection
    raise err
  File "/home/nikitas/anaconda3/lib/python3.7/site-packages/urllib3/util/connection.py", line 70, in create_connection
    sock.connect(sa)
ConnectionRefusedError: [Errno 111] Connection refused

During handling of the above exception, another exception occurred:

Traceback (most recent call last):
  File "/home/nikitas/anaconda3/lib/python3.7/site-packages/urllib3/connectionpool.py", line 600, in urlopen
    chunked=chunked)
  File "/home/nikitas/anaconda3/lib/python3.7/site-packages/urllib3/connectionpool.py", line 354, in _make_request
    conn.request(method, url, **httplib_request_kw)
  File "/home/nikitas/anaconda3/lib/python3.7/http/client.py", line 1244, in request
    self._send_request(method, url, body, headers, encode_chunked)
  File "/home/nikitas/anaconda3/lib/python3.7/http/client.py", line 1290, in _send_request
    self.endheaders(body, encode_chunked=encode_chunked)
  File "/home/nikitas/anaconda3/lib/python3.7/http/client.py", line 1239, in endheaders
    self._send_output(message_body, encode_chunked=encode_chunked)
  File "/home/nikitas/anaconda3/lib/python3.7/http/client.py", line 1026, in _send_output
    self.send(msg)
  File "/home/nikitas/anaconda3/lib/python3.7/http/client.py", line 966, in send
    self.connect()
  File "/home/nikitas/anaconda3/lib/python3.7/site-packages/urllib3/connection.py", line 181, in connect
    conn = self._new_conn()
  File "/home/nikitas/anaconda3/lib/python3.7/site-packages/urllib3/connection.py", line 168, in _new_conn
    self, "Failed to establish a new connection: %s" % e)
urllib3.exceptions.NewConnectionError: <urllib3.connection.HTTPConnection object at 0x7f2024b0a850>: Failed to establish a new connection: [Errno 111] Connection refused

During handling of the above exception, another exception occurred:

Traceback (most recent call last):
  File "/home/nikitas/anaconda3/lib/python3.7/site-packages/requests/adapters.py", line 449, in send
    timeout=timeout
  File "/home/nikitas/anaconda3/lib/python3.7/site-packages/urllib3/connectionpool.py", line 638, in urlopen
    _stacktrace=sys.exc_info()[2])
  File "/home/nikitas/anaconda3/lib/python3.7/site-packages/urllib3/util/retry.py", line 399, in increment
    raise MaxRetryError(_pool, url, error or ResponseError(cause))
urllib3.exceptions.MaxRetryError: HTTPConnectionPool(host='localhost', port=1234): Max retries exceeded with url: /receive_block (Caused by NewConnectionError('<urllib3.connection.HTTPConnection object at 0x7f2024b0a850>: Failed to establish a new connection: [Errno 111] Connection refused'))

During handling of the above exception, another exception occurred:

Traceback (most recent call last):
  File "/home/nikitas/anaconda3/lib/python3.7/site-packages/flask/app.py", line 2446, in wsgi_app
    response = self.full_dispatch_request()
  File "/home/nikitas/anaconda3/lib/python3.7/site-packages/flask/app.py", line 1951, in full_dispatch_request
    rv = self.handle_user_exception(e)
  File "/home/nikitas/anaconda3/lib/python3.7/site-packages/flask/app.py", line 1820, in handle_user_exception
    reraise(exc_type, exc_value, tb)
  File "/home/nikitas/anaconda3/lib/python3.7/site-packages/flask/_compat.py", line 39, in reraise
    raise value
  File "/home/nikitas/anaconda3/lib/python3.7/site-packages/flask/app.py", line 1949, in full_dispatch_request
    rv = self.dispatch_request()
  File "/home/nikitas/anaconda3/lib/python3.7/site-packages/flask/app.py", line 1935, in dispatch_request
    return self.view_functions[rule.endpoint](**req.view_args)
  File "/home/nikitas/Desktop/distrib/noobcash/broadcast.py", line 118, in receive_transaction
    State.state.mine_and_broadcast_block()
  File "/home/nikitas/Desktop/distrib/noobcash/state.py", line 93, in mine_and_broadcast_block
    if not (broadcast.broadcast_block(block)):
  File "/home/nikitas/Desktop/distrib/noobcash/broadcast.py", line 24, in broadcast_block
    return broadcast(json_block,'receive_block',node_id)
  File "/home/nikitas/Desktop/distrib/noobcash/broadcast.py", line 44, in broadcast
    response = requests.post('{}/{}'.format(ip,rest_point), json=json_obj)
  File "/home/nikitas/anaconda3/lib/python3.7/site-packages/requests/api.py", line 116, in post
    return request('post', url, data=data, json=json, **kwargs)
  File "/home/nikitas/anaconda3/lib/python3.7/site-packages/requests/api.py", line 60, in request
    return session.request(method=method, url=url, **kwargs)
  File "/home/nikitas/anaconda3/lib/python3.7/site-packages/requests/sessions.py", line 533, in request
    resp = self.send(prep, **send_kwargs)
  File "/home/nikitas/anaconda3/lib/python3.7/site-packages/requests/sessions.py", line 646, in send
    r = adapter.send(request, **kwargs)
  File "/home/nikitas/anaconda3/lib/python3.7/site-packages/requests/adapters.py", line 516, in send
    raise ConnectionError(e, request=request)
requests.exceptions.ConnectionError: HTTPConnectionPool(host='localhost', port=1234): Max retries exceeded with url: /receive_block (Caused by NewConnectionError('<urllib3.connection.HTTPConnection object at 0x7f2024b0a850>: Failed to establish a new connection: [Errno 111] Connection refused'))
127.0.0.1 - - [06/Apr/2020 17:58:50] "[1m[35mPOST /receive_transaction HTTP/1.1[0m" 500 -
