 * Serving Flask app "server" (lazy loading)
 * Environment: production
   WARNING: This is a development server. Do not use it in a production deployment.
   Use a production WSGI server instead.
 * Debug mode: off
 * Running on http://localhost:1237/ (Press CTRL+C to quit)
127.0.0.1 - - [06/Apr/2020 17:57:51] "[37mPOST /start_client HTTP/1.1[0m" 200 -
127.0.0.1 - - [06/Apr/2020 17:57:51] "[37mGET /notify_start HTTP/1.1[0m" 200 -
127.0.0.1 - - [06/Apr/2020 17:57:51] "[37mPOST /receive_info HTTP/1.1[0m" 200 -
RECEIVE  : Current Transactions not in block: 0
For node  0 : 400
For node  1 : 100
For node  2 : 0
For node  3 : 0
For node  4 : 0
All money :  500
127.0.0.1 - - [06/Apr/2020 17:57:51] "[37mPOST /receive_transaction HTTP/1.1[0m" 200 -
127.0.0.1 - - [06/Apr/2020 17:57:51] "[37mGET /notify_start HTTP/1.1[0m" 200 -
127.0.0.1 - - [06/Apr/2020 17:57:52] "[37mGET /notify_start HTTP/1.1[0m" 200 -
127.0.0.1 - - [06/Apr/2020 17:57:52] "[37mGET /notify_start HTTP/1.1[0m" 200 -
1586185072.3187363 :: Inital block was valid, no need to resolve conflict
Average time by now None
Number of blocks 0
For node  0 : 400
For node  1 : 100
For node  2 : 0
For node  3 : 0
For node  4 : 0
All money :  500
127.0.0.1 - - [06/Apr/2020 17:57:52] "[37mPOST /receive_block HTTP/1.1[0m" 200 -
RECEIVE  : Current Transactions not in block: 0
For node  0 : 300
For node  1 : 100
For node  2 : 100
For node  3 : 0
For node  4 : 0
All money :  500
127.0.0.1 - - [06/Apr/2020 17:57:52] "[37mPOST /receive_transaction HTTP/1.1[0m" 200 -
1586185072.4130845 :: Inital block was valid, no need to resolve conflict
Average time by now None
Number of blocks 1
For node  0 : 300
For node  1 : 100
For node  2 : 100
For node  3 : 0
For node  4 : 0
All money :  500
127.0.0.1 - - [06/Apr/2020 17:57:52] "[37mPOST /receive_block HTTP/1.1[0m" 200 -
127.0.0.1 - - [06/Apr/2020 17:57:52] "[37mGET /notify_start HTTP/1.1[0m" 200 -
RECEIVE  : Current Transactions not in block: 0
For node  0 : 200
For node  1 : 100
For node  2 : 100
For node  3 : 100
For node  4 : 0
All money :  500
127.0.0.1 - - [06/Apr/2020 17:57:52] "[37mPOST /receive_transaction HTTP/1.1[0m" 200 -
127.0.0.1 - - [06/Apr/2020 17:57:52] "[37mGET /notify_start HTTP/1.1[0m" 200 -
127.0.0.1 - - [06/Apr/2020 17:57:52] "[37mGET /notify_start HTTP/1.1[0m" 200 -
127.0.0.1 - - [06/Apr/2020 17:57:53] "[37mGET /notify_start HTTP/1.1[0m" 200 -
127.0.0.1 - - [06/Apr/2020 17:57:53] "[37mGET /notify_start HTTP/1.1[0m" 200 -
127.0.0.1 - - [06/Apr/2020 17:57:53] "[37mGET /notify_start HTTP/1.1[0m" 200 -
127.0.0.1 - - [06/Apr/2020 17:57:53] "[37mGET /notify_start HTTP/1.1[0m" 200 -
127.0.0.1 - - [06/Apr/2020 17:57:53] "[37mGET /notify_start HTTP/1.1[0m" 200 -
127.0.0.1 - - [06/Apr/2020 17:57:54] "[37mGET /notify_start HTTP/1.1[0m" 200 -
127.0.0.1 - - [06/Apr/2020 17:57:54] "[37mGET /notify_start HTTP/1.1[0m" 200 -
1586185074.3507211 :: Inital block was valid, no need to resolve conflict
Average time by now None
Number of blocks 2
For node  0 : 200
For node  1 : 100
For node  2 : 100
For node  3 : 100
For node  4 : 0
All money :  500
127.0.0.1 - - [06/Apr/2020 17:57:54] "[37mPOST /receive_block HTTP/1.1[0m" 200 -
RECEIVE  : Current Transactions not in block: 0
For node  0 : 100
For node  1 : 100
For node  2 : 100
For node  3 : 100
For node  4 : 100
All money :  500
127.0.0.1 - - [06/Apr/2020 17:57:54] "[37mPOST /receive_transaction HTTP/1.1[0m" 200 -
127.0.0.1 - - [06/Apr/2020 17:57:54] "[37mPOST /start HTTP/1.1[0m" 200 -
127.0.0.1 - - [06/Apr/2020 17:57:54] "[37mGET /notify_start HTTP/1.1[0m" 200 -
NEW: Current Transactions not in block: 1
NEW: I have to mine the block, if this tx is valid, I have to make a new one.
1586185074.8283734 :: Inital block was valid, no need to resolve conflict
Average time by now None
Number of blocks 3
For node  0 : 100
For node  1 : 100
For node  2 : 100
For node  3 : 100
For node  4 : 100
All money :  500
127.0.0.1 - - [06/Apr/2020 17:57:54] "[37mPOST /receive_block HTTP/1.1[0m" 200 -
127.0.0.1 - - [06/Apr/2020 17:57:54] "[37mGET /request_chain HTTP/1.1[0m" 200 -
RECEIVE  : Current Transactions not in block: 0
For node  0 : 100
For node  1 : 91
For node  2 : 127.0.0.1 - - [06/Apr/2020 17:57:55] "[37mGET /request_chain HTTP/1.1[0m" 200 -
100
For node  3 : 109
For node  4 : 100
All money :  500
127.0.0.1 - - [06/Apr/2020 17:57:55] "[37mPOST /receive_transaction HTTP/1.1[0m" 200 -
127.0.0.1 - - [06/Apr/2020 17:57:55] "[37mGET /request_chain HTTP/1.1[0m" 200 -
127.0.0.1 - - [06/Apr/2020 17:57:55] "[37mGET /request_chain HTTP/1.1[0m" 200 -
127.0.0.1 - - [06/Apr/2020 17:57:55] "[37mGET /request_chain HTTP/1.1[0m" 200 -
Average time by now None
Number of blocks 4
For node  0 : 100
For node  1 : 91
For node  2 : 100
For node  3 : 109
For node  4 : 100
All money :  500
127.0.0.1 - - [06/Apr/2020 17:57:55] "[37mPOST /receive_block HTTP/1.1[0m" 200 -
127.0.0.1 - - [06/Apr/2020 17:57:55] "[37mGET /request_chain HTTP/1.1[0m" 200 -
Given input UTXO is not found in utxo records
Actually found a different chain
Average time by now None
Number of blocks 5
127.0.0.1 - - [06/Apr/2020 17:57:55] "[37mGET /request_chain HTTP/1.1[0m" 200 -
For node  0 : 100
For node  1 : 91
For node  2 : 100
For node  3 : 109
For node  4 : 100
All money :  500
127.0.0.1 - - [06/Apr/2020 17:57:55] "[37mPOST /receive_block HTTP/1.1[0m" 200 -
127.0.0.1 - - [06/Apr/2020 17:57:55] "[37mGET /request_chain HTTP/1.1[0m" 200 -
127.0.0.1 - - [06/Apr/2020 17:57:55] "[37mGET /request_chain HTTP/1.1[0m" 200 -
127.0.0.1 - - [06/Apr/2020 17:57:55] "[37mGET /request_chain HTTP/1.1[0m" 200 -
RECEIVE  : Current Transactions not in block: 0
For node  0 : 93
For node  1 : 98
For node  2 : 100
127.0.0.1 - - [06/Apr/2020 17:57:55] "[37mGET /request_chain HTTP/1.1[0m" 200 -
For node  3 : 109
For node  4 : 100
All money :  500
127.0.0.1 - - [06/Apr/2020 17:57:55] "[37mPOST /receive_transaction HTTP/1.1[0m" 200 -
Average time by now 0.576559821764628
Number of blocks 6
For node  0 : 93
For node  1 : 98
For node  2 : 100
For node  3 : 109
For node  4 : 100
All money :  500
127.0.0.1 - - [06/Apr/2020 17:57:55] "[37mPOST /receive_block HTTP/1.1[0m" 200 -
Given input UTXO is not found in utxo records
Actually found a different chain
Block mined
Average time by now 0.5144428185054234
Number of blocks 7
For node  0 : 93
For node  1 : 98
For node  2 : 100
For node  3 : 109
For node  4 : 100
All money :  500
127.0.0.1 - - [06/Apr/2020 17:57:55] "[37mPOST /receive_block HTTP/1.1[0m" 200 -
127.0.0.1 - - [06/Apr/2020 17:57:55] "[37mGET /request_chain HTTP/1.1[0m" 200 -
Average time by now 0.45702213048934937
Number of blocks 8
For node  0 : 93
For node  1 : 98
For node  2 : 100
For node  3 : 109
For node  4 : 100
All money :  500
127.0.0.1 - - [06/Apr/2020 17:57:55] "[37mPOST /receive_block HTTP/1.1[0m" 200 -
Average time by now 0.41348523563808864
Number of blocks 9
For node  0 : 93
For node  1 : 98
For node  2 : 100
For node  3 : 109
For node  4 : 100
All money :  500
127.0.0.1 - - [06/Apr/2020 17:57:56] "[37mGET /request_chain HTTP/1.1[0m" 200 -
127.0.0.1 - - [06/Apr/2020 17:57:56] "[37mGET /request_chain HTTP/1.1[0m" 200 -
127.0.0.1 - - [06/Apr/2020 17:57:56] "[37mGET /request_chain HTTP/1.1[0m" 200 -
127.0.0.1 - - [06/Apr/2020 17:57:56] "[37mGET /request_chain HTTP/1.1[0m" 200 -
127.0.0.1 - - [06/Apr/2020 17:57:56] "[37mGET /request_chain HTTP/1.1[0m" 200 -
RECEIVE  : Current Transactions not in block: 0
For node  0 : 99
For node  1 : 92
For node  2 : 100
For node  3 : 109
For node  4 : 100
All money :  500
127.0.0.1 - - [06/Apr/2020 17:57:56] "[37mPOST /receive_transaction HTTP/1.1[0m" 200 -
127.0.0.1 - - [06/Apr/2020 17:57:56] "[37mGET /request_chain HTTP/1.1[0m" 200 -
127.0.0.1 - - [06/Apr/2020 17:57:56] "[37mGET /request_chain HTTP/1.1[0m" 200 -
127.0.0.1 - - [06/Apr/2020 17:57:56] "[37mGET /request_chain HTTP/1.1[0m" 200 -
127.0.0.1 - - [06/Apr/2020 17:57:56] "[37mGET /request_chain HTTP/1.1[0m" 200 -
127.0.0.1 - - [06/Apr/2020 17:57:56] "[37mGET /request_chain HTTP/1.1[0m" 200 -
127.0.0.1 - - [06/Apr/2020 17:57:56] "[37mGET /request_chain HTTP/1.1[0m" 200 -
Successful mining and broadcast
Average time by now 0.46421549320220945
Number of blocks 10
For node  0 : 99
For node  1 : 92
For node  2 : 96
For node  3 : 109
For node  4 : 104
All money :  500
127.0.0.1 - - [06/Apr/2020 17:57:56] "[37mPOST /receive_block HTTP/1.1[0m" 200 -
127.0.0.1 - - [06/Apr/2020 17:57:57] "[37mGET /request_chain HTTP/1.1[0m" 200 -
127.0.0.1 - - [06/Apr/2020 17:57:57] "[37mGET /request_chain HTTP/1.1[0m" 200 -
1586185077.2671397 :: Inital block was valid, no need to resolve conflict
Average time by now 0.449849627234719
Number of blocks 11
For node  0 : 99
For node  1 : 92
For node  2 : 96
For node  3 : 109
For node  4 : 104
All money :  500
127.0.0.1 - - [06/Apr/2020 17:57:57] "[37mPOST /receive_block HTTP/1.1[0m" 200 -
127.0.0.1 - - [06/Apr/2020 17:57:57] "[37mGET /request_chain HTTP/1.1[0m" 200 -
127.0.0.1 - - [06/Apr/2020 17:57:57] "[37mGET /request_chain HTTP/1.1[0m" 200 -
127.0.0.1 - - [06/Apr/2020 17:57:57] "[37mGET /request_chain HTTP/1.1[0m" 200 -
127.0.0.1 - - [06/Apr/2020 17:57:57] "[37mGET /request_chain HTTP/1.1[0m" 200 -
127.0.0.1 - - [06/Apr/2020 17:57:57] "[37mGET /request_chain HTTP/1.1[0m" 200 -
127.0.0.1 - - [06/Apr/2020 17:57:57] "[37mGET /request_chain HTTP/1.1[0m" 200 -
Average time by now 0.43014899889628094
Number of blocks 12
For node  0 : 99
For node  1 : 92
For node  2 : 96
For node  3 : 109
For node  4 : 104
All money :  500
127.0.0.1 - - [06/Apr/2020 17:57:57] "[37mPOST /receive_block HTTP/1.1[0m" 200 -
127.0.0.1 - - [06/Apr/2020 17:57:57] "[37mGET /request_chain HTTP/1.1[0m" 200 -
Average time by now 0.411547275689932
Number of blocks 13
For node  0 : 99
For node  1 : 92
For node  2 : 96
For node  3 : 109
For node  4 : 104
All money :  500
127.0.0.1 - - [06/Apr/2020 17:57:57] "[37mPOST /receive_block HTTP/1.1[0m" 200 -
127.0.0.1 - - [06/Apr/2020 17:57:57] "[37mGET /request_chain HTTP/1.1[0m" 200 -
Average time by now 0.3863006149019514
Number of blocks 14
For node  0 : 99
For node  1 : 92
For node  2 : 96
For node  3 : 109
For node  4 : 104
All money :  500
127.0.0.1 - - [06/Apr/2020 17:57:57] "[37mPOST /receive_block HTTP/1.1[0m" 200 -
127.0.0.1 - - [06/Apr/2020 17:57:57] "[37mGET /request_chain HTTP/1.1[0m" 200 -
127.0.0.1 - - [06/Apr/2020 17:57:58] "[37mGET /request_chain HTTP/1.1[0m" 200 -
127.0.0.1 - - [06/Apr/2020 17:57:58] "[37mGET /request_chain HTTP/1.1[0m" 200 -
RECEIVE  : Current Transactions not in block: 1
RECEIVE: I have to mine the block, if this tx is valid, I have to make a new one.
1586185078.4797845 :: Inital block was valid, no need to resolve conflict
Average time by now 0.41097822189331057
Number of blocks 15
For node  0 : 99
For node  1 : 92
For node  2 : 96
For node  3 : 114
For node  4 : 99
All money :  500
127.0.0.1 - - [06/Apr/2020 17:57:58] "[37mPOST /receive_block HTTP/1.1[0m" 200 -
127.0.0.1 - - [06/Apr/2020 17:57:58] "[37mGET /request_chain HTTP/1.1[0m" 200 -
127.0.0.1 - - [06/Apr/2020 17:57:58] "[37mGET /request_chain HTTP/1.1[0m" 200 -
For node  0 : 99
For node  1 : 92
For node  2 : 96
For node  3 : 114
For node  4 : 99
All money :  500
127.0.0.1 - - [06/Apr/2020 17:57:58] "[37mPOST /new_transaction HTTP/1.1[0m" 200 -
127.0.0.1 - - [06/Apr/2020 17:57:58] "[37mGET /request_chain HTTP/1.1[0m" 200 -
NEW: Current Transactions not in block: 1
NEW: I have to mine the block, if this tx is valid, I have to make a new one.
127.0.0.1 - - [06/Apr/2020 17:57:58] "[37mGET /request_chain HTTP/1.1[0m" 200 -
Block mined
127.0.0.1 - - [06/Apr/2020 17:57:59] "[37mGET /request_chain HTTP/1.1[0m" 200 -
Average time by now 0.42984405159950256
Number of blocks 16
For node  0 : 99
For node  1 : 92
For node  2 : 96
For node  3 : 114
For node  4 : 99
All money :  500
127.0.0.1 - - [06/Apr/2020 17:57:59] "[37mGET /request_chain HTTP/1.1[0m" 200 -
127.0.0.1 - - [06/Apr/2020 17:57:59] "[37mGET /request_chain HTTP/1.1[0m" 200 -
Average time by now 0.41383987314560833
Number of blocks 17
For node  0 : 99
For node  1 : 92
For node  2 : 96
For node  3 : 114
For node  4 : 99
All money :  500
127.0.0.1 - - [06/Apr/2020 17:57:59] "[37mPOST /receive_block HTTP/1.1[0m" 200 -
127.0.0.1 - - [06/Apr/2020 17:57:59] "[37mGET /request_chain HTTP/1.1[0m" 200 -
127.0.0.1 - - [06/Apr/2020 17:57:59] "[37mGET /request_chain HTTP/1.1[0m" 200 -
127.0.0.1 - - [06/Apr/2020 17:57:59] "[37mGET /request_chain HTTP/1.1[0m" 200 -
Average time by now 0.4178989595837063
Number of blocks 18
For node  0 : 99
For node  1 : 92
For node  2 : 96
For node  3 : 114
For node  4 : 99
All money :  500
127.0.0.1 - - [06/Apr/2020 17:57:59] "[37mPOST /receive_block HTTP/1.1[0m" 200 -
127.0.0.1 - - [06/Apr/2020 17:57:59] "[37mGET /request_chain HTTP/1.1[0m" 200 -
127.0.0.1 - - [06/Apr/2020 17:58:00] "[37mGET /request_chain HTTP/1.1[0m" 200 -
127.0.0.1 - - [06/Apr/2020 17:58:00] "[37mGET /request_chain HTTP/1.1[0m" 200 -
Successful mining and broadcast
For node  0 : 99
For node  1 : 92
For node  2 : 102
For node  3 : 108
For node  4 : 99
All money :  500
127.0.0.1 - - [06/Apr/2020 17:58:00] "[37mPOST /receive_transaction HTTP/1.1[0m" 200 -
1586185080.5298128 :: Inital block was valid, no need to resolve conflict
Average time by now 0.432693130091617
Number of blocks 19
For node  0 : 99
For node  1 : 92
For node  2 : 102
For node  3 : 108
For node  4 : 99
All money :  500
127.0.0.1 - - [06/Apr/2020 17:58:00] "[37mPOST /receive_block HTTP/1.1[0m" 200 -
127.0.0.1 - - [06/Apr/2020 17:58:01] "[37mGET /request_chain HTTP/1.1[0m" 200 -
127.0.0.1 - - [06/Apr/2020 17:58:01] "[37mGET /request_chain HTTP/1.1[0m" 200 -
Average time by now 0.4695571780204773
Number of blocks 20
For node  0 : 99
For node  1 : 92
For node  2 : 102
For node  3 : 108
For node  4 : 99
All money :  500
127.0.0.1 - - [06/Apr/2020 17:58:01] "[37mPOST /receive_block HTTP/1.1[0m" 200 -
127.0.0.1 - - [06/Apr/2020 17:58:01] "[37mGET /request_chain HTTP/1.1[0m" 200 -
127.0.0.1 - - [06/Apr/2020 17:58:02] "[37mGET /request_chain HTTP/1.1[0m" 200 -
Block mined
127.0.0.1 - - [06/Apr/2020 17:58:02] "[37mGET /request_chain HTTP/1.1[0m" 200 -
Average time by now 0.4730041254134405
Number of blocks 21
For node  0 : 99
For node  1 : 92
For node  2 : 102
For node  3 : 108
For node  4 : 99
All money :  500
127.0.0.1 - - [06/Apr/2020 17:58:02] "[37mGET /request_chain HTTP/1.1[0m" 200 -
127.0.0.1 - - [06/Apr/2020 17:58:02] "[37mGET /request_chain HTTP/1.1[0m" 200 -
127.0.0.1 - - [06/Apr/2020 17:58:02] "[37mGET /request_chain HTTP/1.1[0m" 200 -
Given input UTXO is not found in utxo records
Actually found a different chain
Average time by now 0.48058120770887897
Number of blocks 22
For node  0 : 99
For node  1 : 92
For node  2 : 102
For node  3 : 108
For node  4 : 99
All money :  500
127.0.0.1 - - [06/Apr/2020 17:58:02] "[37mPOST /receive_block HTTP/1.1[0m" 200 -
127.0.0.1 - - [06/Apr/2020 17:58:03] "[37mGET /request_chain HTTP/1.1[0m" 200 -
Average time by now 0.4669388377148172
Number of blocks 23
For node  0 : 99
For node  1 : 92
For node  2 : 102
For node  3 : 108
For node  4 : 99
All money :  500
127.0.0.1 - - [06/Apr/2020 17:58:03] "[37mPOST /receive_block HTTP/1.1[0m" 200 -
127.0.0.1 - - [06/Apr/2020 17:58:03] "[37mGET /request_chain HTTP/1.1[0m" 200 -
127.0.0.1 - - [06/Apr/2020 17:58:03] "[37mGET /request_chain HTTP/1.1[0m" 200 -
RECEIVE  : Current Transactions not in block: 0
For node  0 : 99
For node  1 : 87
For node  2 : 102
For node  3 : 113
For node  4 : 99
All money :  500
127.0.0.1 - - [06/Apr/2020 17:58:03] "[37mPOST /receive_transaction HTTP/1.1[0m" 200 -
127.0.0.1 - - [06/Apr/2020 17:58:03] "[37mGET /request_chain HTTP/1.1[0m" 200 -
127.0.0.1 - - [06/Apr/2020 17:58:03] "[37mGET /request_chain HTTP/1.1[0m" 200 -
127.0.0.1 - - [06/Apr/2020 17:58:03] "[37mGET /request_chain HTTP/1.1[0m" 200 -
Successful mining and broadcast
127.0.0.1 - - [06/Apr/2020 17:58:03] "[37mGET /request_chain HTTP/1.1[0m" 200 -
127.0.0.1 - - [06/Apr/2020 17:58:03] "[37mGET /request_chain HTTP/1.1[0m" 200 -
1586185083.9813063 :: Inital block was valid, no need to resolve conflict
Average time by now 0.48593828082084656
Number of blocks 24
For node  0 : 91
For node  1 : 87
For node  2 : 104
For node  3 : 119
For node  4 : 99
All money :  500
127.0.0.1 - - [06/Apr/2020 17:58:03] "[37mPOST /receive_block HTTP/1.1[0m" 200 -
127.0.0.1 - - [06/Apr/2020 17:58:04] "[37mGET /request_chain HTTP/1.1[0m" 200 -
Average time by now 0.47665766716003416
Number of blocks 25
For node  0 : 91
For node  1 : 87
For node  2 : 104
For node  3 : 119
For node  4 : 99
All money :  500
127.0.0.1 - - [06/Apr/2020 17:58:04] "[37mPOST /receive_block HTTP/1.1[0m" 200 -
127.0.0.1 - - [06/Apr/2020 17:58:04] "[37mGET /request_chain HTTP/1.1[0m" 200 -
127.0.0.1 - - [06/Apr/2020 17:58:04] "[37mGET /request_chain HTTP/1.1[0m" 200 -
RECEIVE  : Current Transactions not in block: 2
RECEIVE: I have to mine the block, if this tx is valid, I have to make a new one.
1586185084.9700067 :: Inital block was valid, no need to resolve conflict
Average time by now 0.48697510132422817
Number of blocks 26
For node  0 : 91
For node  1 : 87
For node  2 : 104
For node  3 : 119
For node  4 : 99
All money :  500
127.0.0.1 - - [06/Apr/2020 17:58:04] "[37mPOST /receive_block HTTP/1.1[0m" 200 -
RECEIVE  : Current Transactions not in block: 1
RECEIVE: I have to mine the block, if this tx is valid, I have to make a new one.
127.0.0.1 - - [06/Apr/2020 17:58:05] "[37mGET /request_chain HTTP/1.1[0m" 200 -
127.0.0.1 - - [06/Apr/2020 17:58:05] "[37mGET /request_chain HTTP/1.1[0m" 200 -
Block mined
127.0.0.1 - - [06/Apr/2020 17:58:05] "[37mGET /request_chain HTTP/1.1[0m" 200 -
Average time by now 0.4992099603017171
Number of blocks 27
For node  0 : 91
For node  1 : 87
For node  2 : 104
For node  3 : 119
For node  4 : 99
All money :  500
127.0.0.1 - - [06/Apr/2020 17:58:05] "[37mGET /request_chain HTTP/1.1[0m" 200 -
Average time by now 0.49071178265980314
Number of blocks 28
For node  0 : 91
For node  1 : 87
For node  2 : 104
For node  3 : 119
For node  4 : 99
All money :  500
127.0.0.1 - - [06/Apr/2020 17:58:06] "[37mPOST /receive_block HTTP/1.1[0m" 200 -
127.0.0.1 - - [06/Apr/2020 17:58:06] "[37mGET /request_chain HTTP/1.1[0m" 200 -
127.0.0.1 - - [06/Apr/2020 17:58:06] "[37mGET /request_chain HTTP/1.1[0m" 200 -
127.0.0.1 - - [06/Apr/2020 17:58:06] "[37mGET /request_chain HTTP/1.1[0m" 200 -
Block mined
1586185086.6328216 :: Inital block was valid, no need to resolve conflict
Average time by now 0.49358658955014983
Number of blocks 29
For node  0 : 91
For node  1 : 87
For node  2 : 104
For node  3 : 119
For node  4 : 99
All money :  500
127.0.0.1 - - [06/Apr/2020 17:58:06] "[37mGET /request_chain HTTP/1.1[0m" 200 -
Successful mining and broadcast
Given input UTXO is not found in utxo records
For node  0 : 91
For node  1 : 87
For node  2 : 104
For node  3 : 119
For node  4 : 99
All money :  500
127.0.0.1 - - [06/Apr/2020 17:58:06] "[37mPOST /receive_transaction HTTP/1.1[0m" 200 -
127.0.0.1 - - [06/Apr/2020 17:58:06] "[37mGET /request_chain HTTP/1.1[0m" 200 -
127.0.0.1 - - [06/Apr/2020 17:58:06] "[37mGET /request_chain HTTP/1.1[0m" 200 -
127.0.0.1 - - [06/Apr/2020 17:58:07] "[37mGET /request_chain HTTP/1.1[0m" 200 -
Successful mining and broadcast
For node  0 : 91
For node  1 : 87
For node  2 : 104
For node  3 : 111
For node  4 : 107
All money :  500
127.0.0.1 - - [06/Apr/2020 17:58:07] "[37mPOST /receive_transaction HTTP/1.1[0m" 200 -
127.0.0.1 - - [06/Apr/2020 17:58:07] "[37mGET /request_chain HTTP/1.1[0m" 200 -
127.0.0.1 - - [06/Apr/2020 17:58:07] "[37mGET /request_chain HTTP/1.1[0m" 200 -
127.0.0.1 - - [06/Apr/2020 17:58:07] "[37mGET /request_chain HTTP/1.1[0m" 200 -
127.0.0.1 - - [06/Apr/2020 17:58:07] "[37mGET /request_chain HTTP/1.1[0m" 200 -
127.0.0.1 - - [06/Apr/2020 17:58:07] "[37mGET /request_chain HTTP/1.1[0m" 200 -
Average time by now 0.5156102021535237
Number of blocks 30
For node  0 : 91
For node  1 : 87
For node  2 : 104
For node  3 : 111
For node  4 : 107
All money :  500
127.0.0.1 - - [06/Apr/2020 17:58:07] "[37mPOST /receive_block HTTP/1.1[0m" 200 -
127.0.0.1 - - [06/Apr/2020 17:58:07] "[37mGET /request_chain HTTP/1.1[0m" 200 -
Average time by now 0.5050916517934491
Number of blocks 31
For node  0 : 91
For node  1 : 87
For node  2 : 104
For node  3 : 111
For node  4 : 107
All money :  500
127.0.0.1 - - [06/Apr/2020 17:58:07] "[37mPOST /receive_block HTTP/1.1[0m" 200 -
127.0.0.1 - - [06/Apr/2020 17:58:08] "[37mGET /request_chain HTTP/1.1[0m" 200 -
Given input UTXO is not found in utxo records
Actually found a different chain
Average time by now 0.49443619698286045
Number of blocks 32
For node  0 : 91
For node  1 : 87
For node  2 : 104
For node  3 : 111
For node  4 : 107
All money :  500
127.0.0.1 - - [06/Apr/2020 17:58:08] "[37mPOST /receive_block HTTP/1.1[0m" 200 -
127.0.0.1 - - [06/Apr/2020 17:58:08] "[37mGET /request_chain HTTP/1.1[0m" 200 -
127.0.0.1 - - [06/Apr/2020 17:58:08] "[37mGET /request_chain HTTP/1.1[0m" 200 -
Average time by now 0.48365007747303346
Number of blocks 33
For node  0 : 91
For node  1 : 87
For node  2 : 104
For node  3 : 111
For node  4 : 107
All money :  500
127.0.0.1 - - [06/Apr/2020 17:58:08] "[37mPOST /receive_block HTTP/1.1[0m" 200 -
127.0.0.1 - - [06/Apr/2020 17:58:08] "[37mGET /request_chain HTTP/1.1[0m" 200 -
127.0.0.1 - - [06/Apr/2020 17:58:08] "[37mGET /request_chain HTTP/1.1[0m" 200 -
127.0.0.1 - - [06/Apr/2020 17:58:08] "[37mGET /request_chain HTTP/1.1[0m" 200 -
127.0.0.1 - - [06/Apr/2020 17:58:08] "[37mGET /request_chain HTTP/1.1[0m" 200 -
RECEIVE  : Current Transactions not in block: 0
Given input UTXO is not found in utxo records
For node  0 : 91
For node  1 : 87
For node  2 : 104
For node  3 : 111
For node  4 : 107
All money :  500
127.0.0.1 - - [06/Apr/2020 17:58:08] "[37mPOST /receive_transaction HTTP/1.1[0m" 200 -
1586185088.6767316 :: Inital block was valid, no need to resolve conflict
RECEIVE  : Current Transactions not in block: 0
Average time by now 0.48117292628568753
For node  0 : Number of blocks 34
93
For node  0 : For node  1 : 93
87
For node  1 : For node  2 : 87
111
For node  2 : For node  3 : 111
102
For node  3 : For node  4 : 102
107
For node  4 : All money :  500
127.0.0.1 - - [06/Apr/2020 17:58:08] "[37mPOST /receive_transaction HTTP/1.1[0m" 200 -
107
All money :  500
127.0.0.1 - - [06/Apr/2020 17:58:08] "[37mPOST /receive_block HTTP/1.1[0m" 200 -
Given input UTXO is not found in utxo records
Actually found a different chain
Average time by now 0.4756150722503661
Number of blocks 35
For node  0 : 93
For node  1 : 87
For node  2 : 111
For node  3 : 102
For node  4 : 107
All money :  500
127.0.0.1 - - [06/Apr/2020 17:58:08] "[37mPOST /receive_block HTTP/1.1[0m" 200 -
127.0.0.1 - - [06/Apr/2020 17:58:09] "[37mGET /request_chain HTTP/1.1[0m" 200 -
Average time by now 0.4673151572545369
Number of blocks 36
For node  0 : 93
For node  1 : 87
For node  2 : 111
For node  3 : 102
For node  4 : 107
All money :  500
127.0.0.1 - - [06/Apr/2020 17:58:09] "[37mPOST /receive_block HTTP/1.1[0m" 200 -
127.0.0.1 - - [06/Apr/2020 17:58:09] "[37mGET /request_chain HTTP/1.1[0m" 200 -
127.0.0.1 - - [06/Apr/2020 17:58:09] "[37mGET /request_chain HTTP/1.1[0m" 200 -
RECEIVE  : Current Transactions not in block: 0
Given input UTXO is not found in utxo records
For node  0 : 93
For node  1 : 87
For node  2 : 111
For node  3 : 102
For node  4 : 107
All money :  500
127.0.0.1 - - [06/Apr/2020 17:58:09] "[37mPOST /receive_transaction HTTP/1.1[0m" 200 -
127.0.0.1 - - [06/Apr/2020 17:58:09] "[37mGET /request_chain HTTP/1.1[0m" 200 -
127.0.0.1 - - [06/Apr/2020 17:58:09] "[37mGET /request_chain HTTP/1.1[0m" 200 -
127.0.0.1 - - [06/Apr/2020 17:58:09] "[37mGET /request_chain HTTP/1.1[0m" 200 -
127.0.0.1 - - [06/Apr/2020 17:58:09] "[37mGET /request_chain HTTP/1.1[0m" 200 -
127.0.0.1 - - [06/Apr/2020 17:58:09] "[37mGET /request_chain HTTP/1.1[0m" 200 -
RECEIVE  : Current Transactions not in block: 0
For node  0 : 97
For node  1 : 87
For node  2 : 111
For node  3 : 102
For node  4 : 103
All money :  500
127.0.0.1 - - [06/Apr/2020 17:58:09] "[37mPOST /receive_transaction HTTP/1.1[0m" 200 -
127.0.0.1 - - [06/Apr/2020 17:58:09] "[37mGET /request_chain HTTP/1.1[0m" 200 -
127.0.0.1 - - [06/Apr/2020 17:58:09] "[37mGET /request_chain HTTP/1.1[0m" 200 -
127.0.0.1 - - [06/Apr/2020 17:58:10] "[37mGET /request_chain HTTP/1.1[0m" 200 -
Given input UTXO is not found in utxo records
Actually found a different chain
Average time by now 0.4805438840711438
Number of blocks 37
For node  0 : 97
For node  1 : 87
For node  2 : 111
For node  3 : 102
For node  4 : 103
All money :  500
127.0.0.1 - - [06/Apr/2020 17:58:10] "[37mPOST /receive_block HTTP/1.1[0m" 200 -
127.0.0.1 - - [06/Apr/2020 17:58:10] "[37mGET /request_chain HTTP/1.1[0m" 200 -
127.0.0.1 - - [06/Apr/2020 17:58:10] "[37mGET /request_chain HTTP/1.1[0m" 200 -
127.0.0.1 - - [06/Apr/2020 17:58:10] "[37mGET /request_chain HTTP/1.1[0m" 200 -
Average time by now 0.47117786031020303
Number of blocks 38
For node  0 : 97
For node  1 : 87
For node  2 : 111
For node  3 : 102
For node  4 : 103
All money :  500
127.0.0.1 - - [06/Apr/2020 17:58:10] "[37mPOST /receive_block HTTP/1.1[0m" 200 -
127.0.0.1 - - [06/Apr/2020 17:58:10] "[37mGET /request_chain HTTP/1.1[0m" 200 -
127.0.0.1 - - [06/Apr/2020 17:58:10] "[37mGET /request_chain HTTP/1.1[0m" 200 -
Average time by now 0.46312134082500744
Number of blocks 39
For node  0 : 97
For node  1 : 87
For node  2 : 111
For node  3 : 102
For node  4 : 103
All money :  500
127.0.0.1 - - [06/Apr/2020 17:58:10] "[37mPOST /receive_block HTTP/1.1[0m" 200 -
127.0.0.1 - - [06/Apr/2020 17:58:10] "[37mGET /request_chain HTTP/1.1[0m" 200 -
127.0.0.1 - - [06/Apr/2020 17:58:10] "[37mGET /request_chain HTTP/1.1[0m" 200 -
For node  0 : 97
For node  1 : 87
For node  2 : 111
For node  3 : 102
For node  4 : 103
All money :  500
127.0.0.1 - - [06/Apr/2020 17:58:10] "[37mPOST /new_transaction HTTP/1.1[0m" 200 -
NEW: Current Transactions not in block: 0
Not enough UTXO coins in wallet, requested  1035 but have 111
127.0.0.1 - - [06/Apr/2020 17:58:10] "[1m[31mPOST /new_transaction HTTP/1.1[0m" 400 -
NEW: Current Transactions not in block: 0
127.0.0.1 - - [06/Apr/2020 17:58:10] "[37mGET /request_chain HTTP/1.1[0m" 200 -
Average time by now 0.4545873224735259
Number of blocks 40
For node  0 : 97
For node  1 : 87
For node  2 : 105
For node  3 : 102
For node  4 : 109
All money :  500
127.0.0.1 - - [06/Apr/2020 17:58:10] "[37mPOST /receive_block HTTP/1.1[0m" 200 -
RECEIVE  : Current Transactions not in block: 1
RECEIVE: I have to mine the block, if this tx is valid, I have to make a new one.
Block mined
1586185090.5965123 :: Inital block was valid, no need to resolve conflict
Average time by now 0.4457979085968761
Number of blocks 41
For node  0 : 97
For node  1 : 87
For node  2 : 105
For node  3 : 102
For node  4 : 109
All money :  500
127.0.0.1 - - [06/Apr/2020 17:58:10] "[37mGET /request_chain HTTP/1.1[0m" 200 -
127.0.0.1 - - [06/Apr/2020 17:58:10] "[37mGET /request_chain HTTP/1.1[0m" 200 -
127.0.0.1 - - [06/Apr/2020 17:58:11] "[37mGET /request_chain HTTP/1.1[0m" 200 -
127.0.0.1 - - [06/Apr/2020 17:58:11] "[37mGET /request_chain HTTP/1.1[0m" 200 -
Average time by now 0.4544219970703124
Number of blocks 42
For node  0 : 97
For node  1 : 87
For node  2 : 105
For node  3 : 102
For node  4 : 109
All money :  500
127.0.0.1 - - [06/Apr/2020 17:58:11] "[37mPOST /receive_block HTTP/1.1[0m" 200 -
127.0.0.1 - - [06/Apr/2020 17:58:11] "[37mGET /request_chain HTTP/1.1[0m" 200 -
127.0.0.1 - - [06/Apr/2020 17:58:11] "[37mGET /request_chain HTTP/1.1[0m" 200 -
127.0.0.1 - - [06/Apr/2020 17:58:12] "[37mGET /request_chain HTTP/1.1[0m" 200 -
127.0.0.1 - - [06/Apr/2020 17:58:12] "[37mGET /request_chain HTTP/1.1[0m" 200 -
Successful mining and broadcast
For node  0 : 92
For node  1 : 87
For node  2 : 110
For node  3 : 102
For node  4 : 109
All money :  500
127.0.0.1 - - [06/Apr/2020 17:58:12] "[37mPOST /receive_transaction HTTP/1.1[0m" 200 -
127.0.0.1 - - [06/Apr/2020 17:58:12] "[37mGET /request_chain HTTP/1.1[0m" 200 -
127.0.0.1 - - [06/Apr/2020 17:58:12] "[37mGET /request_chain HTTP/1.1[0m" 200 -
Average time by now 0.4741779926211334
Number of blocks 43
For node  0 : 92
For node  1 : 87
For node  2 : 110
For node  3 : 102
For node  4 : 109
All money :  500
127.0.0.1 - - [06/Apr/2020 17:58:12] "[37mPOST /receive_block HTTP/1.1[0m" 200 -
127.0.0.1 - - [06/Apr/2020 17:58:12] "[37mGET /request_chain HTTP/1.1[0m" 200 -
127.0.0.1 - - [06/Apr/2020 17:58:12] "[37mGET /request_chain HTTP/1.1[0m" 200 -
127.0.0.1 - - [06/Apr/2020 17:58:13] "[37mGET /request_chain HTTP/1.1[0m" 200 -
127.0.0.1 - - [06/Apr/2020 17:58:13] "[37mGET /request_chain HTTP/1.1[0m" 200 -
Given input UTXO is not found in utxo records
Actually found a different chain
127.0.0.1 - - [06/Apr/2020 17:58:13] "[37mGET /request_chain HTTP/1.1[0m" 200 -
Average time by now 0.47219142588702107
Number of blocks 44
For node  0 : 92
For node  1 : 87
For node  2 : 110
For node  3 : 102
For node  4 : 109
All money :  500
127.0.0.1 - - [06/Apr/2020 17:58:13] "[37mPOST /receive_block HTTP/1.1[0m" 200 -
Average time by now 0.4623816490173339
Number of blocks 45
For node  0 : 92
For node  1 : 87
For node  2 : 110
For node  3 : 102
For node  4 : 109
All money :  500
127.0.0.1 - - [06/Apr/2020 17:58:13] "[37mPOST /receive_block HTTP/1.1[0m" 200 -
127.0.0.1 - - [06/Apr/2020 17:58:13] "[37mGET /request_chain HTTP/1.1[0m" 200 -
127.0.0.1 - - [06/Apr/2020 17:58:13] "[37mGET /request_chain HTTP/1.1[0m" 200 -
127.0.0.1 - - [06/Apr/2020 17:58:13] "[37mGET /request_chain HTTP/1.1[0m" 200 -
127.0.0.1 - - [06/Apr/2020 17:58:13] "[37mGET /request_chain HTTP/1.1[0m" 200 -
RECEIVE  : Current Transactions not in block: 0
For node  0 : 94
For node  1 : 85
For node  2 : 110
For node  3 : 102
For node  4 : 109
All money :  500
127.0.0.1 - - [06/Apr/2020 17:58:13] "[37mPOST /receive_transaction HTTP/1.1[0m" 200 -
127.0.0.1 - - [06/Apr/2020 17:58:13] "[37mGET /request_chain HTTP/1.1[0m" 200 -
Average time by now 0.4644817165706468
Number of blocks 46
For node  0 : 94
For node  1 : 85
For node  2 : 110
For node  3 : 102
For node  4 : 109
All money :  500
127.0.0.1 - - [06/Apr/2020 17:58:13] "[37mPOST /receive_block HTTP/1.1[0m" 200 -
127.0.0.1 - - [06/Apr/2020 17:58:13] "[37mGET /request_chain HTTP/1.1[0m" 200 -
1586185093.880702 :: Inital block was valid, no need to resolve conflict
Average time by now 0.4587638631780096
Number of blocks 47
For node  0 : 94
For node  1 : 85
For node  2 : 110
For node  3 : 102
For node  4 : 109
All money :  500
127.0.0.1 - - [06/Apr/2020 17:58:13] "[37mPOST /receive_block HTTP/1.1[0m" 200 -
127.0.0.1 - - [06/Apr/2020 17:58:13] "[37mGET /request_chain HTTP/1.1[0m" 200 -
127.0.0.1 - - [06/Apr/2020 17:58:13] "[37mGET /request_chain HTTP/1.1[0m" 200 -
127.0.0.1 - - [06/Apr/2020 17:58:13] "[37mGET /request_chain HTTP/1.1[0m" 200 -
127.0.0.1 - - [06/Apr/2020 17:58:13] "[37mGET /request_chain HTTP/1.1[0m" 200 -
Average time by now 0.45337989429632813
Number of blocks 48
For node  0 : 94
For node  1 : 85
For node  2 : 110
For node  3 : 102
For node  4 : 109
All money :  500
127.0.0.1 - - [06/Apr/2020 17:58:14] "[37mPOST /receive_block HTTP/1.1[0m" 200 -
127.0.0.1 - - [06/Apr/2020 17:58:14] "[37mGET /request_chain HTTP/1.1[0m" 200 -
127.0.0.1 - - [06/Apr/2020 17:58:14] "[37mGET /request_chain HTTP/1.1[0m" 200 -
127.0.0.1 - - [06/Apr/2020 17:58:14] "[37mGET /request_chain HTTP/1.1[0m" 200 -
Average time by now 0.44677608840319566
Number of blocks 49
For node  0 : 94
For node  1 : 85
For node  2 : 110
For node  3 : 102
For node  4 : 109
All money :  500
127.0.0.1 - - [06/Apr/2020 17:58:14] "[37mPOST /receive_block HTTP/1.1[0m" 200 -
127.0.0.1 - - [06/Apr/2020 17:58:14] "[37mGET /request_chain HTTP/1.1[0m" 200 -
RECEIVE  : Current Transactions not in block: 0
For node  0 : 94
For node  1 : 86
For node  2 : 110
For node  3 : 102
For node  4 : 108
All money :  500
127.0.0.1 - - [06/Apr/2020 17:58:14] "[37mPOST /receive_transaction HTTP/1.1[0m" 200 -
127.0.0.1 - - [06/Apr/2020 17:58:14] "[37mGET /request_chain HTTP/1.1[0m" 200 -
127.0.0.1 - - [06/Apr/2020 17:58:14] "[37mGET /request_chain HTTP/1.1[0m" 200 -
127.0.0.1 - - [06/Apr/2020 17:58:14] "[37mGET /request_chain HTTP/1.1[0m" 200 -
127.0.0.1 - - [06/Apr/2020 17:58:14] "[37mGET /request_chain HTTP/1.1[0m" 200 -
Average time by now 0.45453512191772455
Number of blocks 50
For node  0 : 94
For node  1 : 86
For node  2 : 110
For node  3 : 102
For node  4 : 108
All money :  500
127.0.0.1 - - [06/Apr/2020 17:58:15] "[37mPOST /receive_block HTTP/1.1[0m" 200 -
127.0.0.1 - - [06/Apr/2020 17:58:15] "[37mGET /request_chain HTTP/1.1[0m" 200 -
RECEIVE  : Current Transactions not in block: 1
RECEIVE: I have to mine the block, if this tx is valid, I have to make a new one.
127.0.0.1 - - [06/Apr/2020 17:58:15] "[37mGET /request_chain HTTP/1.1[0m" 200 -
1586185095.262827 :: Inital block was valid, no need to resolve conflict
Average time by now 0.4500818159065994
Number of blocks 51
For node  0 : 94
For node  1 : 86
For node  2 : 110
For node  3 : 102
For node  4 : 108
All money :  500
127.0.0.1 - - [06/Apr/2020 17:58:15] "[37mPOST /receive_block HTTP/1.1[0m" 200 -
Block mined
127.0.0.1 - - [06/Apr/2020 17:58:15] "[37mGET /request_chain HTTP/1.1[0m" 200 -
Average time by now 0.4443249840002793
Number of blocks 52
For node  0 : 94
For node  1 : 86
For node  2 : 110
For node  3 : 102
For node  4 : 108
All money :  500
127.0.0.1 - - [06/Apr/2020 17:58:15] "[37mGET /request_chain HTTP/1.1[0m" 200 -
127.0.0.1 - - [06/Apr/2020 17:58:15] "[37mGET /request_chain HTTP/1.1[0m" 200 -
127.0.0.1 - - [06/Apr/2020 17:58:15] "[37mGET /request_chain HTTP/1.1[0m" 200 -
127.0.0.1 - - [06/Apr/2020 17:58:15] "[37mGET /request_chain HTTP/1.1[0m" 200 -
Actually found a different chain
Average time by now 0.4491409985524303
Number of blocks 53
For node  0 : 94
For node  1 : 86
For node  2 : 120
For node  3 : 92
For node  4 : 108
All money :  500
127.0.0.1 - - [06/Apr/2020 17:58:16] "[37mPOST /receive_block HTTP/1.1[0m" 200 -
127.0.0.1 - - [06/Apr/2020 17:58:16] "[37mGET /request_chain HTTP/1.1[0m" 200 -
127.0.0.1 - - [06/Apr/2020 17:58:16] "[37mGET /request_chain HTTP/1.1[0m" 200 -
Average time by now 0.44400719360068985
Number of blocks 54
For node  0 : 94
For node  1 : 86
For node  2 : 120
For node  3 : 92
For node  4 : 108
All money :  500
127.0.0.1 - - [06/Apr/2020 17:58:16] "[37mPOST /receive_block HTTP/1.1[0m" 200 -
127.0.0.1 - - [06/Apr/2020 17:58:16] "[37mGET /request_chain HTTP/1.1[0m" 200 -
RECEIVE  : Current Transactions not in block: 0
For node  0 : 99
For node  1 : 86
127.0.0.1 - - [06/Apr/2020 17:58:16] "[37mGET /request_chain HTTP/1.1[0m" 200 -
For node  2 : 120
For node  3 : 92
For node  4 : 103
All money :  500
127.0.0.1 - - [06/Apr/2020 17:58:16] "[37mPOST /receive_transaction HTTP/1.1[0m" 200 -
127.0.0.1 - - [06/Apr/2020 17:58:16] "[37mGET /request_chain HTTP/1.1[0m" 200 -
127.0.0.1 - - [06/Apr/2020 17:58:16] "[37mGET /request_chain HTTP/1.1[0m" 200 -
127.0.0.1 - - [06/Apr/2020 17:58:16] "[37mGET /request_chain HTTP/1.1[0m" 200 -
Successful mining and broadcast
Given input UTXO is not found in utxo records
For node  0 : 99
For node  1 : 86
For node  2 : 120
For node  3 : 92
For node  4 : 103
All money :  500
127.0.0.1 - - [06/Apr/2020 17:58:17] "[37mPOST /receive_transaction HTTP/1.1[0m" 200 -
Average time by now 0.4560830723155628
Number of blocks 55
For node  0 : 99
For node  1 : 86
For node  2 : 120
For node  3 : 92
For node  4 : 103
All money :  500
127.0.0.1 - - [06/Apr/2020 17:58:17] "[37mPOST /receive_block HTTP/1.1[0m" 200 -
127.0.0.1 - - [06/Apr/2020 17:58:17] "[37mGET /request_chain HTTP/1.1[0m" 200 -
127.0.0.1 - - [06/Apr/2020 17:58:17] "[37mGET /request_chain HTTP/1.1[0m" 200 -
1586185097.84667 :: Inital block was valid, no need to resolve conflict
Average time by now 0.455854914018086
Number of blocks 56
For node  0 : 99
For node  1 : 86
For node  2 : 120
For node  3 : 92
For node  4 : 103
All money :  500
127.0.0.1 - - [06/Apr/2020 17:58:17] "[37mPOST /receive_block HTTP/1.1[0m" 200 -
127.0.0.1 - - [06/Apr/2020 17:58:17] "[37mGET /request_chain HTTP/1.1[0m" 200 -
127.0.0.1 - - [06/Apr/2020 17:58:17] "[37mGET /request_chain HTTP/1.1[0m" 200 -
127.0.0.1 - - [06/Apr/2020 17:58:17] "[37mGET /request_chain HTTP/1.1[0m" 200 -
127.0.0.1 - - [06/Apr/2020 17:58:17] "[37mGET /request_chain HTTP/1.1[0m" 200 -
127.0.0.1 - - [06/Apr/2020 17:58:17] "[37mGET /request_chain HTTP/1.1[0m" 200 -
Average time by now 0.45126438977425554
Number of blocks 57
For node  0 : 99
For node  1 : 86
For node  2 : 120
For node  3 : 92
For node  4 : 103
All money :  500
127.0.0.1 - - [06/Apr/2020 17:58:18] "[37mPOST /receive_block HTTP/1.1[0m" 200 -
127.0.0.1 - - [06/Apr/2020 17:58:18] "[37mGET /request_chain HTTP/1.1[0m" 200 -
127.0.0.1 - - [06/Apr/2020 17:58:18] "[37mGET /request_chain HTTP/1.1[0m" 200 -
127.0.0.1 - - [06/Apr/2020 17:58:18] "[37mGET /request_chain HTTP/1.1[0m" 200 -
Average time by now 0.44524447260231803
Number of blocks 58
For node  0 : 99
For node  1 : 86
For node  2 : 120
For node  3 : 92
For node  4 : 103
All money :  500
127.0.0.1 - - [06/Apr/2020 17:58:18] "[37mPOST /receive_block HTTP/1.1[0m" 200 -
127.0.0.1 - - [06/Apr/2020 17:58:18] "[37mGET /request_chain HTTP/1.1[0m" 200 -
RECEIVE  : Current Transactions not in block: 0
For node  0 : 99
For node  1 : 81
For node  2 : 120
For node  3 : 92
For node  4 : 108
All money :  500
127.0.0.1 - - [06/Apr/2020 17:58:18] "[37mPOST /receive_transaction HTTP/1.1[0m" 200 -
127.0.0.1 - - [06/Apr/2020 17:58:18] "[37mGET /request_chain HTTP/1.1[0m" 200 -
127.0.0.1 - - [06/Apr/2020 17:58:18] "[37mGET /request_chain HTTP/1.1[0m" 200 -
127.0.0.1 - - [06/Apr/2020 17:58:18] "[37mGET /request_chain HTTP/1.1[0m" 200 -
Average time by now 0.4476106651758743
Number of blocks 59
For node  0 : 99
For node  1 : 81
For node  2 : 120
For node  3 : 92
For node  4 : 108
All money :  500
127.0.0.1 - - [06/Apr/2020 17:58:18] "[37mPOST /receive_block HTTP/1.1[0m" 200 -
127.0.0.1 - - [06/Apr/2020 17:58:19] "[37mGET /request_chain HTTP/1.1[0m" 200 -
1586185099.4211931 :: Inital block was valid, no need to resolve conflict
Average time by now 0.4517067074775695
Number of blocks 60
For node  0 : 99
For node  1 : 81
For node  2 : 120
For node  3 : 92
For node  4 : 108
All money :  500
127.0.0.1 - - [06/Apr/2020 17:58:19] "[37mPOST /receive_block HTTP/1.1[0m" 200 -
127.0.0.1 - - [06/Apr/2020 17:58:19] "[37mGET /request_chain HTTP/1.1[0m" 200 -
127.0.0.1 - - [06/Apr/2020 17:58:19] "[37mGET /request_chain HTTP/1.1[0m" 200 -
127.0.0.1 - - [06/Apr/2020 17:58:19] "[37mGET /request_chain HTTP/1.1[0m" 200 -
RECEIVE  : Current Transactions not in block: 0
For node  0 : 94
For node  1 : 86
For node  2 : 120
For node  3 : 92
For node  4 : 108
All money :  500
127.0.0.1 - - [06/Apr/2020 17:58:19] "[37mPOST /receive_transaction HTTP/1.1[0m" 200 -
127.0.0.1 - - [06/Apr/2020 17:58:19] "[37mGET /request_chain HTTP/1.1[0m" 200 -
127.0.0.1 - - [06/Apr/2020 17:58:19] "[37mGET /request_chain HTTP/1.1[0m" 200 -
Actually found a different chain
127.0.0.1 - - [06/Apr/2020 17:58:19] "[37mGET /request_chain HTTP/1.1[0m" 200 -
Average time by now 0.45429764419305513
Number of blocks 61
For node  0 : 94
For node  1 : 94
For node  2 : 120
For node  3 : 84
For node  4 : 108
All money :  500
127.0.0.1 - - [06/Apr/2020 17:58:20] "[37mPOST /receive_block HTTP/1.1[0m" 200 -
127.0.0.1 - - [06/Apr/2020 17:58:20] "[37mGET /request_chain HTTP/1.1[0m" 200 -
127.0.0.1 - - [06/Apr/2020 17:58:20] "[37mGET /request_chain HTTP/1.1[0m" 200 -
127.0.0.1 - - [06/Apr/2020 17:58:20] "[37mGET /request_chain HTTP/1.1[0m" 200 -
Average time by now 0.44886940140877996
Number of blocks 62
For node  0 : 94
For node  1 : 94
For node  2 : 120
For node  3 : 84
For node  4 : 108
All money :  500
127.0.0.1 - - [06/Apr/2020 17:58:20] "[37mPOST /receive_block HTTP/1.1[0m" 200 -
Average time by now 0.4431854505387563
Number of blocks 63
For node  0 : 94
For node  1 : 94
For node  2 : 120
For node  3 : 84
For node  4 : 108
All money :  500
127.0.0.1 - - [06/Apr/2020 17:58:20] "[37mPOST /receive_block HTTP/1.1[0m" 200 -
127.0.0.1 - - [06/Apr/2020 17:58:20] "[37mGET /request_chain HTTP/1.1[0m" 200 -
127.0.0.1 - - [06/Apr/2020 17:58:20] "[37mGET /request_chain HTTP/1.1[0m" 200 -
Average time by now 0.43773178756237024
Number of blocks 64
For node  0 : 94
For node  1 : 94
For node  2 : 120
For node  3 : 84
For node  4 : 108
All money :  500
127.0.0.1 - - [06/Apr/2020 17:58:20] "[37mPOST /receive_block HTTP/1.1[0m" 200 -
127.0.0.1 - - [06/Apr/2020 17:58:20] "[37mGET /request_chain HTTP/1.1[0m" 200 -
127.0.0.1 - - [06/Apr/2020 17:58:20] "[37mGET /request_chain HTTP/1.1[0m" 200 -
127.0.0.1 - - [06/Apr/2020 17:58:21] "[37mGET /request_chain HTTP/1.1[0m" 200 -
127.0.0.1 - - [06/Apr/2020 17:58:21] "[37mGET /request_chain HTTP/1.1[0m" 200 -
1586185101.5002475 :: Inital block was valid, no need to resolve conflict
Average time by now 0.4489453169015737
Number of blocks 65
For node  0 : 94
For node  1 : 94
For node  2 : 120
For node  3 : 84
For node  4 : 108
All money :  500
127.0.0.1 - - [06/Apr/2020 17:58:21] "[37mPOST /receive_block HTTP/1.1[0m" 200 -
RECEIVE  : Current Transactions not in block: 0
Given input UTXO is not found in utxo records
For node  0 : 94
For node  1 : 94
For node  2 : 120
For node  3 : 84
For node  4 : 108
All money :  500
127.0.0.1 - - [06/Apr/2020 17:58:21] "[37mPOST /receive_transaction HTTP/1.1[0m" 200 -
127.0.0.1 - - [06/Apr/2020 17:58:21] "[37mGET /request_chain HTTP/1.1[0m" 200 -
127.0.0.1 - - [06/Apr/2020 17:58:22] "[37mGET /request_chain HTTP/1.1[0m" 200 -
127.0.0.1 - - [06/Apr/2020 17:58:22] "[37mGET /request_chain HTTP/1.1[0m" 200 -
127.0.0.1 - - [06/Apr/2020 17:58:22] "[37mGET /request_chain HTTP/1.1[0m" 200 -
Average time by now 0.4541339946515632
Number of blocks 66
For node  0 : 94
For node  1 : 94
For node  2 : 120
For node  3 : 84
For node  4 : 108
All money :  500
127.0.0.1 - - [06/Apr/2020 17:58:22] "[37mPOST /receive_block HTTP/1.1[0m" 200 -
127.0.0.1 - - [06/Apr/2020 17:58:22] "[37mGET /request_chain HTTP/1.1[0m" 200 -
127.0.0.1 - - [06/Apr/2020 17:58:22] "[37mGET /request_chain HTTP/1.1[0m" 200 -
127.0.0.1 - - [06/Apr/2020 17:58:22] "[37mGET /request_chain HTTP/1.1[0m" 200 -
127.0.0.1 - - [06/Apr/2020 17:58:22] "[37mGET /request_chain HTTP/1.1[0m" 200 -
RECEIVE  : Current Transactions not in block: 0
For node  0 : 94
For node  1 : 94
For node  2 : 122
For node  3 : 84
For node  4 : 106
All money :  500
127.0.0.1 - - [06/Apr/2020 17:58:22] "[37mPOST /receive_transaction HTTP/1.1[0m" 200 -
Average time by now 0.4540723046260093
Number of blocks 67
For node  0 : 94
For node  1 : 94
For node  2 : 122
For node  3 : 84
For node  4 : 106
All money :  500
127.0.0.1 - - [06/Apr/2020 17:58:22] "[37mPOST /receive_block HTTP/1.1[0m" 200 -
127.0.0.1 - - [06/Apr/2020 17:58:22] "[37mGET /request_chain HTTP/1.1[0m" 200 -
127.0.0.1 - - [06/Apr/2020 17:58:22] "[37mGET /request_chain HTTP/1.1[0m" 200 -
127.0.0.1 - - [06/Apr/2020 17:58:23] "[37mGET /request_chain HTTP/1.1[0m" 200 -
127.0.0.1 - - [06/Apr/2020 17:58:23] "[37mGET /request_chain HTTP/1.1[0m" 200 -
127.0.0.1 - - [06/Apr/2020 17:58:23] "[37mGET /request_chain HTTP/1.1[0m" 200 -
127.0.0.1 - - [06/Apr/2020 17:58:23] "[37mGET /request_chain HTTP/1.1[0m" 200 -
127.0.0.1 - - [06/Apr/2020 17:58:23] "[37mGET /request_chain HTTP/1.1[0m" 200 -
127.0.0.1 - - [06/Apr/2020 17:58:23] "[37mGET /request_chain HTTP/1.1[0m" 200 -
127.0.0.1 - - [06/Apr/2020 17:58:23] "[37mGET /request_chain HTTP/1.1[0m" 200 -
Given input UTXO is not found in utxo records
Actually found a different chain
127.0.0.1 - - [06/Apr/2020 17:58:23] "[37mGET /request_chain HTTP/1.1[0m" 200 -
Average time by now 0.4626090211026808
Number of blocks 68
For node  0 : 94
For node  1 : 94
For node  2 : 122
For node  3 : 84
For node  4 : 106
All money :  500
127.0.0.1 - - [06/Apr/2020 17:58:23] "[37mPOST /receive_block HTTP/1.1[0m" 200 -
127.0.0.1 - - [06/Apr/2020 17:58:23] "[37mGET /request_chain HTTP/1.1[0m" 200 -
127.0.0.1 - - [06/Apr/2020 17:58:23] "[37mGET /request_chain HTTP/1.1[0m" 200 -
Average time by now 0.456847992496214
Number of blocks 69
For node  0 : 94
For node  1 : 94
For node  2 : 122
For node  3 : 84
For node  4 : 106
All money :  500
127.0.0.1 - - [06/Apr/2020 17:58:23] "[37mPOST /receive_block HTTP/1.1[0m" 200 -
127.0.0.1 - - [06/Apr/2020 17:58:23] "[37mGET /request_chain HTTP/1.1[0m" 200 -
127.0.0.1 - - [06/Apr/2020 17:58:23] "[37mGET /request_chain HTTP/1.1[0m" 200 -
Average time by now 0.45120527063097265
Number of blocks 70
For node  0 : 94
For node  1 : 94
For node  2 : 122
For node  3 : 84
For node  4 : 106
All money :  500
127.0.0.1 - - [06/Apr/2020 17:58:23] "[37mPOST /receive_block HTTP/1.1[0m" 200 -
RECEIVE  : Current Transactions not in block: 0
For node  0 : 94
For node  1 : 94
For node  2 : 131
For node  3 : 75
For node  4 : 106
All money :  500
127.0.0.1 - - [06/Apr/2020 17:58:23] "[37mPOST /receive_transaction HTTP/1.1[0m" 200 -
127.0.0.1 - - [06/Apr/2020 17:58:23] "[37mGET /request_chain HTTP/1.1[0m" 200 -
Average time by now 0.44539745089033955
Number of blocks 71
For node  0 : 94
For node  1 : 94
For node  2 : 131
For node  3 : 75
For node  4 : 106
All money :  500
127.0.0.1 - - [06/Apr/2020 17:58:23] "[37mPOST /receive_block HTTP/1.1[0m" 200 -
Average time by now 0.4399199055300818
Number of blocks 72
For node  0 : 94
For node  1 : 94
For node  2 : 131
For node  3 : 75
For node  4 : 106
All money :  500
127.0.0.1 - - [06/Apr/2020 17:58:23] "[37mPOST /receive_block HTTP/1.1[0m" 200 -
127.0.0.1 - - [06/Apr/2020 17:58:24] "[37mGET /request_chain HTTP/1.1[0m" 200 -
For node  0 : 94
For node  1 : 94
For node  2 : 131
For node  3 : 75
For node  4 : 106
All money :  500
127.0.0.1 - - [06/Apr/2020 17:58:24] "[37mPOST /new_transaction HTTP/1.1[0m" 200 -
NEW: Current Transactions not in block: 1
NEW: I have to mine the block, if this tx is valid, I have to make a new one.
127.0.0.1 - - [06/Apr/2020 17:58:24] "[37mGET /request_chain HTTP/1.1[0m" 200 -
Block mined
1586185104.1305134 :: Inital block was valid, no need to resolve conflict
Average time by now 0.4357776184604592
Number of blocks 73
For node  0 : 94
For node  1 : 94
For node  2 : 131
For node  3 : 75
For node  4 : 106
All money :  500
127.0.0.1 - - [06/Apr/2020 17:58:24] "[37mGET /request_chain HTTP/1.1[0m" 200 -
127.0.0.1 - - [06/Apr/2020 17:58:24] "[37mGET /request_chain HTTP/1.1[0m" 200 -
127.0.0.1 - - [06/Apr/2020 17:58:24] "[37mGET /request_chain HTTP/1.1[0m" 200 -
127.0.0.1 - - [06/Apr/2020 17:58:24] "[37mGET /request_chain HTTP/1.1[0m" 200 -
127.0.0.1 - - [06/Apr/2020 17:58:24] "[37mGET /request_chain HTTP/1.1[0m" 200 -
127.0.0.1 - - [06/Apr/2020 17:58:24] "[37mGET /request_chain HTTP/1.1[0m" 200 -
Successful mining and broadcast
127.0.0.1 - - [06/Apr/2020 17:58:25] "[37mGET /request_chain HTTP/1.1[0m" 200 -
1586185105.3838472 :: Inital block was valid, no need to resolve conflict
Average time by now 0.4468249855814753
Number of blocks 74
For node  0 : 94
For node  1 : 93
For node  2 : 130
For node  3 : 77
For node  4 : 106
All money :  500
127.0.0.1 - - [06/Apr/2020 17:58:25] "[37mPOST /receive_block HTTP/1.1[0m" 200 -
127.0.0.1 - - [06/Apr/2020 17:58:25] "[37mGET /request_chain HTTP/1.1[0m" 200 -
Average time by now 0.44288769086201984
Number of blocks 75
For node  0 : 94
For node  1 : 93
For node  2 : 130
For node  3 : 77
For node  4 : 106
All money :  500
127.0.0.1 - - [06/Apr/2020 17:58:25] "[37mPOST /receive_block HTTP/1.1[0m" 200 -
RECEIVE  : Current Transactions not in block: 1
RECEIVE: I have to mine the block, if this tx is valid, I have to make a new one.
127.0.0.1 - - [06/Apr/2020 17:58:25] "[37mGET /request_chain HTTP/1.1[0m" 200 -
127.0.0.1 - - [06/Apr/2020 17:58:25] "[37mGET /request_chain HTTP/1.1[0m" 200 -
Block mined
1586185105.8155813 :: Inital block was valid, no need to resolve conflict
Average time by now 0.44074694733870656
Number of blocks 76
For node  0 : 94
For node  1 : 93
For node  2 : 130
For node  3 : 77
For node  4 : 106
All money :  500
127.0.0.1 - - [06/Apr/2020 17:58:26] "[37mGET /request_chain HTTP/1.1[0m" 200 -
127.0.0.1 - - [06/Apr/2020 17:58:26] "[37mGET /request_chain HTTP/1.1[0m" 200 -
Successful mining and broadcast
For node  0 : 88
For node  1 : 93
For node  2 : 130
For node  3 : 83
For node  4 : 106
All money :  500
127.0.0.1 - - [06/Apr/2020 17:58:26] "[37mPOST /receive_transaction HTTP/1.1[0m" 200 -
Average time by now 0.44455387994840545
Number of blocks 77
For node  0 : 88
For node  1 : 93
For node  2 : 130
For node  3 : 83
For node  4 : 106
All money :  500
127.0.0.1 - - [06/Apr/2020 17:58:26] "[37mPOST /receive_block HTTP/1.1[0m" 200 -
127.0.0.1 - - [06/Apr/2020 17:58:26] "[37mGET /request_chain HTTP/1.1[0m" 200 -
127.0.0.1 - - [06/Apr/2020 17:58:26] "[37mGET /request_chain HTTP/1.1[0m" 200 -
127.0.0.1 - - [06/Apr/2020 17:58:27] "[37mGET /request_chain HTTP/1.1[0m" 200 -
127.0.0.1 - - [06/Apr/2020 17:58:27] "[37mGET /request_chain HTTP/1.1[0m" 200 -
127.0.0.1 - - [06/Apr/2020 17:58:27] "[37mGET /request_chain HTTP/1.1[0m" 200 -
Average time by now 0.44918460723681325
Number of blocks 78
For node  0 : 88
For node  1 : 93
For node  2 : 130
For node  3 : 83
For node  4 : 106
All money :  500
127.0.0.1 - - [06/Apr/2020 17:58:27] "[37mPOST /receive_block HTTP/1.1[0m" 200 -
RECEIVE  : Current Transactions not in block: 1
RECEIVE: I have to mine the block, if this tx is valid, I have to make a new one.
127.0.0.1 - - [06/Apr/2020 17:58:27] "[37mGET /request_chain HTTP/1.1[0m" 200 -
127.0.0.1 - - [06/Apr/2020 17:58:27] "[37mGET /request_chain HTTP/1.1[0m" 200 -
Block mined
Actually found a different chain
127.0.0.1 - - [06/Apr/2020 17:58:27] "[37mGET /request_chain HTTP/1.1[0m" 200 -
Average time by now 0.450626638871205
Number of blocks 79
For node  0 : 88
For node  1 : 93
For node  2 : 137
For node  3 : 76
For node  4 : 106
All money :  500
127.0.0.1 - - [06/Apr/2020 17:58:27] "[37mPOST /receive_block HTTP/1.1[0m" 200 -
Average time by now 0.44549999237060545
Number of blocks 80
For node  0 : 88
For node  1 : 93
For node  2 : 137
For node  3 : 76
For node  4 : 106
All money :  500
127.0.0.1 - - [06/Apr/2020 17:58:27] "[37mPOST /receive_block HTTP/1.1[0m" 200 -
127.0.0.1 - - [06/Apr/2020 17:58:28] "[37mGET /request_chain HTTP/1.1[0m" 200 -
Average time by now 0.44182410063566985
Number of blocks 81
For node  0 : 88
For node  1 : 93
For node  2 : 137
For node  3 : 76
For node  4 : 106
All money :  500
127.0.0.1 - - [06/Apr/2020 17:58:28] "[37mGET /request_chain HTTP/1.1[0m" 200 -
127.0.0.1 - - [06/Apr/2020 17:58:28] "[37mGET /request_chain HTTP/1.1[0m" 200 -
127.0.0.1 - - [06/Apr/2020 17:58:28] "[37mGET /request_chain HTTP/1.1[0m" 200 -
127.0.0.1 - - [06/Apr/2020 17:58:28] "[37mGET /request_chain HTTP/1.1[0m" 200 -
127.0.0.1 - - [06/Apr/2020 17:58:28] "[37mGET /request_chain HTTP/1.1[0m" 200 -
127.0.0.1 - - [06/Apr/2020 17:58:28] "[37mGET /request_chain HTTP/1.1[0m" 200 -
127.0.0.1 - - [06/Apr/2020 17:58:28] "[37mGET /request_chain HTTP/1.1[0m" 200 -
127.0.0.1 - - [06/Apr/2020 17:58:28] "[37mGET /request_chain HTTP/1.1[0m" 200 -
RECEIVE  : Current Transactions not in block: 1
RECEIVE: I have to mine the block, if this tx is valid, I have to make a new one.
1586185108.486218 :: Inital block was valid, no need to resolve conflict
Average time by now 0.4410663232570741
Number of blocks 82
For node  0 : 88
For node  1 : 93
For node  2 : 137
127.0.0.1 - - [06/Apr/2020 17:58:28] "[37mGET /request_chain HTTP/1.1[0m" 200 -
For node  3 : 76
For node  4 : 106
All money :  500
127.0.0.1 - - [06/Apr/2020 17:58:28] "[37mPOST /receive_block HTTP/1.1[0m" 200 -
127.0.0.1 - - [06/Apr/2020 17:58:28] "[37mGET /request_chain HTTP/1.1[0m" 200 -
127.0.0.1 - - [06/Apr/2020 17:58:28] "[37mGET /request_chain HTTP/1.1[0m" 200 -
127.0.0.1 - - [06/Apr/2020 17:58:28] "[37mGET /request_chain HTTP/1.1[0m" 200 -
127.0.0.1 - - [06/Apr/2020 17:58:28] "[37mGET /request_chain HTTP/1.1[0m" 200 -
Successful mining and broadcast
Given input UTXO is not found in utxo records
For node  0 : 88
For node  1 : 93
127.0.0.1 - - [06/Apr/2020 17:58:28] "[37mGET /request_chain HTTP/1.1[0m" 200 -
For node  2 : 137
For node  3 : 76
For node  4 : 106
All money :  500
127.0.0.1 - - [06/Apr/2020 17:58:28] "[37mPOST /receive_transaction HTTP/1.1[0m" 200 -
RECEIVE  : Current Transactions not in block: 0
Given input UTXO is not found in utxo records
For node  0 : 88
For node  1 : 93
For node  2 : 137
For node  3 : 76
For node  4 : 106
All money :  500
127.0.0.1 - - [06/Apr/2020 17:58:28] "[37mPOST /receive_transaction HTTP/1.1[0m" 200 -
Average time by now 0.439744262810213
Number of blocks 83
For node  0 : 88
For node  1 : 93
For node  2 : 137
For node  3 : 76
For node  4 : 106
All money :  500
127.0.0.1 - - [06/Apr/2020 17:58:28] "[37mPOST /receive_block HTTP/1.1[0m" 200 -
RECEIVE  : Current Transactions not in block: 0
For node  0 : 88
For node  1 : 93
For node  2 : 137
For node  3 : 71
For node  4 : 111
All money :  500
127.0.0.1 - - [06/Apr/2020 17:58:28] "[37mPOST /receive_transaction HTTP/1.1[0m" 200 -
Actually found a different chain
127.0.0.1 - - [06/Apr/2020 17:58:29] "[37mGET /request_chain HTTP/1.1[0m" 200 -
Average time by now 0.4395613017536345
Number of blocks 84
For node  0 : 88
For node  1 : 102
For node  2 : 137
For node  3 : 76
For node  4 : 97
All money :  500
127.0.0.1 - - [06/Apr/2020 17:58:29] "[37mPOST /receive_block HTTP/1.1[0m" 200 -
127.0.0.1 - - [06/Apr/2020 17:58:29] "[37mGET /request_chain HTTP/1.1[0m" 200 -
127.0.0.1 - - [06/Apr/2020 17:58:29] "[37mGET /request_chain HTTP/1.1[0m" 200 -
127.0.0.1 - - [06/Apr/2020 17:58:29] "[37mGET /request_chain HTTP/1.1[0m" 200 -
127.0.0.1 - - [06/Apr/2020 17:58:29] "[37mGET /request_chain HTTP/1.1[0m" 200 -
127.0.0.1 - - [06/Apr/2020 17:58:29] "[37mGET /request_chain HTTP/1.1[0m" 200 -
Average time by now 0.43873646960538976
Number of blocks 85
For node  0 : 88
For node  1 : 102
For node  2 : 137
For node  3 : 76
For node  4 : 97
All money :  500
127.0.0.1 - - [06/Apr/2020 17:58:29] "[37mPOST /receive_block HTTP/1.1[0m" 200 -
127.0.0.1 - - [06/Apr/2020 17:58:29] "[37mGET /request_chain HTTP/1.1[0m" 200 -
Actually found a different chain
RECEIVE  : Current Transactions not in block: 0
For node  0 : 88
For node  1 : 92
For node  2 : 147
For node  3 : 71
For node  4 : 102
All money :  500
127.0.0.1 - - [06/Apr/2020 17:58:30] "[37mPOST /receive_transaction HTTP/1.1[0m" 200 -
Average time by now 0.4401152023049288
Number of blocks 86
For node  0 : 88
For node  1 : 92
For node  2 : 147
For node  3 : 71
For node  4 : 102
All money :  500
127.0.0.1 - - [06/Apr/2020 17:58:30] "[37mPOST /receive_block HTTP/1.1[0m" 200 -
Average time by now 0.43810080111711874
Number of blocks 87
For node  0 : 88
For node  1 : 92
For node  2 : 147
For node  3 : 71
For node  4 : 102
All money :  500
127.0.0.1 - - [06/Apr/2020 17:58:30] "[37mPOST /receive_block HTTP/1.1[0m" 200 -
127.0.0.1 - - [06/Apr/2020 17:58:30] "[37mGET /request_chain HTTP/1.1[0m" 200 -
127.0.0.1 - - [06/Apr/2020 17:58:30] "[37mGET /request_chain HTTP/1.1[0m" 200 -
Block mined
127.0.0.1 - - [06/Apr/2020 17:58:31] "[37mGET /request_chain HTTP/1.1[0m" 200 -
Average time by now 0.44277970357374713
Number of blocks 88
For node  0 : 88
For node  1 : 92
For node  2 : 147
For node  3 : 71
For node  4 : 102
All money :  500
127.0.0.1 - - [06/Apr/2020 17:58:31] "[37mGET /request_chain HTTP/1.1[0m" 200 -
127.0.0.1 - - [06/Apr/2020 17:58:31] "[37mGET /request_chain HTTP/1.1[0m" 200 -
127.0.0.1 - - [06/Apr/2020 17:58:31] "[37mGET /request_chain HTTP/1.1[0m" 200 -
Given input UTXO is not found in utxo records
Actually found a different chain
127.0.0.1 - - [06/Apr/2020 17:58:31] "[37mGET /request_chain HTTP/1.1[0m" 200 -
Average time by now 0.4428614203849535
Number of blocks 89
For node  0 : 88
For node  1 : 92
For node  2 : 147
For node  3 : 71
For node  4 : 102
All money :  500
127.0.0.1 - - [06/Apr/2020 17:58:31] "[37mPOST /receive_block HTTP/1.1[0m" 200 -
Average time by now 0.44010943836636013
Number of blocks 90
For node  0 : 88
For node  1 : 92
For node  2 : 147
For node  3 : 71
For node  4 : 102
All money :  500
127.0.0.1 - - [06/Apr/2020 17:58:31] "[37mPOST /receive_block HTTP/1.1[0m" 200 -
127.0.0.1 - - [06/Apr/2020 17:58:32] "[37mGET /request_chain HTTP/1.1[0m" 200 -
127.0.0.1 - - [06/Apr/2020 17:58:32] "[37mGET /request_chain HTTP/1.1[0m" 200 -
Successful mining and broadcast
Given input UTXO is not found in utxo records
For node  0 : 88
For node  1 : 92
For node  2 : 147
For node  3 : 71
For node  4 : 102
All money :  500
127.0.0.1 - - [06/Apr/2020 17:58:32] "[37mPOST /receive_transaction HTTP/1.1[0m" 200 -
127.0.0.1 - - [06/Apr/2020 17:58:32] "[37mGET /request_chain HTTP/1.1[0m" 200 -
127.0.0.1 - - [06/Apr/2020 17:58:32] "[37mGET /request_chain HTTP/1.1[0m" 200 -
127.0.0.1 - - [06/Apr/2020 17:58:32] "[37mGET /request_chain HTTP/1.1[0m" 200 -
RECEIVE  : Current Transactions not in block: 0
For node  0 : 82
For node  1 : 98
For node  2 : 147
For node  3 : 71
For node  4 : 102
All money :  500
127.0.0.1 - - [06/Apr/2020 17:58:33] "[37mPOST /receive_transaction HTTP/1.1[0m" 200 -
127.0.0.1 - - [06/Apr/2020 17:58:33] "[37mGET /request_chain HTTP/1.1[0m" 200 -
127.0.0.1 - - [06/Apr/2020 17:58:33] "[37mGET /request_chain HTTP/1.1[0m" 200 -
127.0.0.1 - - [06/Apr/2020 17:58:33] "[37mGET /request_chain HTTP/1.1[0m" 200 -
127.0.0.1 - - [06/Apr/2020 17:58:33] "[37mGET /request_chain HTTP/1.1[0m" 200 -
127.0.0.1 - - [06/Apr/2020 17:58:33] "[37mGET /request_chain HTTP/1.1[0m" 200 -
127.0.0.1 - - [06/Apr/2020 17:58:33] "[37mGET /request_chain HTTP/1.1[0m" 200 -
127.0.0.1 - - [06/Apr/2020 17:58:33] "[37mGET /request_chain HTTP/1.1[0m" 200 -
127.0.0.1 - - [06/Apr/2020 17:58:33] "[37mGET /request_chain HTTP/1.1[0m" 200 -
Actually found a different chain
127.0.0.1 - - [06/Apr/2020 17:58:33] "[37mGET /request_chain HTTP/1.1[0m" 200 -
Average time by now 0.4540036196237082
Number of blocks 91
For node  0 : 82
For node  1 : 98
For node  2 : 147
For node  3 : 69
For node  4 : 104
All money :  500
127.0.0.1 - - [06/Apr/2020 17:58:33] "[37mPOST /receive_block HTTP/1.1[0m" 200 -
127.0.0.1 - - [06/Apr/2020 17:58:33] "[37mGET /request_chain HTTP/1.1[0m" 200 -
Average time by now 0.4527000603468522
Number of blocks 92
For node  0 : 82
For node  1 : 98
For node  2 : 147
For node  3 : 69
For node  4 : 104
127.0.0.1 - - [06/Apr/2020 17:58:33] "[37mGET /request_chain HTTP/1.1[0m" 200 -
All money :  500
127.0.0.1 - - [06/Apr/2020 17:58:33] "[37mPOST /receive_block HTTP/1.1[0m" 200 -
127.0.0.1 - - [06/Apr/2020 17:58:34] "[37mGET /request_chain HTTP/1.1[0m" 200 -
127.0.0.1 - - [06/Apr/2020 17:58:34] "[37mGET /request_chain HTTP/1.1[0m" 200 -
Average time by now 0.4504156830490276
Number of blocks 93
For node  0 : 82
For node  1 : 98
For node  2 : 147
For node  3 : 69
For node  4 : 104
All money :  500
127.0.0.1 - - [06/Apr/2020 17:58:34] "[37mPOST /receive_block HTTP/1.1[0m" 200 -
127.0.0.1 - - [06/Apr/2020 17:58:34] "[37mGET /request_chain HTTP/1.1[0m" 200 -
127.0.0.1 - - [06/Apr/2020 17:58:34] "[37mGET /request_chain HTTP/1.1[0m" 200 -
Average time by now 0.44695958939004454
Number of blocks 94
For node  0 : 82
For node  1 : 98
For node  2 : 147
For node  3 : 69
For node  4 : 104
All money :  500
127.0.0.1 - - [06/Apr/2020 17:58:34] "[37mPOST /receive_block HTTP/1.1[0m" 200 -
1586185114.4301727 :: Inital block was valid, no need to resolve conflict
Average time by now 0.4432776777367843
Number of blocks 95
For node  0 : 82
For node  1 : 98
For node  2 : 147
For node  3 : 69
For node  4 : 104
All money :  500
127.0.0.1 - - [06/Apr/2020 17:58:34] "[37mPOST /receive_block HTTP/1.1[0m" 200 -
127.0.0.1 - - [06/Apr/2020 17:58:34] "[37mGET /request_chain HTTP/1.1[0m" 200 -
127.0.0.1 - - [06/Apr/2020 17:58:34] "[37mGET /request_chain HTTP/1.1[0m" 200 -
127.0.0.1 - - [06/Apr/2020 17:58:34] "[37mGET /request_chain HTTP/1.1[0m" 200 -
Average time by now 0.4435483291745186
Number of blocks 96
For node  0 : 82
For node  1 : 98
For node  2 : 147
For node  3 : 69
For node  4 : 104
All money :  500
127.0.0.1 - - [06/Apr/2020 17:58:34] "[37mPOST /receive_block HTTP/1.1[0m" 200 -
127.0.0.1 - - [06/Apr/2020 17:58:34] "[37mGET /request_chain HTTP/1.1[0m" 200 -
127.0.0.1 - - [06/Apr/2020 17:58:34] "[37mGET /request_chain HTTP/1.1[0m" 200 -
127.0.0.1 - - [06/Apr/2020 17:58:35] "[37mGET /request_chain HTTP/1.1[0m" 200 -
127.0.0.1 - - [06/Apr/2020 17:58:35] "[37mGET /request_chain HTTP/1.1[0m" 200 -
127.0.0.1 - - [06/Apr/2020 17:58:35] "[37mGET /request_chain HTTP/1.1[0m" 200 -
127.0.0.1 - - [06/Apr/2020 17:58:35] "[37mGET /request_chain HTTP/1.1[0m" 200 -
127.0.0.1 - - [06/Apr/2020 17:58:35] "[37mGET /request_chain HTTP/1.1[0m" 200 -
RECEIVE  : Current Transactions not in block: 0
For node  0 : 82
For node  1 : 90
For node  2 : Average time by now 0.44201842534173397
Number of blocks 97
For node  0 : 82
For node  1 : 90
For node  2 : 155
For node  3 : 69
For node  4 : 104
All money :  500
127.0.0.1 - - [06/Apr/2020 17:58:35] "[37mPOST /receive_block HTTP/1.1[0m" 200 -
155
For node  3 : 69
For node  4 : 104
All money :  500
127.0.0.1 - - [06/Apr/2020 17:58:35] "[37mPOST /receive_transaction HTTP/1.1[0m" 200 -
RECEIVE  : Current Transactions not in block: 1
RECEIVE: I have to mine the block, if this tx is valid, I have to make a new one.
127.0.0.1 - - [06/Apr/2020 17:58:35] "[37mGET /request_chain HTTP/1.1[0m" 200 -
127.0.0.1 - - [06/Apr/2020 17:58:35] "[37mGET /request_chain HTTP/1.1[0m" 200 -
127.0.0.1 - - [06/Apr/2020 17:58:35] "[37mGET /request_chain HTTP/1.1[0m" 200 -
Actually found a different chain
RECEIVE  : Current Transactions not in block: 1
RECEIVE: I have to mine the block, if this tx is valid, I have to make a new one.
Average time by now 0.44366148296667607
Number of blocks 98
For node  0 : 83
For node  1 : 90
For node  2 : 155
For node  3 : 69
For node  4 : 103
All money :  500
127.0.0.1 - - [06/Apr/2020 17:58:35] "[37mPOST /receive_block HTTP/1.1[0m" 200 -
127.0.0.1 - - [06/Apr/2020 17:58:36] "[37mGET /request_chain HTTP/1.1[0m" 200 -
For node  0 : 83
For node  1 : 90
For node  2 : 155
For node  3 : 69
Block mined
For node  4 : 103
All money :  500
127.0.0.1 - - [06/Apr/2020 17:58:36] "[37mPOST /new_transaction HTTP/1.1[0m" 200 -
NEW: Current Transactions not in block: 1
NEW: I have to mine the block, if this tx is valid, I have to make a new one.
Average time by now 0.44560713479013153
Number of blocks 99
For node  0 : 83
For node  1 : 90
For node  2 : 155
For node  3 : 69
For node  4 : 103
All money :  500
127.0.0.1 - - [06/Apr/2020 17:58:36] "[37mPOST /receive_block HTTP/1.1[0m" 200 -
127.0.0.1 - - [06/Apr/2020 17:58:36] "[37mGET /request_chain HTTP/1.1[0m" 200 -
127.0.0.1 - - [06/Apr/2020 17:58:36] "[37mGET /request_chain HTTP/1.1[0m" 200 -
127.0.0.1 - - [06/Apr/2020 17:58:36] "[37mGET /request_chain HTTP/1.1[0m" 200 -
Average time by now 0.44644502878189085
Number of blocks 100
For node  0 : 83
For node  1 : 90
For node  2 : 155
For node  3 : 69
For node  4 : 103
All money :  500
127.0.0.1 - - [06/Apr/2020 17:58:37] "[37mGET /request_chain HTTP/1.1[0m" 200 -
Given input UTXO is not found in utxo records
Actually found a different chain
127.0.0.1 - - [06/Apr/2020 17:58:37] "[37mGET /request_chain HTTP/1.1[0m" 200 -
Block mined
127.0.0.1 - - [06/Apr/2020 17:58:38] "[37mGET /request_chain HTTP/1.1[0m" 200 -
Average time by now 0.45252601935131714
Number of blocks 101
For node  0 : 83
For node  1 : 90
For node  2 : 155
For node  3 : 69
For node  4 : 103
All money :  500
127.0.0.1 - - [06/Apr/2020 17:58:38] "[37mPOST /receive_block HTTP/1.1[0m" 200 -
127.0.0.1 - - [06/Apr/2020 17:58:38] "[37mGET /request_chain HTTP/1.1[0m" 200 -
127.0.0.1 - - [06/Apr/2020 17:58:38] "[37mGET /request_chain HTTP/1.1[0m" 200 -
Successful mining and broadcast
Given input UTXO is not found in utxo records
For node  0 : 83
For node  1 : 90
For node  2 : 155
For node  3 : 69
For node  4 : 103
All money :  500
127.0.0.1 - - [06/Apr/2020 17:58:38] "[37mGET /request_chain HTTP/1.1[0m" 200 -
127.0.0.1 - - [06/Apr/2020 17:58:38] "[37mPOST /receive_transaction HTTP/1.1[0m" 200 -
Average time by now 0.4508977824566411
Number of blocks 102
For node  0 : 83
For node  1 : 90
For node  2 : 155
For node  3 : 69
RECEIVE  : Current Transactions not in block: 0
For node  4 : For node  0 : 103
92
All money :  500
127.0.0.1 - - [06/Apr/2020 17:58:38] "[37mPOST /receive_block HTTP/1.1[0m" 200 -
For node  1 : 81
For node  2 : Block mined
155
For node  3 : 69
For node  4 : 103
All money :  500
127.0.0.1 - - [06/Apr/2020 17:58:38] "[37mPOST /receive_transaction HTTP/1.1[0m" 200 -
Average time by now 0.4491891004506824
Number of blocks 103
For node  0 : 92
For node  1 : 81
For node  2 : 155
For node  3 : 69
For node  4 : 103
All money :  500
127.0.0.1 - - [06/Apr/2020 17:58:38] "[37mGET /request_chain HTTP/1.1[0m" 200 -
Average time by now 0.4465296658185812
Number of blocks 104
For node  0 : 92
For node  1 : 81
For node  2 : 155
For node  3 : 69
For node  4 : 103
All money :  500
127.0.0.1 - - [06/Apr/2020 17:58:38] "[37mGET /request_chain HTTP/1.1[0m" 200 -
127.0.0.1 - - [06/Apr/2020 17:58:39] "[37mGET /request_chain HTTP/1.1[0m" 200 -
127.0.0.1 - - [06/Apr/2020 17:58:39] "[37mGET /request_chain HTTP/1.1[0m" 200 -
127.0.0.1 - - [06/Apr/2020 17:58:39] "[37mGET /request_chain HTTP/1.1[0m" 200 -
127.0.0.1 - - [06/Apr/2020 17:58:39] "[37mGET /request_chain HTTP/1.1[0m" 200 -
127.0.0.1 - - [06/Apr/2020 17:58:39] "[37mGET /request_chain HTTP/1.1[0m" 200 -
127.0.0.1 - - [06/Apr/2020 17:58:39] "[37mGET /request_chain HTTP/1.1[0m" 200 -
127.0.0.1 - - [06/Apr/2020 17:58:39] "[37mGET /request_chain HTTP/1.1[0m" 200 -
127.0.0.1 - - [06/Apr/2020 17:58:39] "[37mGET /request_chain HTTP/1.1[0m" 200 -
127.0.0.1 - - [06/Apr/2020 17:58:40] "[37mGET /request_chain HTTP/1.1[0m" 200 -
Successful mining and broadcast
1586185120.121725 :: Inital block was valid, no need to resolve conflict
Average time by now 0.45526608512515115
Number of blocks 105
For node  0 : 99
For node  1 : 85
For node  2 : 151
For node  3 : 62
For node  4 : 103
All money :  500
127.0.0.1 - - [06/Apr/2020 17:58:40] "[37mPOST /receive_block HTTP/1.1[0m" 200 -
127.0.0.1 - - [06/Apr/2020 17:58:40] "[37mGET /request_chain HTTP/1.1[0m" 200 -
127.0.0.1 - - [06/Apr/2020 17:58:40] "[37mGET /request_chain HTTP/1.1[0m" 200 -
Successful mining and broadcast
Given input UTXO is not found in utxo records
For node  0 : 99
For node  1 : 85
For node  2 : 151
For node  3 : 62
For node  4 : 103
All money :  500
127.0.0.1 - - [06/Apr/2020 17:58:40] "[37mPOST /receive_transaction HTTP/1.1[0m" 200 -
127.0.0.1 - - [06/Apr/2020 17:58:40] "[37mGET /request_chain HTTP/1.1[0m" 200 -
Actually found a different chain
Average time by now 0.45742916161159297
Number of blocks 106
For node  0 : 99
For node  1 : 85
For node  2 : 151
For node  3 : 67
For node  4 : 98
All money :  500
127.0.0.1 - - [06/Apr/2020 17:58:40] "[37mPOST /receive_block HTTP/1.1[0m" 200 -
Average time by now 0.4549427589523458
Number of blocks 107
For node  0 : 99
For node  1 : 85
For node  2 : 151
For node  3 : 67
For node  4 : 98
All money :  500
127.0.0.1 - - [06/Apr/2020 17:58:40] "[37mPOST /receive_block HTTP/1.1[0m" 200 -
127.0.0.1 - - [06/Apr/2020 17:58:41] "[37mGET /request_chain HTTP/1.1[0m" 200 -
127.0.0.1 - - [06/Apr/2020 17:58:41] "[37mGET /request_chain HTTP/1.1[0m" 200 -
127.0.0.1 - - [06/Apr/2020 17:58:41] "[37mGET /request_chain HTTP/1.1[0m" 200 -
127.0.0.1 - - [06/Apr/2020 17:58:41] "[37mGET /request_chain HTTP/1.1[0m" 200 -
127.0.0.1 - - [06/Apr/2020 17:58:41] "[37mGET /request_chain HTTP/1.1[0m" 200 -
Given input UTXO is not found in utxo records
Actually found a different chain
Average time by now 0.46424733930163914
Number of blocks 108
For node  0 : 99
For node  1 : 85
For node  2 : 151
For node  3 : 67
For node  4 : 98
All money :  500
127.0.0.1 - - [06/Apr/2020 17:58:42] "[37mPOST /receive_block HTTP/1.1[0m" 200 -
127.0.0.1 - - [06/Apr/2020 17:58:42] "[37mGET /request_chain HTTP/1.1[0m" 200 -
127.0.0.1 - - [06/Apr/2020 17:58:42] "[37mGET /request_chain HTTP/1.1[0m" 200 -
127.0.0.1 - - [06/Apr/2020 17:58:42] "[37mGET /request_chain HTTP/1.1[0m" 200 -
127.0.0.1 - - [06/Apr/2020 17:58:42] "[37mGET /request_chain HTTP/1.1[0m" 200 -
RECEIVE  : Current Transactions not in block: 1
RECEIVE: I have to mine the block, if this tx is valid, I have to make a new one.
127.0.0.1 - - [06/Apr/2020 17:58:43] "[37mGET /request_chain HTTP/1.1[0m" 200 -
Block mined
1586185123.1429548 :: Inital block was valid, no need to resolve conflict
Average time by now 0.46627656035467024
Number of blocks 109
For node  0 : 99
For node  1 : 85
For node  2 : 151
For node  3 : 67
For node  4 : 98
All money :  500
127.0.0.1 - - [06/Apr/2020 17:58:43] "[37mGET /request_chain HTTP/1.1[0m" 200 -
Average time by now 0.4636919129978527
Number of blocks 110
For node  0 : 99
For node  1 : 85
For node  2 : 151
For node  3 : 67
For node  4 : 98
All money :  500
127.0.0.1 - - [06/Apr/2020 17:58:43] "[37mPOST /receive_block HTTP/1.1[0m" 200 -
127.0.0.1 - - [06/Apr/2020 17:58:43] "[37mGET /request_chain HTTP/1.1[0m" 200 -
127.0.0.1 - - [06/Apr/2020 17:58:43] "[37mGET /request_chain HTTP/1.1[0m" 200 -
Average time by now 0.4634138463853716
Number of blocks 111
For node  0 : 99
For node  1 : 85
For node  2 : 151
For node  3 : 67
For node  4 : 98
All money :  500
127.0.0.1 - - [06/Apr/2020 17:58:43] "[37mPOST /receive_block HTTP/1.1[0m" 200 -
127.0.0.1 - - [06/Apr/2020 17:58:43] "[37mGET /request_chain HTTP/1.1[0m" 200 -
127.0.0.1 - - [06/Apr/2020 17:58:43] "[37mGET /request_chain HTTP/1.1[0m" 200 -
127.0.0.1 - - [06/Apr/2020 17:58:43] "[37mGET /request_chain HTTP/1.1[0m" 200 -
Average time by now 0.46181551047733854
Number of blocks 112
For node  0 : 99
For node  1 : 85
For node  2 : 151
For node  3 : 67
For node  4 : 98
All money :  500
127.0.0.1 - - [06/Apr/2020 17:58:44] "[37mPOST /receive_block HTTP/1.1[0m" 200 -
127.0.0.1 - - [06/Apr/2020 17:58:44] "[37mGET /request_chain HTTP/1.1[0m" 200 -
127.0.0.1 - - [06/Apr/2020 17:58:44] "[37mGET /request_chain HTTP/1.1[0m" 200 -
127.0.0.1 - - [06/Apr/2020 17:58:44] "[37mGET /request_chain HTTP/1.1[0m" 200 -
127.0.0.1 - - [06/Apr/2020 17:58:44] "[37mGET /request_chain HTTP/1.1[0m" 200 -
127.0.0.1 - - [06/Apr/2020 17:58:44] "[37mGET /request_chain HTTP/1.1[0m" 200 -
RECEIVE  : Current Transactions not in block: 0
Given input UTXO is not found in utxo records
For node  0 : 99
For node  1 : 85
For node  2 : 151
For node  3 : 67
For node  4 : 98
All money :  500
127.0.0.1 - - [06/Apr/2020 17:58:44] "[37mPOST /receive_transaction HTTP/1.1[0m" 200 -
127.0.0.1 - - [06/Apr/2020 17:58:44] "[37mGET /request_chain HTTP/1.1[0m" 200 -
127.0.0.1 - - [06/Apr/2020 17:58:44] "[37mGET /request_chain HTTP/1.1[0m" 200 -
127.0.0.1 - - [06/Apr/2020 17:58:44] "[37mGET /request_chain HTTP/1.1[0m" 200 -
Successful mining and broadcast
For node  0 : 93
For node  1 : 85
For node  2 : 151
For node  3 : 67
For node  4 : 104
All money :  500
127.0.0.1 - - [06/Apr/2020 17:58:44] "[37mPOST /receive_transaction HTTP/1.1[0m" 200 -
Average time by now 0.4617584447945114
Number of blocks 113
For node  0 : 93
For node  1 : 85
For node  2 : 151
For node  3 : 67
For node  4 : 104
All money :  500
127.0.0.1 - - [06/Apr/2020 17:58:44] "[37mPOST /receive_block HTTP/1.1[0m" 200 -
127.0.0.1 - - [06/Apr/2020 17:58:44] "[37mGET /request_chain HTTP/1.1[0m" 200 -
127.0.0.1 - - [06/Apr/2020 17:58:44] "[37mGET /request_chain HTTP/1.1[0m" 200 -
127.0.0.1 - - [06/Apr/2020 17:58:44] "[37mGET /request_chain HTTP/1.1[0m" 200 -
Actually found a different chain
Average time by now 0.46448485893115665
Number of blocks 114
For node  0 : 93
For node  1 : 85
For node  2 : 151
For node  3 : 59
For node  4 : 112
All money :  500
127.0.0.1 - - [06/Apr/2020 17:58:45] "[37mPOST /receive_block HTTP/1.1[0m" 200 -
127.0.0.1 - - [06/Apr/2020 17:58:45] "[37mGET /request_chain HTTP/1.1[0m" 200 -
127.0.0.1 - - [06/Apr/2020 17:58:45] "[37mGET /request_chain HTTP/1.1[0m" 200 -
Average time by now 0.46163003341011377
Number of blocks 115
For node  0 : 93
For node  1 : 85
For node  2 : 151
For node  3 : 59
For node  4 : 112
All money :  500
127.0.0.1 - - [06/Apr/2020 17:58:45] "[37mPOST /receive_block HTTP/1.1[0m" 200 -
127.0.0.1 - - [06/Apr/2020 17:58:45] "[37mGET /request_chain HTTP/1.1[0m" 200 -
127.0.0.1 - - [06/Apr/2020 17:58:45] "[37mGET /request_chain HTTP/1.1[0m" 200 -
127.0.0.1 - - [06/Apr/2020 17:58:45] "[37mGET /request_chain HTTP/1.1[0m" 200 -
Given input UTXO is not found in utxo records
Actually found a different chain
127.0.0.1 - - [06/Apr/2020 17:58:46] "[37mGET /request_chain HTTP/1.1[0m" 200 -
Average time by now 0.4687184917515722
Number of blocks 116
For node  0 : 93
For node  1 : 85
For node  2 : 151
For node  3 : 59
For node  4 : 112
All money :  500
127.0.0.1 - - [06/Apr/2020 17:58:46] "[37mPOST /receive_block HTTP/1.1[0m" 200 -
Average time by now 0.46536052328908545
Number of blocks 117
For node  0 : 93
For node  1 : 85
For node  2 : 151
For node  3 : 59
For node  4 : 112
All money :  500
127.0.0.1 - - [06/Apr/2020 17:58:46] "[37mPOST /receive_block HTTP/1.1[0m" 200 -
For node  0 : 93
For node  1 : 85
For node  2 : 151
For node  3 : 59
For node  4 : 112
All money :  500
127.0.0.1 - - [06/Apr/2020 17:58:46] "[37mPOST /new_transaction HTTP/1.1[0m" 200 -
127.0.0.1 - - [06/Apr/2020 17:58:46] "[37mGET /request_chain HTTP/1.1[0m" 200 -
NEW: Current Transactions not in block: 0
127.0.0.1 - - [06/Apr/2020 17:58:46] "[37mGET /request_chain HTTP/1.1[0m" 200 -
127.0.0.1 - - [06/Apr/2020 17:58:46] "[37mGET /request_chain HTTP/1.1[0m" 200 -
RECEIVE  : Current Transactions not in block: 1
RECEIVE: I have to mine the block, if this tx is valid, I have to make a new one.
127.0.0.1 - - [06/Apr/2020 17:58:47] "[37mGET /request_chain HTTP/1.1[0m" 200 -
127.0.0.1 - - [06/Apr/2020 17:58:47] "[37mGET /request_chain HTTP/1.1[0m" 200 -
Block mined
1586185127.3324933 :: Inital block was valid, no need to resolve conflict
Average time by now 0.466217614836612
Number of blocks 118
For node  0 : 93
For node  1 : 88
For node  2 : 148
For node  3 : 59
For node  4 : 112
All money :  500
Average time by now 0.4632009017367323
Number of blocks 119
For node  0 : 93
For node  1 : 88
For node  2 : 148
For node  3 : 59
For node  4 : 112
All money :  500
127.0.0.1 - - [06/Apr/2020 17:58:47] "[37mPOST /receive_block HTTP/1.1[0m" 200 -
127.0.0.1 - - [06/Apr/2020 17:58:47] "[37mGET /request_chain HTTP/1.1[0m" 200 -
127.0.0.1 - - [06/Apr/2020 17:58:47] "[37mGET /request_chain HTTP/1.1[0m" 200 -
127.0.0.1 - - [06/Apr/2020 17:58:47] "[37mGET /request_chain HTTP/1.1[0m" 200 -
127.0.0.1 - - [06/Apr/2020 17:58:48] "[37mGET /request_chain HTTP/1.1[0m" 200 -
Average time by now 0.46714657346407573
Number of blocks 120
For node  0 : 93
For node  1 : 88
For node  2 : 148
For node  3 : 59
For node  4 : 112
All money :  500
127.0.0.1 - - [06/Apr/2020 17:58:48] "[37mPOST /receive_block HTTP/1.1[0m" 200 -
127.0.0.1 - - [06/Apr/2020 17:58:48] "[37mGET /request_chain HTTP/1.1[0m" 200 -
127.0.0.1 - - [06/Apr/2020 17:58:48] "[37mGET /request_chain HTTP/1.1[0m" 200 -
RECEIVE  : Current Transactions not in block: 0
For node  0 : 93
For node  1 : 81
For node  2 : 155
For node  3 : 59
For node  4 : 112
All money :  500
127.0.0.1 - - [06/Apr/2020 17:58:48] "[37mPOST /receive_transaction HTTP/1.1[0m" 200 -
Average time by now 0.46702739226916606
Number of blocks 121
For node  0 : 93
For node  1 : 81
For node  2 : 155
For node  3 : 59
For node  4 : 112
All money :  500
127.0.0.1 - - [06/Apr/2020 17:58:48] "[37mPOST /receive_block HTTP/1.1[0m" 200 -
127.0.0.1 - - [06/Apr/2020 17:58:48] "[37mGET /request_chain HTTP/1.1[0m" 200 -
127.0.0.1 - - [06/Apr/2020 17:58:48] "[37mGET /request_chain HTTP/1.1[0m" 200 -
127.0.0.1 - - [06/Apr/2020 17:58:49] "[37mGET /request_chain HTTP/1.1[0m" 200 -
127.0.0.1 - - [06/Apr/2020 17:58:49] "[37mGET /request_chain HTTP/1.1[0m" 200 -
127.0.0.1 - - [06/Apr/2020 17:58:49] "[37mGET /request_chain HTTP/1.1[0m" 200 -
Successful mining and broadcast
Given input UTXO is not found in utxo records
For node  0 : 93
For node  1 : 81
For node  2 : 155
For node  3 : 59
For node  4 : 112
All money :  500
127.0.0.1 - - [06/Apr/2020 17:58:49] "[37mPOST /receive_transaction HTTP/1.1[0m" 200 -
127.0.0.1 - - [06/Apr/2020 17:58:49] "[37mGET /request_chain HTTP/1.1[0m" 200 -
[2020-04-06 17:58:50,257] ERROR in app: Exception on /new_transaction [POST]
Traceback (most recent call last):
  File "/home/nikitas/anaconda3/lib/python3.7/site-packages/urllib3/connectionpool.py", line 600, in urlopen
    chunked=chunked)
  File "/home/nikitas/anaconda3/lib/python3.7/site-packages/urllib3/connectionpool.py", line 384, in _make_request
    six.raise_from(e, None)
  File "<string>", line 2, in raise_from
  File "/home/nikitas/anaconda3/lib/python3.7/site-packages/urllib3/connectionpool.py", line 380, in _make_request
    httplib_response = conn.getresponse()
  File "/home/nikitas/anaconda3/lib/python3.7/http/client.py", line 1336, in getresponse
    response.begin()
  File "/home/nikitas/anaconda3/lib/python3.7/http/client.py", line 306, in begin
    version, status, reason = self._read_status()
  File "/home/nikitas/anaconda3/lib/python3.7/http/client.py", line 275, in _read_status
    raise RemoteDisconnected("Remote end closed connection without"
http.client.RemoteDisconnected: Remote end closed connection without response

During handling of the above exception, another exception occurred:

Traceback (most recent call last):
  File "/home/nikitas/anaconda3/lib/python3.7/site-packages/requests/adapters.py", line 449, in send
    timeout=timeout
  File "/home/nikitas/anaconda3/lib/python3.7/site-packages/urllib3/connectionpool.py", line 638, in urlopen
    _stacktrace=sys.exc_info()[2])
  File "/home/nikitas/anaconda3/lib/python3.7/site-packages/urllib3/util/retry.py", line 368, in increment
    raise six.reraise(type(error), error, _stacktrace)
  File "/home/nikitas/anaconda3/lib/python3.7/site-packages/urllib3/packages/six.py", line 685, in reraise
    raise value.with_traceback(tb)
  File "/home/nikitas/anaconda3/lib/python3.7/site-packages/urllib3/connectionpool.py", line 600, in urlopen
    chunked=chunked)
  File "/home/nikitas/anaconda3/lib/python3.7/site-packages/urllib3/connectionpool.py", line 384, in _make_request
    six.raise_from(e, None)
  File "<string>", line 2, in raise_from
  File "/home/nikitas/anaconda3/lib/python3.7/site-packages/urllib3/connectionpool.py", line 380, in _make_request
    httplib_response = conn.getresponse()
  File "/home/nikitas/anaconda3/lib/python3.7/http/client.py", line 1336, in getresponse
    response.begin()
  File "/home/nikitas/anaconda3/lib/python3.7/http/client.py", line 306, in begin
    version, status, reason = self._read_status()
  File "/home/nikitas/anaconda3/lib/python3.7/http/client.py", line 275, in _read_status
    raise RemoteDisconnected("Remote end closed connection without"
urllib3.exceptions.ProtocolError: ('Connection aborted.', RemoteDisconnected('Remote end closed connection without response'))

During handling of the above exception, another exception occurred:

Traceback (most recent call last):
  File "/home/nikitas/anaconda3/lib/python3.7/site-packages/flask/app.py", line 2446, in wsgi_app
    response = self.full_dispatch_request()
  File "/home/nikitas/anaconda3/lib/python3.7/site-packages/flask/app.py", line 1951, in full_dispatch_request
    rv = self.handle_user_exception(e)
  File "/home/nikitas/anaconda3/lib/python3.7/site-packages/flask/app.py", line 1820, in handle_user_exception
    reraise(exc_type, exc_value, tb)
  File "/home/nikitas/anaconda3/lib/python3.7/site-packages/flask/_compat.py", line 39, in reraise
    raise value
  File "/home/nikitas/anaconda3/lib/python3.7/site-packages/flask/app.py", line 1949, in full_dispatch_request
    rv = self.dispatch_request()
  File "/home/nikitas/anaconda3/lib/python3.7/site-packages/flask/app.py", line 1935, in dispatch_request
    return self.view_functions[rule.endpoint](**req.view_args)
  File "/home/nikitas/Desktop/distrib/noobcash/broadcast.py", line 224, in cli_new_transaction
    if (new_transaction(node['pub'], amount)):
  File "/home/nikitas/Desktop/distrib/noobcash/broadcast.py", line 84, in new_transaction
    ret = broadcast_transaction(t,new_id)
  File "/home/nikitas/Desktop/distrib/noobcash/broadcast.py", line 29, in broadcast_transaction
    return broadcast(json_t,'receive_transaction',node_id)
  File "/home/nikitas/Desktop/distrib/noobcash/broadcast.py", line 44, in broadcast
    response = requests.post('{}/{}'.format(ip,rest_point), json=json_obj)
  File "/home/nikitas/anaconda3/lib/python3.7/site-packages/requests/api.py", line 116, in post
    return request('post', url, data=data, json=json, **kwargs)
  File "/home/nikitas/anaconda3/lib/python3.7/site-packages/requests/api.py", line 60, in request
    return session.request(method=method, url=url, **kwargs)
  File "/home/nikitas/anaconda3/lib/python3.7/site-packages/requests/sessions.py", line 533, in request
    resp = self.send(prep, **send_kwargs)
  File "/home/nikitas/anaconda3/lib/python3.7/site-packages/requests/sessions.py", line 646, in send
    r = adapter.send(request, **kwargs)
  File "/home/nikitas/anaconda3/lib/python3.7/site-packages/requests/adapters.py", line 498, in send
    raise ConnectionError(err, request=request)
requests.exceptions.ConnectionError: ('Connection aborted.', RemoteDisconnected('Remote end closed connection without response'))
127.0.0.1 - - [06/Apr/2020 17:58:50] "[1m[35mPOST /new_transaction HTTP/1.1[0m" 500 -
NEW: Current Transactions not in block: 1
NEW: I have to mine the block, if this tx is valid, I have to make a new one.
Block mined
1586185130.303969 :: Inital block was valid, no need to resolve conflict
Average time by now 0.47528822891047745
Number of blocks 122
For node  0 : 93
For node  1 : 81
For node  2 : 155
For node  3 : 59
For node  4 : 112
All money :  500
[2020-04-06 17:58:50,307] ERROR in app: Exception on /new_transaction [POST]
Traceback (most recent call last):
  File "/home/nikitas/anaconda3/lib/python3.7/site-packages/urllib3/connection.py", line 159, in _new_conn
    (self._dns_host, self.port), self.timeout, **extra_kw)
  File "/home/nikitas/anaconda3/lib/python3.7/site-packages/urllib3/util/connection.py", line 80, in create_connection
    raise err
  File "/home/nikitas/anaconda3/lib/python3.7/site-packages/urllib3/util/connection.py", line 70, in create_connection
    sock.connect(sa)
ConnectionRefusedError: [Errno 111] Connection refused

During handling of the above exception, another exception occurred:

Traceback (most recent call last):
  File "/home/nikitas/anaconda3/lib/python3.7/site-packages/urllib3/connectionpool.py", line 600, in urlopen
    chunked=chunked)
  File "/home/nikitas/anaconda3/lib/python3.7/site-packages/urllib3/connectionpool.py", line 354, in _make_request
    conn.request(method, url, **httplib_request_kw)
  File "/home/nikitas/anaconda3/lib/python3.7/http/client.py", line 1244, in request
    self._send_request(method, url, body, headers, encode_chunked)
  File "/home/nikitas/anaconda3/lib/python3.7/http/client.py", line 1290, in _send_request
    self.endheaders(body, encode_chunked=encode_chunked)
  File "/home/nikitas/anaconda3/lib/python3.7/http/client.py", line 1239, in endheaders
    self._send_output(message_body, encode_chunked=encode_chunked)
  File "/home/nikitas/anaconda3/lib/python3.7/http/client.py", line 1026, in _send_output
    self.send(msg)
  File "/home/nikitas/anaconda3/lib/python3.7/http/client.py", line 966, in send
    self.connect()
  File "/home/nikitas/anaconda3/lib/python3.7/site-packages/urllib3/connection.py", line 181, in connect
    conn = self._new_conn()
  File "/home/nikitas/anaconda3/lib/python3.7/site-packages/urllib3/connection.py", line 168, in _new_conn
    self, "Failed to establish a new connection: %s" % e)
urllib3.exceptions.NewConnectionError: <urllib3.connection.HTTPConnection object at 0x7fe38ed90c50>: Failed to establish a new connection: [Errno 111] Connection refused

During handling of the above exception, another exception occurred:

Traceback (most recent call last):
  File "/home/nikitas/anaconda3/lib/python3.7/site-packages/requests/adapters.py", line 449, in send
    timeout=timeout
  File "/home/nikitas/anaconda3/lib/python3.7/site-packages/urllib3/connectionpool.py", line 638, in urlopen
    _stacktrace=sys.exc_info()[2])
  File "/home/nikitas/anaconda3/lib/python3.7/site-packages/urllib3/util/retry.py", line 399, in increment
    raise MaxRetryError(_pool, url, error or ResponseError(cause))
urllib3.exceptions.MaxRetryError: HTTPConnectionPool(host='localhost', port=1234): Max retries exceeded with url: /receive_block (Caused by NewConnectionError('<urllib3.connection.HTTPConnection object at 0x7fe38ed90c50>: Failed to establish a new connection: [Errno 111] Connection refused'))

During handling of the above exception, another exception occurred:

Traceback (most recent call last):
  File "/home/nikitas/anaconda3/lib/python3.7/site-packages/flask/app.py", line 2446, in wsgi_app
    response = self.full_dispatch_request()
  File "/home/nikitas/anaconda3/lib/python3.7/site-packages/flask/app.py", line 1951, in full_dispatch_request
    rv = self.handle_user_exception(e)
  File "/home/nikitas/anaconda3/lib/python3.7/site-packages/flask/app.py", line 1820, in handle_user_exception
    reraise(exc_type, exc_value, tb)
  File "/home/nikitas/anaconda3/lib/python3.7/site-packages/flask/_compat.py", line 39, in reraise
    raise value
  File "/home/nikitas/anaconda3/lib/python3.7/site-packages/flask/app.py", line 1949, in full_dispatch_request
    rv = self.dispatch_request()
  File "/home/nikitas/anaconda3/lib/python3.7/site-packages/flask/app.py", line 1935, in dispatch_request
    return self.view_functions[rule.endpoint](**req.view_args)
  File "/home/nikitas/Desktop/distrib/noobcash/broadcast.py", line 224, in cli_new_transaction
    if (new_transaction(node['pub'], amount)):
  File "/home/nikitas/Desktop/distrib/noobcash/broadcast.py", line 80, in new_transaction
    ret = State.state.mine_and_broadcast_block()
  File "/home/nikitas/Desktop/distrib/noobcash/state.py", line 93, in mine_and_broadcast_block
    if not (broadcast.broadcast_block(block)):
  File "/home/nikitas/Desktop/distrib/noobcash/broadcast.py", line 24, in broadcast_block
    return broadcast(json_block,'receive_block',node_id)
  File "/home/nikitas/Desktop/distrib/noobcash/broadcast.py", line 44, in broadcast
    response = requests.post('{}/{}'.format(ip,rest_point), json=json_obj)
  File "/home/nikitas/anaconda3/lib/python3.7/site-packages/requests/api.py", line 116, in post
    return request('post', url, data=data, json=json, **kwargs)
  File "/home/nikitas/anaconda3/lib/python3.7/site-packages/requests/api.py", line 60, in request
    return session.request(method=method, url=url, **kwargs)
  File "/home/nikitas/anaconda3/lib/python3.7/site-packages/requests/sessions.py", line 533, in request
    resp = self.send(prep, **send_kwargs)
  File "/home/nikitas/anaconda3/lib/python3.7/site-packages/requests/sessions.py", line 646, in send
    r = adapter.send(request, **kwargs)
  File "/home/nikitas/anaconda3/lib/python3.7/site-packages/requests/adapters.py", line 516, in send
    raise ConnectionError(e, request=request)
requests.exceptions.ConnectionError: HTTPConnectionPool(host='localhost', port=1234): Max retries exceeded with url: /receive_block (Caused by NewConnectionError('<urllib3.connection.HTTPConnection object at 0x7fe38ed90c50>: Failed to establish a new connection: [Errno 111] Connection refused'))
127.0.0.1 - - [06/Apr/2020 17:58:50] "[1m[35mPOST /new_transaction HTTP/1.1[0m" 500 -
NEW: Current Transactions not in block: 0
[2020-04-06 17:58:50,327] ERROR in app: Exception on /new_transaction [POST]
Traceback (most recent call last):
  File "/home/nikitas/anaconda3/lib/python3.7/site-packages/urllib3/connection.py", line 159, in _new_conn
    (self._dns_host, self.port), self.timeout, **extra_kw)
  File "/home/nikitas/anaconda3/lib/python3.7/site-packages/urllib3/util/connection.py", line 80, in create_connection
    raise err
  File "/home/nikitas/anaconda3/lib/python3.7/site-packages/urllib3/util/connection.py", line 70, in create_connection
    sock.connect(sa)
ConnectionRefusedError: [Errno 111] Connection refused

During handling of the above exception, another exception occurred:

Traceback (most recent call last):
  File "/home/nikitas/anaconda3/lib/python3.7/site-packages/urllib3/connectionpool.py", line 600, in urlopen
    chunked=chunked)
  File "/home/nikitas/anaconda3/lib/python3.7/site-packages/urllib3/connectionpool.py", line 354, in _make_request
    conn.request(method, url, **httplib_request_kw)
  File "/home/nikitas/anaconda3/lib/python3.7/http/client.py", line 1244, in request
    self._send_request(method, url, body, headers, encode_chunked)
  File "/home/nikitas/anaconda3/lib/python3.7/http/client.py", line 1290, in _send_request
    self.endheaders(body, encode_chunked=encode_chunked)
  File "/home/nikitas/anaconda3/lib/python3.7/http/client.py", line 1239, in endheaders
    self._send_output(message_body, encode_chunked=encode_chunked)
  File "/home/nikitas/anaconda3/lib/python3.7/http/client.py", line 1026, in _send_output
    self.send(msg)
  File "/home/nikitas/anaconda3/lib/python3.7/http/client.py", line 966, in send
    self.connect()
  File "/home/nikitas/anaconda3/lib/python3.7/site-packages/urllib3/connection.py", line 181, in connect
    conn = self._new_conn()
  File "/home/nikitas/anaconda3/lib/python3.7/site-packages/urllib3/connection.py", line 168, in _new_conn
    self, "Failed to establish a new connection: %s" % e)
urllib3.exceptions.NewConnectionError: <urllib3.connection.HTTPConnection object at 0x7fe38eda5c90>: Failed to establish a new connection: [Errno 111] Connection refused

During handling of the above exception, another exception occurred:

Traceback (most recent call last):
  File "/home/nikitas/anaconda3/lib/python3.7/site-packages/requests/adapters.py", line 449, in send
    timeout=timeout
  File "/home/nikitas/anaconda3/lib/python3.7/site-packages/urllib3/connectionpool.py", line 638, in urlopen
    _stacktrace=sys.exc_info()[2])
  File "/home/nikitas/anaconda3/lib/python3.7/site-packages/urllib3/util/retry.py", line 399, in increment
    raise MaxRetryError(_pool, url, error or ResponseError(cause))
urllib3.exceptions.MaxRetryError: HTTPConnectionPool(host='localhost', port=1234): Max retries exceeded with url: /receive_transaction (Caused by NewConnectionError('<urllib3.connection.HTTPConnection object at 0x7fe38eda5c90>: Failed to establish a new connection: [Errno 111] Connection refused'))

During handling of the above exception, another exception occurred:

Traceback (most recent call last):
  File "/home/nikitas/anaconda3/lib/python3.7/site-packages/flask/app.py", line 2446, in wsgi_app
    response = self.full_dispatch_request()
  File "/home/nikitas/anaconda3/lib/python3.7/site-packages/flask/app.py", line 1951, in full_dispatch_request
    rv = self.handle_user_exception(e)
  File "/home/nikitas/anaconda3/lib/python3.7/site-packages/flask/app.py", line 1820, in handle_user_exception
    reraise(exc_type, exc_value, tb)
  File "/home/nikitas/anaconda3/lib/python3.7/site-packages/flask/_compat.py", line 39, in reraise
    raise value
  File "/home/nikitas/anaconda3/lib/python3.7/site-packages/flask/app.py", line 1949, in full_dispatch_request
    rv = self.dispatch_request()
  File "/home/nikitas/anaconda3/lib/python3.7/site-packages/flask/app.py", line 1935, in dispatch_request
    return self.view_functions[rule.endpoint](**req.view_args)
  File "/home/nikitas/Desktop/distrib/noobcash/broadcast.py", line 224, in cli_new_transaction
    if (new_transaction(node['pub'], amount)):
  File "/home/nikitas/Desktop/distrib/noobcash/broadcast.py", line 84, in new_transaction
    ret = broadcast_transaction(t,new_id)
  File "/home/nikitas/Desktop/distrib/noobcash/broadcast.py", line 29, in broadcast_transaction
    return broadcast(json_t,'receive_transaction',node_id)
  File "/home/nikitas/Desktop/distrib/noobcash/broadcast.py", line 44, in broadcast
    response = requests.post('{}/{}'.format(ip,rest_point), json=json_obj)
  File "/home/nikitas/anaconda3/lib/python3.7/site-packages/requests/api.py", line 116, in post
    return request('post', url, data=data, json=json, **kwargs)
  File "/home/nikitas/anaconda3/lib/python3.7/site-packages/requests/api.py", line 60, in request
    return session.request(method=method, url=url, **kwargs)
  File "/home/nikitas/anaconda3/lib/python3.7/site-packages/requests/sessions.py", line 533, in request
    resp = self.send(prep, **send_kwargs)
  File "/home/nikitas/anaconda3/lib/python3.7/site-packages/requests/sessions.py", line 646, in send
    r = adapter.send(request, **kwargs)
  File "/home/nikitas/anaconda3/lib/python3.7/site-packages/requests/adapters.py", line 516, in send
    raise ConnectionError(e, request=request)
requests.exceptions.ConnectionError: HTTPConnectionPool(host='localhost', port=1234): Max retries exceeded with url: /receive_transaction (Caused by NewConnectionError('<urllib3.connection.HTTPConnection object at 0x7fe38eda5c90>: Failed to establish a new connection: [Errno 111] Connection refused'))
127.0.0.1 - - [06/Apr/2020 17:58:50] "[1m[35mPOST /new_transaction HTTP/1.1[0m" 500 -
NEW: Current Transactions not in block: 1
NEW: I have to mine the block, if this tx is valid, I have to make a new one.
